#
# There is insufficient memory for the Java Runtime Environment to continue.
# Native memory allocation (mmap) failed to map 65536 bytes for Failed to commit metaspace.
# Possible reasons:
#   The system is out of physical RAM or swap space
#   The process is running with CompressedOops enabled, and the Java Heap may be blocking the growth of the native heap
# Possible solutions:
#   Reduce memory load on the system
#   Increase physical memory or swap space
#   Check if swap backing store is full
#   Decrease Java heap size (-Xmx/-Xms)
#   Decrease number of Java threads
#   Decrease Java thread stack sizes (-Xss)
#   Set larger code cache with -XX:ReservedCodeCacheSize=
#   JVM is running with Unscaled Compressed Oops mode in which the Java heap is
#     placed in the first 4GB address space. The Java Heap base address is the
#     maximum limit for the native heap growth. Please use -XX:HeapBaseMinAddress
#     to set the Java Heap base and to place the Java Heap above 4GB virtual address.
# This output file may be truncated or incomplete.
#
#  Out of Memory Error (virtualSpaceNode.cpp:112), pid=6444, tid=18936
#
# JRE version: OpenJDK Runtime Environment (21.0.2+13) (build 21.0.2+13-58)
# Java VM: OpenJDK 64-Bit Server VM (21.0.2+13-58, mixed mode, sharing, tiered, compressed oops, compressed class ptrs, g1 gc, windows-amd64)
# No core dump will be written. Minidumps are not enabled by default on client versions of Windows
#

---------------  S U M M A R Y ------------

Command Line: -javaagent:C:\Program Files\JetBrains\IntelliJ IDEA Community Edition 2024.1.2\lib\idea_rt.jar=53966:C:\Program Files\JetBrains\IntelliJ IDEA Community Edition 2024.1.2\bin -Dfile.encoding=UTF-8 -Dsun.stdout.encoding=UTF-8 -Dsun.stderr.encoding=UTF-8 com.dam.pms.Main

Host: 11th Gen Intel(R) Core(TM) i3-1115G4 @ 3.00GHz, 4 cores, 7G,  Windows 11 , 64 bit Build 22621 (10.0.22621.5415)
Time: Sat Jan 17 22:15:09 2026 GTB, ors 11 , 64 bit Build 22621 (10.0.22621.5415) elapsed time: 21.781768 seconds (0d 0h 0m 21s)

---------------  T H R E A D  ---------------

Current thread (0x00000115e0534560):  JavaThread "http-nio-8080-Acceptor" daemon [_thread_in_vm, id=18936, stack(0x00000014c0700000,0x00000014c0800000) (1024K)]

Stack: [0x00000014c0700000,0x00000014c0800000]
Native frames: (J=compiled Java code, j=interpreted, Vv=VM code, C=native code)
V  [jvm.dll+0x6cade9]
V  [jvm.dll+0x8569c1]
V  [jvm.dll+0x858d2e]
V  [jvm.dll+0x859413]
V  [jvm.dll+0x280e56]
V  [jvm.dll+0x8526ee]
V  [jvm.dll+0x66e705]
V  [jvm.dll+0x1e68cc]
V  [jvm.dll+0x1e669e]
V  [jvm.dll+0x67104c]
V  [jvm.dll+0x670e62]
V  [jvm.dll+0x66f0de]
V  [jvm.dll+0x27dd76]
V  [jvm.dll+0x720355]
V  [jvm.dll+0x720e9f]
V  [jvm.dll+0x3c2e8f]
V  [jvm.dll+0x3c1f37]
V  [jvm.dll+0x3c1ed8]
V  [jvm.dll+0x3d3c4a]
C  0x000001158754b0ff

The last pc belongs to new (printed below).
Java frames: (J=compiled Java code, j=interpreted, Vv=VM code)
j  org.apache.tomcat.util.net.NioEndpoint.setSocketOptions(Ljava/nio/channels/SocketChannel;)Z+87
j  org.apache.tomcat.util.net.NioEndpoint.setSocketOptions(Ljava/lang/Object;)Z+5
j  org.apache.tomcat.util.net.Acceptor.run()V+203
j  java.lang.Thread.runWith(Ljava/lang/Object;Ljava/lang/Runnable;)V+5 java.base@21.0.2
j  java.lang.Thread.run()V+19 java.base@21.0.2
v  ~StubRoutines::call_stub 0x00000115875310e7
new  187 new  [0x000001158754af80, 0x000001158754b188]  520 bytes
[MachCode]
  0x000001158754af80: 4883 ec08 | c5fa 1104 | 24eb 1f48 | 83ec 10c5 | fb11 0424 | eb14 4883 | ec10 4889 | 0424 48c7 
  0x000001158754afa0: 4424 0800 | 0000 00eb | 0150 410f | b755 010f | cac1 ea10 | 488b 4de8 | 488b 4908 | 488b 4908 
  0x000001158754afc0: 488b 4108 | 807c 1004 | 070f 85d3 | 0000 0066 | 8b54 d148 | 488b 4928 | 488b 4cd1 | 0851 80b9 
  0x000001158754afe0: 2001 0000 | 050f 85b6 | 0000 008b | 5108 f6c2 | 010f 85aa | 0000 0049 | 8b87 b801 | 0000 488d 
  0x000001158754b000: 1c10 493b | 9fc8 0100 | 000f 8792 | 0000 0049 | 899f b801 | 0000 4883 | ea10 0f84 | 0f00 0000 
  0x000001158754b020: 33c9 c1ea | 0348 894c | d008 48ff | ca75 f648 | c700 0100 | 0000 5933 | f689 700c | 49ba 0000 
  0x000001158754b040: 0094 1501 | 0000 492b | ca89 4808 | 49ba fa45 | 03f5 fc7f | 0000 4180 | 3a00 0f84 | 3c00 0000 
  0x000001158754b060: 5048 8bc8 | 4883 ec20 | 40f6 c40f | 0f84 1900 | 0000 4883 | ec08 48b8 | 8009 b4f4 | fc7f 0000 
  0x000001158754b080: ffd0 4883 | c408 e90c | 0000 0048 | b880 09b4 | f4fc 7f00 | 00ff d048 | 83c4 2058 | e9cb 0000 
  0x000001158754b0a0: 0059 488b | 55e8 488b | 5208 488b | 5208 450f | b745 0141 | 0fc8 41c1 | e810 e805 | 0000 00e9 
  0x000001158754b0c0: a800 0000 | 488d 4424 | 084c 896d | c049 8bcf | c5f8 7749 | 89af a803 | 0000 4989 | 8798 0300 
  0x000001158754b0e0: 0048 83ec | 2040 f6c4 | 0f0f 8419 | 0000 0048 | 83ec 0848 | b8c0 3b7e | f4fc 7f00 | 00ff d048 
  0x000001158754b100: 83c4 08e9 | 0c00 0000 | 48b8 c03b | 7ef4 fc7f | 0000 ffd0 | 4883 c420 | 49c7 8798 | 0300 0000 
  0x000001158754b120: 0000 0049 | c787 a803 | 0000 0000 | 0000 49c7 | 87a0 0300 | 0000 0000 | 00c5 f877 | 4983 7f08 
  0x000001158754b140: 000f 8405 | 0000 00e9 | b45d feff | 498b 87f0 | 0300 0049 | c787 f003 | 0000 0000 | 0000 4c8b 
  0x000001158754b160: 6dc0 4c8b | 75c8 4e8d | 74f5 00c3 | 410f b65d | 0349 83c5 | 0349 ba00 | 0706 f5fc | 7f00 0041 
  0x000001158754b180: ff24 da0f | 1f44 0000 
[/MachCode]

---------------  P R O C E S S  ---------------

Threads class SMR info:
_java_thread_list=0x00000115df9f56a0, length=36, elements={
0x0000011593bee3b0, 0x0000011593bef480, 0x0000011593bf2e90, 0x0000011593bf5a00,
0x0000011593bf7620, 0x0000011593bf8330, 0x0000011593c12600, 0x0000011593c15e00,
0x0000011593bfaa90, 0x0000011593bfa400, 0x0000011593bf9d70, 0x0000011593bf96e0,
0x00000115ded844b0, 0x00000115ded82a70, 0x00000115ded86c10, 0x00000115ded851d0,
0x00000115ded872a0, 0x00000115ded85860, 0x00000115ded84b40, 0x00000115ded85ef0,
0x00000115ded8a090, 0x00000115ded83100, 0x00000115ded83790, 0x00000115e052fd30,
0x00000115e0533840, 0x00000115e0531e00, 0x00000115e05331b0, 0x00000115e05303c0,
0x00000115e0531770, 0x00000115e0532490, 0x00000115e0533ed0, 0x00000115e052f6a0,
0x00000115e05310e0, 0x00000115e0534bf0, 0x00000115e0534560, 0x00000115e0532b20
}

Java Threads: ( => current thread )
  0x0000011593bee3b0 JavaThread "Reference Handler"          daemon [_thread_blocked, id=12032, stack(0x00000014bdc00000,0x00000014bdd00000) (1024K)]
  0x0000011593bef480 JavaThread "Finalizer"                  daemon [_thread_blocked, id=19460, stack(0x00000014bdd00000,0x00000014bde00000) (1024K)]
  0x0000011593bf2e90 JavaThread "Signal Dispatcher"          daemon [_thread_blocked, id=18696, stack(0x00000014bde00000,0x00000014bdf00000) (1024K)]
  0x0000011593bf5a00 JavaThread "Attach Listener"            daemon [_thread_blocked, id=20184, stack(0x00000014bdf00000,0x00000014be000000) (1024K)]
  0x0000011593bf7620 JavaThread "Service Thread"             daemon [_thread_blocked, id=20456, stack(0x00000014be000000,0x00000014be100000) (1024K)]
  0x0000011593bf8330 JavaThread "Monitor Deflation Thread"   daemon [_thread_blocked, id=8848, stack(0x00000014be100000,0x00000014be200000) (1024K)]
  0x0000011593c12600 JavaThread "C2 CompilerThread0"         daemon [_thread_blocked, id=12324, stack(0x00000014be200000,0x00000014be300000) (1024K)]
  0x0000011593c15e00 JavaThread "C1 CompilerThread0"         daemon [_thread_blocked, id=15920, stack(0x00000014be300000,0x00000014be400000) (1024K)]
  0x0000011593bfaa90 JavaThread "Common-Cleaner"             daemon [_thread_blocked, id=8732, stack(0x00000014be400000,0x00000014be500000) (1024K)]
  0x0000011593bfa400 JavaThread "Monitor Ctrl-Break"         daemon [_thread_in_native, id=18676, stack(0x00000014be600000,0x00000014be700000) (1024K)]
  0x0000011593bf9d70 JavaThread "Notification Thread"        daemon [_thread_blocked, id=19948, stack(0x00000014be700000,0x00000014be800000) (1024K)]
  0x0000011593bf96e0 JavaThread "JNA Cleaner"                daemon [_thread_blocked, id=11600, stack(0x00000014beb00000,0x00000014bec00000) (1024K)]
  0x00000115ded844b0 JavaThread "ForkJoinPool.commonPool-worker-1" daemon [_thread_blocked, id=8400, stack(0x00000014bef00000,0x00000014bf000000) (1024K)]
  0x00000115ded82a70 JavaThread "ForkJoinPool.commonPool-worker-2" daemon [_thread_blocked, id=20324, stack(0x00000014bf000000,0x00000014bf100000) (1024K)]
  0x00000115ded86c10 JavaThread "ForkJoinPool.commonPool-worker-3" daemon [_thread_blocked, id=17348, stack(0x00000014bf100000,0x00000014bf200000) (1024K)]
  0x00000115ded851d0 JavaThread "Catalina-utility-1"                [_thread_blocked, id=10256, stack(0x00000014bf200000,0x00000014bf300000) (1024K)]
  0x00000115ded872a0 JavaThread "Catalina-utility-2"                [_thread_blocked, id=12744, stack(0x00000014bf300000,0x00000014bf400000) (1024K)]
  0x00000115ded85860 JavaThread "container-0"                       [_thread_blocked, id=19936, stack(0x00000014bf400000,0x00000014bf500000) (1024K)]
  0x00000115ded84b40 JavaThread "PostgreSQL-JDBC-Cleaner"    daemon [_thread_blocked, id=13308, stack(0x00000014bf600000,0x00000014bf700000) (1024K)]
  0x00000115ded85ef0 JavaThread "HikariPool-1 housekeeper"   daemon [_thread_blocked, id=1232, stack(0x00000014bf700000,0x00000014bf800000) (1024K)]
  0x00000115ded8a090 JavaThread "Atmosphere-Scheduler-0"     daemon [_thread_blocked, id=7928, stack(0x00000014bf900000,0x00000014bfa00000) (1024K)]
  0x00000115ded83100 JavaThread "Atmosphere-Scheduler-1"     daemon [_thread_blocked, id=2264, stack(0x00000014bfa00000,0x00000014bfb00000) (1024K)]
  0x00000115ded83790 JavaThread "Atmosphere-Shared-0"        daemon [_thread_blocked, id=19424, stack(0x00000014bfb00000,0x00000014bfc00000) (1024K)]
  0x00000115e052fd30 JavaThread "http-nio-8080-exec-1"       daemon [_thread_blocked, id=19072, stack(0x00000014bfc00000,0x00000014bfd00000) (1024K)]
  0x00000115e0533840 JavaThread "http-nio-8080-exec-2"       daemon [_thread_blocked, id=19440, stack(0x00000014bfd00000,0x00000014bfe00000) (1024K)]
  0x00000115e0531e00 JavaThread "http-nio-8080-exec-3"       daemon [_thread_blocked, id=20244, stack(0x00000014bfe00000,0x00000014bff00000) (1024K)]
  0x00000115e05331b0 JavaThread "http-nio-8080-exec-4"       daemon [_thread_blocked, id=9532, stack(0x00000014bff00000,0x00000014c0000000) (1024K)]
  0x00000115e05303c0 JavaThread "http-nio-8080-exec-5"       daemon [_thread_blocked, id=12104, stack(0x00000014c0000000,0x00000014c0100000) (1024K)]
  0x00000115e0531770 JavaThread "http-nio-8080-exec-6"       daemon [_thread_blocked, id=3124, stack(0x00000014c0100000,0x00000014c0200000) (1024K)]
  0x00000115e0532490 JavaThread "http-nio-8080-exec-7"       daemon [_thread_blocked, id=2040, stack(0x00000014c0200000,0x00000014c0300000) (1024K)]
  0x00000115e0533ed0 JavaThread "http-nio-8080-exec-8"       daemon [_thread_blocked, id=16288, stack(0x00000014c0300000,0x00000014c0400000) (1024K)]
  0x00000115e052f6a0 JavaThread "http-nio-8080-exec-9"       daemon [_thread_blocked, id=18172, stack(0x00000014c0400000,0x00000014c0500000) (1024K)]
  0x00000115e05310e0 JavaThread "http-nio-8080-exec-10"      daemon [_thread_blocked, id=10108, stack(0x00000014c0500000,0x00000014c0600000) (1024K)]
  0x00000115e0534bf0 JavaThread "http-nio-8080-Poller"       daemon [_thread_in_native, id=4164, stack(0x00000014c0600000,0x00000014c0700000) (1024K)]
=>0x00000115e0534560 JavaThread "http-nio-8080-Acceptor"     daemon [_thread_in_vm, id=18936, stack(0x00000014c0700000,0x00000014c0800000) (1024K)]
  0x00000115e0532b20 JavaThread "DestroyJavaVM"                     [_thread_blocked, id=10868, stack(0x00000014bd400000,0x00000014bd500000) (1024K)]
Total: 36

Other Threads:
  0x0000011593bd0db0 VMThread "VM Thread"                           [id=9832, stack(0x00000014bdb00000,0x00000014bdc00000) (1024K)]
  0x0000011593bb98d0 WatcherThread "VM Periodic Task Thread"        [id=13028, stack(0x00000014bda00000,0x00000014bdb00000) (1024K)]
  0x00000115f5c39920 WorkerThread "GC Thread#0"                     [id=19636, stack(0x00000014bd500000,0x00000014bd600000) (1024K)]
  0x00000115d9a995b0 WorkerThread "GC Thread#1"                     [id=20460, stack(0x00000014be800000,0x00000014be900000) (1024K)]
  0x00000115d9a99950 WorkerThread "GC Thread#2"                     [id=17796, stack(0x00000014be900000,0x00000014bea00000) (1024K)]
  0x00000115d9c7c990 WorkerThread "GC Thread#3"                     [id=17856, stack(0x00000014bea00000,0x00000014beb00000) (1024K)]
  0x00000115f5b2ddc0 ConcurrentGCThread "G1 Main Marker"            [id=19540, stack(0x00000014bd600000,0x00000014bd700000) (1024K)]
  0x00000115f5c464a0 WorkerThread "G1 Conc#0"                       [id=19464, stack(0x00000014bd700000,0x00000014bd800000) (1024K)]
  0x0000011593a89110 ConcurrentGCThread "G1 Refine#0"               [id=10756, stack(0x00000014bd800000,0x00000014bd900000) (1024K)]
  0x0000011593a89a90 ConcurrentGCThread "G1 Service"                [id=14388, stack(0x00000014bd900000,0x00000014bda00000) (1024K)]
Total: 10

Threads with active compile tasks:
Total: 0

VM state: not at safepoint (normal execution)

VM Mutex/Monitor currently owned by a thread:  ([mutex/lock_event])
[0x00007ffcf504ace8] Metaspace_lock - owner thread: 0x00000115e0534560

Heap address: 0x0000000083600000, size: 1994 MB, Compressed Oops mode: 32-bit

CDS archive(s) mapped at: [0x0000011594000000-0x0000011594c90000-0x0000011594c90000), size 13172736, SharedBaseAddress: 0x0000011594000000, ArchiveRelocationMode: 1.
Compressed class space mapped at: 0x0000011595000000-0x00000115d5000000, reserved size: 1073741824
Narrow klass base: 0x0000011594000000, Narrow klass shift: 0, Narrow klass range: 0x100000000

GC Precious Log:
 CardTable entry size: 512
 Card Set container configuration: InlinePtr #cards 5 size 8 Array Of Cards #cards 12 size 40 Howl #buckets 4 coarsen threshold 1843 Howl Bitmap #cards 512 size 80 coarsen threshold 460 Card regions per heap region 1 cards per card region 2048
 CPUs: 4 total, 4 available
 Memory: 7975M
 Large Page Support: Disabled
 NUMA Support: Disabled
 Compressed Oops: Enabled (32-bit)
 Heap Region Size: 1M
 Heap Min Capacity: 8M
 Heap Initial Capacity: 126M
 Heap Max Capacity: 1994M
 Pre-touch: Disabled
 Parallel Workers: 4
 Concurrent Workers: 1
 Concurrent Refinement Workers: 4
 Periodic GC: Disabled

Heap:
 garbage-first heap   total 147456K, used 59544K [0x0000000083600000, 0x0000000100000000)
  region size 1024K, 23 young (23552K), 10 survivors (10240K)
 Metaspace       used 79239K, committed 79936K, reserved 1179648K
  class space    used 10764K, committed 11072K, reserved 1048576K

Heap Regions: E=young(eden), S=young(survivor), O=old, HS=humongous(starts), HC=humongous(continues), CS=collection set, F=free, TAMS=top-at-mark-start, PB=parsable bottom
|   0|0x0000000083600000, 0x0000000083700000, 0x0000000083700000|100%|HS|  |TAMS 0x0000000083600000| PB 0x0000000083600000| Complete 
|   1|0x0000000083700000, 0x0000000083800000, 0x0000000083800000|100%| O|  |TAMS 0x0000000083700000| PB 0x0000000083700000| Untracked 
|   2|0x0000000083800000, 0x0000000083900000, 0x0000000083900000|100%| O|  |TAMS 0x0000000083800000| PB 0x0000000083800000| Untracked 
|   3|0x0000000083900000, 0x0000000083a00000, 0x0000000083a00000|100%| O|  |TAMS 0x0000000083900000| PB 0x0000000083900000| Untracked 
|   4|0x0000000083a00000, 0x0000000083b00000, 0x0000000083b00000|100%| O|  |TAMS 0x0000000083a00000| PB 0x0000000083a00000| Untracked 
|   5|0x0000000083b00000, 0x0000000083c00000, 0x0000000083c00000|100%| O|  |TAMS 0x0000000083b00000| PB 0x0000000083b00000| Untracked 
|   6|0x0000000083c00000, 0x0000000083d00000, 0x0000000083d00000|100%| O|  |TAMS 0x0000000083c00000| PB 0x0000000083c00000| Untracked 
|   7|0x0000000083d00000, 0x0000000083e00000, 0x0000000083e00000|100%| O|  |TAMS 0x0000000083d00000| PB 0x0000000083d00000| Untracked 
|   8|0x0000000083e00000, 0x0000000083f00000, 0x0000000083f00000|100%| O|  |TAMS 0x0000000083e00000| PB 0x0000000083e00000| Untracked 
|   9|0x0000000083f00000, 0x0000000084000000, 0x0000000084000000|100%| O|  |TAMS 0x0000000083f00000| PB 0x0000000083f00000| Untracked 
|  10|0x0000000084000000, 0x0000000084100000, 0x0000000084100000|100%| O|  |TAMS 0x0000000084000000| PB 0x0000000084000000| Untracked 
|  11|0x0000000084100000, 0x0000000084200000, 0x0000000084200000|100%| O|  |TAMS 0x0000000084100000| PB 0x0000000084100000| Untracked 
|  12|0x0000000084200000, 0x0000000084300000, 0x0000000084300000|100%| O|  |TAMS 0x0000000084200000| PB 0x0000000084200000| Untracked 
|  13|0x0000000084300000, 0x0000000084400000, 0x0000000084400000|100%| O|  |TAMS 0x0000000084300000| PB 0x0000000084300000| Untracked 
|  14|0x0000000084400000, 0x0000000084500000, 0x0000000084500000|100%| O|  |TAMS 0x0000000084400000| PB 0x0000000084400000| Untracked 
|  15|0x0000000084500000, 0x0000000084600000, 0x0000000084600000|100%| O|  |TAMS 0x0000000084500000| PB 0x0000000084500000| Untracked 
|  16|0x0000000084600000, 0x0000000084700000, 0x0000000084700000|100%| O|  |TAMS 0x0000000084600000| PB 0x0000000084600000| Untracked 
|  17|0x0000000084700000, 0x0000000084800000, 0x0000000084800000|100%| O|  |TAMS 0x0000000084700000| PB 0x0000000084700000| Untracked 
|  18|0x0000000084800000, 0x0000000084900000, 0x0000000084900000|100%| O|  |TAMS 0x0000000084800000| PB 0x0000000084800000| Untracked 
|  19|0x0000000084900000, 0x0000000084a00000, 0x0000000084a00000|100%| O|  |TAMS 0x0000000084900000| PB 0x0000000084900000| Untracked 
|  20|0x0000000084a00000, 0x0000000084b00000, 0x0000000084b00000|100%| O|  |TAMS 0x0000000084a00000| PB 0x0000000084a00000| Untracked 
|  21|0x0000000084b00000, 0x0000000084c00000, 0x0000000084c00000|100%| O|  |TAMS 0x0000000084b00000| PB 0x0000000084b00000| Untracked 
|  22|0x0000000084c00000, 0x0000000084d00000, 0x0000000084d00000|100%| O|  |TAMS 0x0000000084c00000| PB 0x0000000084c00000| Untracked 
|  23|0x0000000084d00000, 0x0000000084e00000, 0x0000000084e00000|100%| O|  |TAMS 0x0000000084d00000| PB 0x0000000084d00000| Untracked 
|  24|0x0000000084e00000, 0x0000000084f00000, 0x0000000084f00000|100%| O|  |TAMS 0x0000000084e00000| PB 0x0000000084e00000| Untracked 
|  25|0x0000000084f00000, 0x0000000085000000, 0x0000000085000000|100%| O|  |TAMS 0x0000000084f00000| PB 0x0000000084f00000| Untracked 
|  26|0x0000000085000000, 0x0000000085000000, 0x0000000085100000|  0%| F|  |TAMS 0x0000000085000000| PB 0x0000000085000000| Untracked 
|  27|0x0000000085100000, 0x0000000085148900, 0x0000000085200000| 28%| O|  |TAMS 0x0000000085100000| PB 0x0000000085100000| Untracked 
|  28|0x0000000085200000, 0x0000000085300000, 0x0000000085300000|100%| O|  |TAMS 0x0000000085200000| PB 0x0000000085200000| Untracked 
|  29|0x0000000085300000, 0x0000000085400000, 0x0000000085400000|100%| O|  |TAMS 0x0000000085300000| PB 0x0000000085300000| Untracked 
|  30|0x0000000085400000, 0x0000000085500000, 0x0000000085500000|100%| O|  |TAMS 0x0000000085400000| PB 0x0000000085400000| Untracked 
|  31|0x0000000085500000, 0x0000000085600000, 0x0000000085600000|100%| O|  |TAMS 0x0000000085500000| PB 0x0000000085500000| Untracked 
|  32|0x0000000085600000, 0x0000000085600000, 0x0000000085700000|  0%| F|  |TAMS 0x0000000085600000| PB 0x0000000085600000| Untracked 
|  33|0x0000000085700000, 0x0000000085800000, 0x0000000085800000|100%| O|  |TAMS 0x0000000085700000| PB 0x0000000085700000| Untracked 
|  34|0x0000000085800000, 0x0000000085900000, 0x0000000085900000|100%| O|  |TAMS 0x0000000085800000| PB 0x0000000085800000| Untracked 
|  35|0x0000000085900000, 0x0000000085a00000, 0x0000000085a00000|100%| O|  |TAMS 0x0000000085900000| PB 0x0000000085900000| Untracked 
|  36|0x0000000085a00000, 0x0000000085a768c0, 0x0000000085b00000| 46%| O|  |TAMS 0x0000000085a00000| PB 0x0000000085a00000| Untracked 
|  37|0x0000000085b00000, 0x0000000085b00000, 0x0000000085c00000|  0%| F|  |TAMS 0x0000000085b00000| PB 0x0000000085b00000| Untracked 
|  38|0x0000000085c00000, 0x0000000085c00000, 0x0000000085d00000|  0%| F|  |TAMS 0x0000000085c00000| PB 0x0000000085c00000| Untracked 
|  39|0x0000000085d00000, 0x0000000085d00000, 0x0000000085e00000|  0%| F|  |TAMS 0x0000000085d00000| PB 0x0000000085d00000| Untracked 
|  40|0x0000000085e00000, 0x0000000085e00000, 0x0000000085f00000|  0%| F|  |TAMS 0x0000000085e00000| PB 0x0000000085e00000| Untracked 
|  41|0x0000000085f00000, 0x0000000085f00000, 0x0000000086000000|  0%| F|  |TAMS 0x0000000085f00000| PB 0x0000000085f00000| Untracked 
|  42|0x0000000086000000, 0x0000000086100000, 0x0000000086100000|100%| O|  |TAMS 0x0000000086000000| PB 0x0000000086000000| Untracked 
|  43|0x0000000086100000, 0x0000000086200000, 0x0000000086200000|100%| O|  |TAMS 0x0000000086100000| PB 0x0000000086100000| Untracked 
|  44|0x0000000086200000, 0x0000000086300000, 0x0000000086300000|100%| O|  |TAMS 0x0000000086200000| PB 0x0000000086200000| Untracked 
|  45|0x0000000086300000, 0x0000000086300000, 0x0000000086400000|  0%| F|  |TAMS 0x0000000086300000| PB 0x0000000086300000| Untracked 
|  46|0x0000000086400000, 0x0000000086400000, 0x0000000086500000|  0%| F|  |TAMS 0x0000000086400000| PB 0x0000000086400000| Untracked 
|  47|0x0000000086500000, 0x0000000086500000, 0x0000000086600000|  0%| F|  |TAMS 0x0000000086500000| PB 0x0000000086500000| Untracked 
|  48|0x0000000086600000, 0x00000000866670f8, 0x0000000086700000| 40%| S|CS|TAMS 0x0000000086600000| PB 0x0000000086600000| Complete 
|  49|0x0000000086700000, 0x0000000086700000, 0x0000000086800000|  0%| F|  |TAMS 0x0000000086700000| PB 0x0000000086700000| Untracked 
|  50|0x0000000086800000, 0x0000000086800000, 0x0000000086900000|  0%| F|  |TAMS 0x0000000086800000| PB 0x0000000086800000| Untracked 
|  51|0x0000000086900000, 0x0000000086900000, 0x0000000086a00000|  0%| F|  |TAMS 0x0000000086900000| PB 0x0000000086900000| Untracked 
|  52|0x0000000086a00000, 0x0000000086a00000, 0x0000000086b00000|  0%| F|  |TAMS 0x0000000086a00000| PB 0x0000000086a00000| Untracked 
|  53|0x0000000086b00000, 0x0000000086b00000, 0x0000000086c00000|  0%| F|  |TAMS 0x0000000086b00000| PB 0x0000000086b00000| Untracked 
|  54|0x0000000086c00000, 0x0000000086c00000, 0x0000000086d00000|  0%| F|  |TAMS 0x0000000086c00000| PB 0x0000000086c00000| Untracked 
|  55|0x0000000086d00000, 0x0000000086d00000, 0x0000000086e00000|  0%| F|  |TAMS 0x0000000086d00000| PB 0x0000000086d00000| Untracked 
|  56|0x0000000086e00000, 0x0000000086e00000, 0x0000000086f00000|  0%| F|  |TAMS 0x0000000086e00000| PB 0x0000000086e00000| Untracked 
|  57|0x0000000086f00000, 0x0000000086f00000, 0x0000000087000000|  0%| F|  |TAMS 0x0000000086f00000| PB 0x0000000086f00000| Untracked 
|  58|0x0000000087000000, 0x0000000087100000, 0x0000000087100000|100%| S|CS|TAMS 0x0000000087000000| PB 0x0000000087000000| Complete 
|  59|0x0000000087100000, 0x0000000087200000, 0x0000000087200000|100%| S|CS|TAMS 0x0000000087100000| PB 0x0000000087100000| Complete 
|  60|0x0000000087200000, 0x0000000087300000, 0x0000000087300000|100%| S|CS|TAMS 0x0000000087200000| PB 0x0000000087200000| Complete 
|  61|0x0000000087300000, 0x0000000087400000, 0x0000000087400000|100%| S|CS|TAMS 0x0000000087300000| PB 0x0000000087300000| Complete 
|  62|0x0000000087400000, 0x0000000087500000, 0x0000000087500000|100%| S|CS|TAMS 0x0000000087400000| PB 0x0000000087400000| Complete 
|  63|0x0000000087500000, 0x0000000087600000, 0x0000000087600000|100%| S|CS|TAMS 0x0000000087500000| PB 0x0000000087500000| Complete 
|  64|0x0000000087600000, 0x0000000087700000, 0x0000000087700000|100%| S|CS|TAMS 0x0000000087600000| PB 0x0000000087600000| Complete 
|  65|0x0000000087700000, 0x0000000087800000, 0x0000000087800000|100%| S|CS|TAMS 0x0000000087700000| PB 0x0000000087700000| Complete 
|  66|0x0000000087800000, 0x0000000087900000, 0x0000000087900000|100%| S|CS|TAMS 0x0000000087800000| PB 0x0000000087800000| Complete 
|  67|0x0000000087900000, 0x0000000087900000, 0x0000000087a00000|  0%| F|  |TAMS 0x0000000087900000| PB 0x0000000087900000| Untracked 
|  68|0x0000000087a00000, 0x0000000087a00000, 0x0000000087b00000|  0%| F|  |TAMS 0x0000000087a00000| PB 0x0000000087a00000| Untracked 
|  69|0x0000000087b00000, 0x0000000087b00000, 0x0000000087c00000|  0%| F|  |TAMS 0x0000000087b00000| PB 0x0000000087b00000| Untracked 
|  70|0x0000000087c00000, 0x0000000087c00000, 0x0000000087d00000|  0%| F|  |TAMS 0x0000000087c00000| PB 0x0000000087c00000| Untracked 
|  71|0x0000000087d00000, 0x0000000087d00000, 0x0000000087e00000|  0%| F|  |TAMS 0x0000000087d00000| PB 0x0000000087d00000| Untracked 
|  72|0x0000000087e00000, 0x0000000087e00000, 0x0000000087f00000|  0%| F|  |TAMS 0x0000000087e00000| PB 0x0000000087e00000| Untracked 
|  73|0x0000000087f00000, 0x0000000087f00000, 0x0000000088000000|  0%| F|  |TAMS 0x0000000087f00000| PB 0x0000000087f00000| Untracked 
|  74|0x0000000088000000, 0x0000000088000000, 0x0000000088100000|  0%| F|  |TAMS 0x0000000088000000| PB 0x0000000088000000| Untracked 
|  75|0x0000000088100000, 0x0000000088100000, 0x0000000088200000|  0%| F|  |TAMS 0x0000000088100000| PB 0x0000000088100000| Untracked 
|  76|0x0000000088200000, 0x0000000088200000, 0x0000000088300000|  0%| F|  |TAMS 0x0000000088200000| PB 0x0000000088200000| Untracked 
|  77|0x0000000088300000, 0x0000000088300000, 0x0000000088400000|  0%| F|  |TAMS 0x0000000088300000| PB 0x0000000088300000| Untracked 
|  78|0x0000000088400000, 0x0000000088400000, 0x0000000088500000|  0%| F|  |TAMS 0x0000000088400000| PB 0x0000000088400000| Untracked 
|  79|0x0000000088500000, 0x0000000088500000, 0x0000000088600000|  0%| F|  |TAMS 0x0000000088500000| PB 0x0000000088500000| Untracked 
|  80|0x0000000088600000, 0x0000000088600000, 0x0000000088700000|  0%| F|  |TAMS 0x0000000088600000| PB 0x0000000088600000| Untracked 
|  81|0x0000000088700000, 0x0000000088700000, 0x0000000088800000|  0%| F|  |TAMS 0x0000000088700000| PB 0x0000000088700000| Untracked 
|  82|0x0000000088800000, 0x0000000088800000, 0x0000000088900000|  0%| F|  |TAMS 0x0000000088800000| PB 0x0000000088800000| Untracked 
|  83|0x0000000088900000, 0x0000000088900000, 0x0000000088a00000|  0%| F|  |TAMS 0x0000000088900000| PB 0x0000000088900000| Untracked 
|  84|0x0000000088a00000, 0x0000000088a00000, 0x0000000088b00000|  0%| F|  |TAMS 0x0000000088a00000| PB 0x0000000088a00000| Untracked 
|  85|0x0000000088b00000, 0x0000000088b00000, 0x0000000088c00000|  0%| F|  |TAMS 0x0000000088b00000| PB 0x0000000088b00000| Untracked 
|  86|0x0000000088c00000, 0x0000000088c00000, 0x0000000088d00000|  0%| F|  |TAMS 0x0000000088c00000| PB 0x0000000088c00000| Untracked 
|  87|0x0000000088d00000, 0x0000000088d00000, 0x0000000088e00000|  0%| F|  |TAMS 0x0000000088d00000| PB 0x0000000088d00000| Untracked 
|  88|0x0000000088e00000, 0x0000000088e00000, 0x0000000088f00000|  0%| F|  |TAMS 0x0000000088e00000| PB 0x0000000088e00000| Untracked 
|  89|0x0000000088f00000, 0x0000000088f00000, 0x0000000089000000|  0%| F|  |TAMS 0x0000000088f00000| PB 0x0000000088f00000| Untracked 
|  90|0x0000000089000000, 0x0000000089000000, 0x0000000089100000|  0%| F|  |TAMS 0x0000000089000000| PB 0x0000000089000000| Untracked 
|  91|0x0000000089100000, 0x0000000089100000, 0x0000000089200000|  0%| F|  |TAMS 0x0000000089100000| PB 0x0000000089100000| Untracked 
|  92|0x0000000089200000, 0x0000000089200000, 0x0000000089300000|  0%| F|  |TAMS 0x0000000089200000| PB 0x0000000089200000| Untracked 
|  93|0x0000000089300000, 0x0000000089300000, 0x0000000089400000|  0%| F|  |TAMS 0x0000000089300000| PB 0x0000000089300000| Untracked 
|  94|0x0000000089400000, 0x0000000089400000, 0x0000000089500000|  0%| F|  |TAMS 0x0000000089400000| PB 0x0000000089400000| Untracked 
|  95|0x0000000089500000, 0x0000000089500000, 0x0000000089600000|  0%| F|  |TAMS 0x0000000089500000| PB 0x0000000089500000| Untracked 
|  96|0x0000000089600000, 0x0000000089600000, 0x0000000089700000|  0%| F|  |TAMS 0x0000000089600000| PB 0x0000000089600000| Untracked 
|  97|0x0000000089700000, 0x0000000089700000, 0x0000000089800000|  0%| F|  |TAMS 0x0000000089700000| PB 0x0000000089700000| Untracked 
|  98|0x0000000089800000, 0x0000000089800000, 0x0000000089900000|  0%| F|  |TAMS 0x0000000089800000| PB 0x0000000089800000| Untracked 
|  99|0x0000000089900000, 0x0000000089900000, 0x0000000089a00000|  0%| F|  |TAMS 0x0000000089900000| PB 0x0000000089900000| Untracked 
| 100|0x0000000089a00000, 0x0000000089a00000, 0x0000000089b00000|  0%| F|  |TAMS 0x0000000089a00000| PB 0x0000000089a00000| Untracked 
| 101|0x0000000089b00000, 0x0000000089b00000, 0x0000000089c00000|  0%| F|  |TAMS 0x0000000089b00000| PB 0x0000000089b00000| Untracked 
| 102|0x0000000089c00000, 0x0000000089c00000, 0x0000000089d00000|  0%| F|  |TAMS 0x0000000089c00000| PB 0x0000000089c00000| Untracked 
| 103|0x0000000089d00000, 0x0000000089d00000, 0x0000000089e00000|  0%| F|  |TAMS 0x0000000089d00000| PB 0x0000000089d00000| Untracked 
| 104|0x0000000089e00000, 0x0000000089e00000, 0x0000000089f00000|  0%| F|  |TAMS 0x0000000089e00000| PB 0x0000000089e00000| Untracked 
| 105|0x0000000089f00000, 0x0000000089f00000, 0x000000008a000000|  0%| F|  |TAMS 0x0000000089f00000| PB 0x0000000089f00000| Untracked 
| 106|0x000000008a000000, 0x000000008a000000, 0x000000008a100000|  0%| F|  |TAMS 0x000000008a000000| PB 0x000000008a000000| Untracked 
| 107|0x000000008a100000, 0x000000008a100000, 0x000000008a200000|  0%| F|  |TAMS 0x000000008a100000| PB 0x000000008a100000| Untracked 
| 108|0x000000008a200000, 0x000000008a200000, 0x000000008a300000|  0%| F|  |TAMS 0x000000008a200000| PB 0x000000008a200000| Untracked 
| 109|0x000000008a300000, 0x000000008a300000, 0x000000008a400000|  0%| F|  |TAMS 0x000000008a300000| PB 0x000000008a300000| Untracked 
| 110|0x000000008a400000, 0x000000008a400000, 0x000000008a500000|  0%| F|  |TAMS 0x000000008a400000| PB 0x000000008a400000| Untracked 
| 111|0x000000008a500000, 0x000000008a500000, 0x000000008a600000|  0%| F|  |TAMS 0x000000008a500000| PB 0x000000008a500000| Untracked 
| 112|0x000000008a600000, 0x000000008a600000, 0x000000008a700000|  0%| F|  |TAMS 0x000000008a600000| PB 0x000000008a600000| Untracked 
| 113|0x000000008a700000, 0x000000008a700000, 0x000000008a800000|  0%| F|  |TAMS 0x000000008a700000| PB 0x000000008a700000| Untracked 
| 114|0x000000008a800000, 0x000000008a800000, 0x000000008a900000|  0%| F|  |TAMS 0x000000008a800000| PB 0x000000008a800000| Untracked 
| 115|0x000000008a900000, 0x000000008a900000, 0x000000008aa00000|  0%| F|  |TAMS 0x000000008a900000| PB 0x000000008a900000| Untracked 
| 116|0x000000008aa00000, 0x000000008aa00000, 0x000000008ab00000|  0%| F|  |TAMS 0x000000008aa00000| PB 0x000000008aa00000| Untracked 
| 117|0x000000008ab00000, 0x000000008ab00000, 0x000000008ac00000|  0%| F|  |TAMS 0x000000008ab00000| PB 0x000000008ab00000| Untracked 
| 118|0x000000008ac00000, 0x000000008ac00000, 0x000000008ad00000|  0%| F|  |TAMS 0x000000008ac00000| PB 0x000000008ac00000| Untracked 
| 119|0x000000008ad00000, 0x000000008ad00000, 0x000000008ae00000|  0%| F|  |TAMS 0x000000008ad00000| PB 0x000000008ad00000| Untracked 
| 120|0x000000008ae00000, 0x000000008ae00000, 0x000000008af00000|  0%| F|  |TAMS 0x000000008ae00000| PB 0x000000008ae00000| Untracked 
| 121|0x000000008af00000, 0x000000008af00000, 0x000000008b000000|  0%| F|  |TAMS 0x000000008af00000| PB 0x000000008af00000| Untracked 
| 122|0x000000008b000000, 0x000000008b000000, 0x000000008b100000|  0%| F|  |TAMS 0x000000008b000000| PB 0x000000008b000000| Untracked 
| 123|0x000000008b100000, 0x000000008b100000, 0x000000008b200000|  0%| F|  |TAMS 0x000000008b100000| PB 0x000000008b100000| Untracked 
| 124|0x000000008b200000, 0x000000008b200000, 0x000000008b300000|  0%| F|  |TAMS 0x000000008b200000| PB 0x000000008b200000| Untracked 
| 125|0x000000008b300000, 0x000000008b300000, 0x000000008b400000|  0%| F|  |TAMS 0x000000008b300000| PB 0x000000008b300000| Untracked 
| 126|0x000000008b400000, 0x000000008b400000, 0x000000008b500000|  0%| F|  |TAMS 0x000000008b400000| PB 0x000000008b400000| Untracked 
| 127|0x000000008b500000, 0x000000008b500000, 0x000000008b600000|  0%| F|  |TAMS 0x000000008b500000| PB 0x000000008b500000| Untracked 
| 128|0x000000008b600000, 0x000000008b600000, 0x000000008b700000|  0%| F|  |TAMS 0x000000008b600000| PB 0x000000008b600000| Untracked 
| 129|0x000000008b700000, 0x000000008b700000, 0x000000008b800000|  0%| F|  |TAMS 0x000000008b700000| PB 0x000000008b700000| Untracked 
| 130|0x000000008b800000, 0x000000008b800000, 0x000000008b900000|  0%| F|  |TAMS 0x000000008b800000| PB 0x000000008b800000| Untracked 
| 131|0x000000008b900000, 0x000000008b9facd0, 0x000000008ba00000| 97%| E|  |TAMS 0x000000008b900000| PB 0x000000008b900000| Complete 
| 132|0x000000008ba00000, 0x000000008bb00000, 0x000000008bb00000|100%| E|CS|TAMS 0x000000008ba00000| PB 0x000000008ba00000| Complete 
| 133|0x000000008bb00000, 0x000000008bc00000, 0x000000008bc00000|100%| E|CS|TAMS 0x000000008bb00000| PB 0x000000008bb00000| Complete 
| 134|0x000000008bc00000, 0x000000008bd00000, 0x000000008bd00000|100%| E|CS|TAMS 0x000000008bc00000| PB 0x000000008bc00000| Complete 
| 135|0x000000008bd00000, 0x000000008be00000, 0x000000008be00000|100%| E|CS|TAMS 0x000000008bd00000| PB 0x000000008bd00000| Complete 
| 136|0x000000008be00000, 0x000000008bf00000, 0x000000008bf00000|100%| E|CS|TAMS 0x000000008be00000| PB 0x000000008be00000| Complete 
| 137|0x000000008bf00000, 0x000000008c000000, 0x000000008c000000|100%| E|CS|TAMS 0x000000008bf00000| PB 0x000000008bf00000| Complete 
| 138|0x000000008c000000, 0x000000008c100000, 0x000000008c100000|100%| E|CS|TAMS 0x000000008c000000| PB 0x000000008c000000| Complete 
| 139|0x000000008c100000, 0x000000008c200000, 0x000000008c200000|100%| E|CS|TAMS 0x000000008c100000| PB 0x000000008c100000| Complete 
| 140|0x000000008c200000, 0x000000008c300000, 0x000000008c300000|100%| E|CS|TAMS 0x000000008c200000| PB 0x000000008c200000| Complete 
| 147|0x000000008c900000, 0x000000008ca00000, 0x000000008ca00000|100%| E|CS|TAMS 0x000000008c900000| PB 0x000000008c900000| Complete 
| 148|0x000000008ca00000, 0x000000008cb00000, 0x000000008cb00000|100%| E|CS|TAMS 0x000000008ca00000| PB 0x000000008ca00000| Complete 
| 200|0x000000008fe00000, 0x000000008ff00000, 0x000000008ff00000|100%| E|CS|TAMS 0x000000008fe00000| PB 0x000000008fe00000| Complete 

Card table byte_map: [0x000001158f3f0000,0x000001158f7e0000] _byte_map_base: 0x000001158efd5000

Marking Bits: (CMBitMap*) 0x00000115f5c39f30
 Bits: [0x000001158f7e0000, 0x0000011591708000)

Polling page: 0x00000115ff7d0000

Metaspace:

Usage:
  Non-class:     66.87 MB used.
      Class:     10.51 MB used.
       Both:     77.38 MB used.

Virtual space:
  Non-class space:      128.00 MB reserved,      67.25 MB ( 53%) committed,  2 nodes.
      Class space:        1.00 GB reserved,      10.81 MB (  1%) committed,  1 nodes.
             Both:        1.12 GB reserved,      78.06 MB (  7%) committed. 

Chunk freelists:
   Non-Class:  11.92 MB
       Class:  5.14 MB
        Both:  17.06 MB

MaxMetaspaceSize: unlimited
CompressedClassSpaceSize: 1.00 GB
Initial GC threshold: 21.00 MB
Current GC threshold: 100.75 MB
CDS: on
 - commit_granule_bytes: 65536.
 - commit_granule_words: 8192.
 - virtual_space_node_default_size: 8388608.
 - enlarge_chunks_in_place: 1.
 - use_allocation_guard: 0.


Internal statistics:

num_allocs_failed_limit: 15.
num_arena_births: 1056.
num_arena_deaths: 0.
num_vsnodes_births: 3.
num_vsnodes_deaths: 0.
num_space_committed: 1248.
num_space_uncommitted: 0.
num_chunks_returned_to_freelist: 15.
num_chunks_taken_from_freelist: 3871.
num_chunk_merges: 6.
num_chunk_splits: 2812.
num_chunks_enlarged: 2234.
num_inconsistent_stats: 0.

CodeHeap 'non-profiled nmethods': size=120000Kb used=5875Kb max_used=5875Kb free=114124Kb
 bounds [0x0000011587ad0000, 0x0000011588090000, 0x000001158f000000]
CodeHeap 'profiled nmethods': size=120000Kb used=14291Kb max_used=14291Kb free=105708Kb
 bounds [0x0000011580000000, 0x0000011580e00000, 0x0000011587530000]
CodeHeap 'non-nmethods': size=5760Kb used=1926Kb max_used=1981Kb free=3833Kb
 bounds [0x0000011587530000, 0x00000115877a0000, 0x0000011587ad0000]
 total_blobs=8348 nmethods=7608 adapters=643
 compilation: enabled
              stopped_count=0, restarted_count=0
 full_count=0

Compilation events (20 events):
Event: 10.211 Thread 0x0000011593c15e00 nmethod 8556 0x0000011580dedc10 code [0x0000011580dede40, 0x0000011580dee4e8]
Event: 10.211 Thread 0x0000011593c12600 8554       4       org.springframework.boot.autoconfigure.condition.ConditionEvaluationReport::lambda$addNoMatchOutcomeToAncestors$2 (41 bytes)
Event: 10.212 Thread 0x0000011593c15e00 8558       3       org.springframework.boot.autoconfigure.condition.ConditionEvaluationReport$$Lambda/0x0000011595ad8d80::accept (16 bytes)
Event: 10.212 Thread 0x0000011593c15e00 nmethod 8558 0x0000011580dee790 code [0x0000011580deeb20, 0x0000011580df0138]
Event: 10.212 Thread 0x0000011593c15e00 8559       3       org.springframework.boot.autoconfigure.condition.ConditionEvaluationReport::lambda$getConditionAndOutcomesBySource$1 (13 bytes)
Event: 10.213 Thread 0x0000011593c15e00 nmethod 8559 0x0000011580df0910 code [0x0000011580df0c80, 0x0000011580df2018]
Event: 10.213 Thread 0x0000011593c15e00 8560       3       java.lang.ClassLoader::getParent (32 bytes)
Event: 10.213 Thread 0x0000011593c15e00 nmethod 8560 0x0000011580df2790 code [0x0000011580df2940, 0x0000011580df2ba0]
Event: 10.219 Thread 0x0000011593c12600 nmethod 8554 0x0000011588089a90 code [0x0000011588089ce0, 0x000001158808a700]
Event: 10.219 Thread 0x00000115d93fdb70 nmethod 8553 0x000001158808af10 code [0x000001158808b160, 0x000001158808bbf0]
Event: 10.219 Thread 0x0000011593c12600 8557       4       java.util.Collections$UnmodifiableCollection$1::hasNext (10 bytes)
Event: 10.219 Thread 0x00000115d93fdb70 8561   !   4       org.springframework.beans.factory.support.FactoryBeanRegistrySupport::getTypeForFactoryBean (22 bytes)
Event: 10.219 Thread 0x0000011593c12600 nmethod 8557 0x000001158808c490 code [0x000001158808c620, 0x000001158808c6d0]
Event: 10.220 Thread 0x00000115d93fdb70 nmethod 8561 0x000001158808c790 code [0x000001158808c920, 0x000001158808ca08]
Event: 13.180 Thread 0x0000011593c15e00 8562       1       java.lang.Thread::isInterrupted (5 bytes)
Event: 13.180 Thread 0x0000011593c15e00 nmethod 8562 0x000001158808cb10 code [0x000001158808cca0, 0x000001158808cd70]
Event: 16.679 Thread 0x0000011593c15e00 8563   !   3       java.util.zip.ZipFile$CleanableResource::run (251 bytes)
Event: 16.681 Thread 0x0000011593c15e00 nmethod 8563 0x0000011580df2c90 code [0x0000011580df2f60, 0x0000011580df4048]
Event: 16.681 Thread 0x0000011593c15e00 8564   !   3       java.util.zip.ZipFile$Source::release (50 bytes)
Event: 16.681 Thread 0x0000011593c15e00 nmethod 8564 0x0000011580df4810 code [0x0000011580df49e0, 0x0000011580df4d68]

GC Heap History (20 events):
Event: 4.057 GC heap before
{Heap before GC invocations=14 (full 0):
 garbage-first heap   total 133120K, used 111500K [0x0000000083600000, 0x0000000100000000)
  region size 1024K, 77 young (78848K), 10 survivors (10240K)
 Metaspace       used 33252K, committed 33728K, reserved 1114112K
  class space    used 4202K, committed 4416K, reserved 1048576K
}
Event: 4.066 GC heap after
{Heap after GC invocations=15 (full 0):
 garbage-first heap   total 133120K, used 48557K [0x0000000083600000, 0x0000000100000000)
  region size 1024K, 6 young (6144K), 6 survivors (6144K)
 Metaspace       used 33252K, committed 33728K, reserved 1114112K
  class space    used 4202K, committed 4416K, reserved 1048576K
}
Event: 4.253 GC heap before
{Heap before GC invocations=15 (full 0):
 garbage-first heap   total 133120K, used 114093K [0x0000000083600000, 0x0000000100000000)
  region size 1024K, 70 young (71680K), 6 survivors (6144K)
 Metaspace       used 33270K, committed 33728K, reserved 1114112K
  class space    used 4206K, committed 4416K, reserved 1048576K
}
Event: 4.258 GC heap after
{Heap after GC invocations=16 (full 0):
 garbage-first heap   total 133120K, used 50068K [0x0000000083600000, 0x0000000100000000)
  region size 1024K, 2 young (2048K), 2 survivors (2048K)
 Metaspace       used 33270K, committed 33728K, reserved 1114112K
  class space    used 4206K, committed 4416K, reserved 1048576K
}
Event: 4.484 GC heap before
{Heap before GC invocations=16 (full 0):
 garbage-first heap   total 133120K, used 118676K [0x0000000083600000, 0x0000000100000000)
  region size 1024K, 69 young (70656K), 2 survivors (2048K)
 Metaspace       used 33617K, committed 34176K, reserved 1114112K
  class space    used 4227K, committed 4480K, reserved 1048576K
}
Event: 4.488 GC heap after
{Heap after GC invocations=17 (full 0):
 garbage-first heap   total 205824K, used 50068K [0x0000000083600000, 0x0000000100000000)
  region size 1024K, 2 young (2048K), 2 survivors (2048K)
 Metaspace       used 33617K, committed 34176K, reserved 1114112K
  class space    used 4227K, committed 4480K, reserved 1048576K
}
Event: 5.325 GC heap before
{Heap before GC invocations=17 (full 0):
 garbage-first heap   total 205824K, used 169876K [0x0000000083600000, 0x0000000100000000)
  region size 1024K, 120 young (122880K), 2 survivors (2048K)
 Metaspace       used 33895K, committed 34432K, reserved 1114112K
  class space    used 4282K, committed 4544K, reserved 1048576K
}
Event: 5.328 GC heap after
{Heap after GC invocations=18 (full 0):
 garbage-first heap   total 205824K, used 50165K [0x0000000083600000, 0x0000000100000000)
  region size 1024K, 3 young (3072K), 3 survivors (3072K)
 Metaspace       used 33895K, committed 34432K, reserved 1114112K
  class space    used 4282K, committed 4544K, reserved 1048576K
}
Event: 5.731 GC heap before
{Heap before GC invocations=18 (full 0):
 garbage-first heap   total 205824K, used 130037K [0x0000000083600000, 0x0000000100000000)
  region size 1024K, 77 young (78848K), 3 survivors (3072K)
 Metaspace       used 35608K, committed 36096K, reserved 1114112K
  class space    used 4535K, committed 4800K, reserved 1048576K
}
Event: 5.734 GC heap after
{Heap after GC invocations=19 (full 0):
 garbage-first heap   total 205824K, used 51396K [0x0000000083600000, 0x0000000100000000)
  region size 1024K, 4 young (4096K), 4 survivors (4096K)
 Metaspace       used 35608K, committed 36096K, reserved 1114112K
  class space    used 4535K, committed 4800K, reserved 1048576K
}
Event: 6.632 GC heap before
{Heap before GC invocations=20 (full 0):
 garbage-first heap   total 153600K, used 132400K [0x0000000083600000, 0x0000000100000000)
  region size 1024K, 90 young (92160K), 4 survivors (4096K)
 Metaspace       used 41099K, committed 41600K, reserved 1114112K
  class space    used 5174K, committed 5376K, reserved 1048576K
}
Event: 6.635 GC heap after
{Heap after GC invocations=21 (full 0):
 garbage-first heap   total 153600K, used 44871K [0x0000000083600000, 0x0000000100000000)
  region size 1024K, 4 young (4096K), 4 survivors (4096K)
 Metaspace       used 41099K, committed 41600K, reserved 1114112K
  class space    used 5174K, committed 5376K, reserved 1048576K
}
Event: 7.205 GC heap before
{Heap before GC invocations=21 (full 0):
 garbage-first heap   total 153600K, used 132935K [0x0000000083600000, 0x0000000100000000)
  region size 1024K, 90 young (92160K), 4 survivors (4096K)
 Metaspace       used 47280K, committed 47808K, reserved 1114112K
  class space    used 6105K, committed 6336K, reserved 1048576K
}
Event: 7.210 GC heap after
{Heap after GC invocations=22 (full 0):
 garbage-first heap   total 153600K, used 36964K [0x0000000083600000, 0x0000000100000000)
  region size 1024K, 6 young (6144K), 6 survivors (6144K)
 Metaspace       used 47280K, committed 47808K, reserved 1114112K
  class space    used 6105K, committed 6336K, reserved 1048576K
}
Event: 8.208 GC heap before
{Heap before GC invocations=22 (full 0):
 garbage-first heap   total 153600K, used 87140K [0x0000000083600000, 0x0000000100000000)
  region size 1024K, 56 young (57344K), 6 survivors (6144K)
 Metaspace       used 60968K, committed 61568K, reserved 1114112K
  class space    used 8096K, committed 8384K, reserved 1048576K
}
Event: 8.214 GC heap after
{Heap after GC invocations=23 (full 0):
 garbage-first heap   total 153600K, used 39647K [0x0000000083600000, 0x0000000100000000)
  region size 1024K, 9 young (9216K), 9 survivors (9216K)
 Metaspace       used 60968K, committed 61568K, reserved 1114112K
  class space    used 8096K, committed 8384K, reserved 1048576K
}
Event: 9.233 GC heap before
{Heap before GC invocations=24 (full 0):
 garbage-first heap   total 147456K, used 118495K [0x0000000083600000, 0x0000000100000000)
  region size 1024K, 86 young (88064K), 9 survivors (9216K)
 Metaspace       used 70735K, committed 71360K, reserved 1114112K
  class space    used 9545K, committed 9792K, reserved 1048576K
}
Event: 9.244 GC heap after
{Heap after GC invocations=25 (full 0):
 garbage-first heap   total 147456K, used 43760K [0x0000000083600000, 0x0000000100000000)
  region size 1024K, 9 young (9216K), 9 survivors (9216K)
 Metaspace       used 70735K, committed 71360K, reserved 1114112K
  class space    used 9545K, committed 9792K, reserved 1048576K
}
Event: 10.049 GC heap before
{Heap before GC invocations=25 (full 0):
 garbage-first heap   total 147456K, used 121584K [0x0000000083600000, 0x0000000100000000)
  region size 1024K, 86 young (88064K), 9 survivors (9216K)
 Metaspace       used 76907K, committed 77632K, reserved 1179648K
  class space    used 10472K, committed 10816K, reserved 1048576K
}
Event: 10.060 GC heap after
{Heap after GC invocations=26 (full 0):
 garbage-first heap   total 147456K, used 47256K [0x0000000083600000, 0x0000000100000000)
  region size 1024K, 10 young (10240K), 10 survivors (10240K)
 Metaspace       used 76907K, committed 77632K, reserved 1179648K
  class space    used 10472K, committed 10816K, reserved 1048576K
}

Dll operation events (15 events):
Event: 0.011 Loaded shared library C:\Users\Lenovo\.jdks\openjdk-21.0.2\bin\java.dll
Event: 0.047 Loaded shared library C:\Users\Lenovo\.jdks\openjdk-21.0.2\bin\jsvml.dll
Event: 0.141 Loaded shared library C:\Users\Lenovo\.jdks\openjdk-21.0.2\bin\zip.dll
Event: 0.145 Loaded shared library C:\Users\Lenovo\.jdks\openjdk-21.0.2\bin\instrument.dll
Event: 0.149 Loaded shared library C:\Users\Lenovo\.jdks\openjdk-21.0.2\bin\net.dll
Event: 0.150 Loaded shared library C:\Users\Lenovo\.jdks\openjdk-21.0.2\bin\nio.dll
Event: 0.153 Loaded shared library C:\Users\Lenovo\.jdks\openjdk-21.0.2\bin\zip.dll
Event: 0.255 Loaded shared library C:\Program Files\JetBrains\IntelliJ IDEA Community Edition 2024.1.2\bin\breakgen64.dll
Event: 0.264 Loaded shared library C:\Users\Lenovo\.jdks\openjdk-21.0.2\bin\extnet.dll
Event: 0.297 Loaded shared library C:\Users\Lenovo\.jdks\openjdk-21.0.2\bin\jimage.dll
Event: 1.460 Loaded shared library C:\Users\Lenovo\.jdks\openjdk-21.0.2\bin\sunmscapi.dll
Event: 2.983 Loaded shared library C:\Users\Lenovo\.jdks\openjdk-21.0.2\bin\management.dll
Event: 2.985 Loaded shared library C:\Users\Lenovo\.jdks\openjdk-21.0.2\bin\management_ext.dll
Event: 3.332 Loaded shared library C:\Users\Lenovo\.jdks\openjdk-21.0.2\bin\verify.dll
Event: 5.831 Loaded shared library C:\Users\Lenovo\AppData\Local\Temp\jna--2022488749\jna3401264448217143975.dll

Deoptimization events (20 events):
Event: 10.149 Thread 0x00000115f5be5600 DEOPT PACKING pc=0x0000011587b57d8c sp=0x00000014bd4ff1a0
Event: 10.149 Thread 0x00000115f5be5600 DEOPT UNPACKING pc=0x0000011587587da2 sp=0x00000014bd4ff130 mode 2
Event: 10.183 Thread 0x00000115f5be5600 Uncommon trap: trap_request=0xffffff45 fr.pc=0x0000011587e5da2c relative=0x00000000000026cc
Event: 10.183 Thread 0x00000115f5be5600 Uncommon trap: reason=unstable_if action=reinterpret pc=0x0000011587e5da2c method=java.util.WeakHashMap.expungeStaleEntries()V @ 9 c2
Event: 10.183 Thread 0x00000115f5be5600 DEOPT PACKING pc=0x0000011587e5da2c sp=0x00000014bd4fd640
Event: 10.183 Thread 0x00000115f5be5600 DEOPT UNPACKING pc=0x0000011587587da2 sp=0x00000014bd4fd370 mode 2
Event: 10.183 Thread 0x00000115f5be5600 DEOPT PACKING pc=0x0000011580bc9b03 sp=0x00000014bd4fd510
Event: 10.183 Thread 0x00000115f5be5600 DEOPT UNPACKING pc=0x00000115875888e2 sp=0x00000014bd4fca18 mode 0
Event: 10.202 Thread 0x00000115f5be5600 Uncommon trap: trap_request=0xffffff45 fr.pc=0x0000011587d7fdd4 relative=0x0000000000000774
Event: 10.202 Thread 0x00000115f5be5600 Uncommon trap: reason=unstable_if action=reinterpret pc=0x0000011587d7fdd4 method=java.lang.String.newStringUTF8NoRepl([BIIZ)Ljava/lang/String; @ 41 c2
Event: 10.202 Thread 0x00000115f5be5600 DEOPT PACKING pc=0x0000011587d7fdd4 sp=0x00000014bd4fe0e0
Event: 10.202 Thread 0x00000115f5be5600 DEOPT UNPACKING pc=0x0000011587587da2 sp=0x00000014bd4fe098 mode 2
Event: 10.207 Thread 0x00000115f5be5600 Uncommon trap: trap_request=0xffffff45 fr.pc=0x0000011587ebc3b0 relative=0x0000000000000110
Event: 10.207 Thread 0x00000115f5be5600 Uncommon trap: reason=unstable_if action=reinterpret pc=0x0000011587ebc3b0 method=java.util.ArrayList.indexOfRange(Ljava/lang/Object;II)I @ 7 c2
Event: 10.207 Thread 0x00000115f5be5600 DEOPT PACKING pc=0x0000011587ebc3b0 sp=0x00000014bd4fef20
Event: 10.207 Thread 0x00000115f5be5600 DEOPT UNPACKING pc=0x0000011587587da2 sp=0x00000014bd4feea0 mode 2
Event: 10.212 Thread 0x00000115f5be5600 Uncommon trap: trap_request=0xffffffde fr.pc=0x0000011588003f48 relative=0x00000000000000a8
Event: 10.212 Thread 0x00000115f5be5600 Uncommon trap: reason=class_check action=maybe_recompile pc=0x0000011588003f48 method=java.util.Collections$2.tryAdvance(Ljava/util/function/Consumer;)Z @ 29 c2
Event: 10.212 Thread 0x00000115f5be5600 DEOPT PACKING pc=0x0000011588003f48 sp=0x00000014bd4ff100
Event: 10.212 Thread 0x00000115f5be5600 DEOPT UNPACKING pc=0x0000011587587da2 sp=0x00000014bd4ff030 mode 2

Classes loaded (20 events):
Event: 10.164 Loading class java/nio/channels/spi/AbstractSelector$1
Event: 10.164 Loading class java/nio/channels/spi/AbstractSelector$1 done
Event: 10.165 Loading class java/util/TreeMap$ValueSpliterator
Event: 10.166 Loading class java/util/TreeMap$TreeMapSpliterator
Event: 10.166 Loading class java/util/TreeMap$TreeMapSpliterator done
Event: 10.166 Loading class java/util/TreeMap$ValueSpliterator done
Event: 10.183 Loading class java/io/BufferedReader$1
Event: 10.183 Loading class java/io/BufferedReader$1 done
Event: 10.200 Loading class java/util/concurrent/ConcurrentHashMap$ValueSpliterator
Event: 10.200 Loading class java/util/concurrent/ConcurrentHashMap$ValueSpliterator done
Event: 10.203 Loading class java/nio/file/FileSystemAlreadyExistsException
Event: 10.203 Loading class java/nio/file/FileSystemAlreadyExistsException done
Event: 21.776 Loading class java/nio/BufferOverflowException
Event: 21.776 Loading class java/nio/BufferOverflowException done
Event: 21.777 Loading class java/nio/channels/ClosedChannelException
Event: 21.777 Loading class java/nio/channels/ClosedChannelException done
Event: 21.778 Loading class java/nio/channels/ReadPendingException
Event: 21.778 Loading class java/nio/channels/ReadPendingException done
Event: 21.778 Loading class java/nio/channels/WritePendingException
Event: 21.778 Loading class java/nio/channels/WritePendingException done

Classes unloaded (0 events):
No events

Classes redefined (0 events):
No events

Internal exceptions (20 events):
Event: 8.680 Thread 0x00000115f5be5600 Implicit null exception at 0x0000011587fe4aba to 0x0000011587fe4af4
Event: 8.709 Thread 0x00000115f5be5600 Exception <a 'java/lang/IncompatibleClassChangeError'{0x000000008aa877a0}: Found class java.lang.Object, but interface was expected> (0x000000008aa877a0) 
thrown [s\open\src\hotspot\share\interpreter\linkResolver.cpp, line 840]
Event: 8.712 Thread 0x00000115f5be5600 Implicit null exception at 0x0000011587f7ab06 to 0x0000011587f7c52c
Event: 8.717 Thread 0x00000115f5be5600 Exception <a 'java/lang/IncompatibleClassChangeError'{0x000000008aaf7400}: Found class java.lang.Object, but interface was expected> (0x000000008aaf7400) 
thrown [s\open\src\hotspot\share\interpreter\linkResolver.cpp, line 840]
Event: 8.747 Thread 0x00000115f5be5600 Exception <a 'java/lang/IncompatibleClassChangeError'{0x000000008a85a700}: Found class java.lang.Object, but interface was expected> (0x000000008a85a700) 
thrown [s\open\src\hotspot\share\interpreter\linkResolver.cpp, line 840]
Event: 8.875 Thread 0x00000115f5be5600 Exception <a 'java/lang/IncompatibleClassChangeError'{0x000000008a092228}: Found class java.lang.Object, but interface was expected> (0x000000008a092228) 
thrown [s\open\src\hotspot\share\interpreter\linkResolver.cpp, line 840]
Event: 8.950 Thread 0x00000115f5be5600 Exception <a 'java/lang/NoSuchMethodError'{0x0000000089090c78}: 'java.lang.Object java.lang.invoke.Invokers$Holder.invoke_MT(java.lang.Object, java.lang.Object, java.lang.Object, java.lang.Object, java.lang.Object, java.lang.Object, java.lang.Object, java.lang.Object, java.lang.Object)'> (0x0000000089090c78) 
thrown [s\open\src\hotspot\share\interpreter\linkResolver.cpp, line 773]
Event: 8.952 Thread 0x00000115f5be5600 Exception <a 'java/lang/IncompatibleClassChangeError'{0x00000000890b7118}: Found class java.lang.Object, but interface was expected> (0x00000000890b7118) 
thrown [s\open\src\hotspot\share\interpreter\linkResolver.cpp, line 840]
Event: 9.587 Thread 0x00000115f5be5600 Exception <a 'java/lang/NoSuchMethodError'{0x0000000089edb8e8}: 'java.lang.Object java.lang.invoke.DirectMethodHandle$Holder.newInvokeSpecial(java.lang.Object, java.lang.Object, java.lang.Object, java.lang.Object, java.lang.Object, java.lang.Object, java.lang.Object, java.lang.Object, java.lang.Object)'> (0x0000000089edb8e8) 
thrown [s\open\src\hotspot\share\interpreter\linkResolver.cpp, line 773]
Event: 9.644 Thread 0x00000115f5be5600 Exception <a 'java/lang/NoSuchMethodError'{0x0000000089aa96a0}: 'java.lang.Object java.lang.invoke.DirectMethodHandle$Holder.invokeInterface(java.lang.Object, java.lang.Object, java.lang.Object, java.lang.Object)'> (0x0000000089aa96a0) 
thrown [s\open\src\hotspot\share\interpreter\linkResolver.cpp, line 773]
Event: 9.808 Thread 0x00000115f5be5600 Exception <a 'java/lang/NoSuchMethodError'{0x00000000891a99f0}: 'void java.lang.invoke.DirectMethodHandle$Holder.invokeStatic(java.lang.Object, java.lang.Object, int)'> (0x00000000891a99f0) 
thrown [s\open\src\hotspot\share\interpreter\linkResolver.cpp, line 773]
Event: 9.851 Thread 0x00000115f5be5600 Exception <a 'java/lang/IncompatibleClassChangeError'{0x0000000088d79008}: Found class java.lang.Object, but interface was expected> (0x0000000088d79008) 
thrown [s\open\src\hotspot\share\interpreter\linkResolver.cpp, line 840]
Event: 9.884 Thread 0x00000115f5be5600 Exception <a 'java/lang/NoSuchMethodError'{0x0000000088b031d0}: 'void java.lang.invoke.DirectMethodHandle$Holder.invokeVirtual(java.lang.Object, java.lang.Object, long)'> (0x0000000088b031d0) 
thrown [s\open\src\hotspot\share\interpreter\linkResolver.cpp, line 773]
Event: 9.957 Thread 0x00000115f5be5600 Exception <a 'java/lang/IncompatibleClassChangeError'{0x00000000887000c0}: Found class java.lang.Object, but interface was expected> (0x00000000887000c0) 
thrown [s\open\src\hotspot\share\interpreter\linkResolver.cpp, line 840]
Event: 9.964 Thread 0x00000115f5be5600 Implicit null exception at 0x0000011587c47788 to 0x0000011587c479dc
Event: 9.966 Thread 0x00000115f5be5600 Implicit null exception at 0x0000011588042d3b to 0x000001158804404c
Event: 10.151 Thread 0x00000115f5be5600 Exception <a 'java/lang/NoSuchMethodError'{0x000000008bf4ab90}: 'java.lang.Object java.lang.invoke.DirectMethodHandle$Holder.newInvokeSpecial(java.lang.Object, java.lang.Object, int, java.lang.Object, java.lang.Object)'> (0x000000008bf4ab90) 
thrown [s\open\src\hotspot\share\interpreter\linkResolver.cpp, line 773]
Event: 10.151 Thread 0x00000115f5be5600 Exception <a 'java/lang/NoSuchMethodError'{0x000000008bf555d0}: 'java.lang.Object java.lang.invoke.DirectMethodHandle$Holder.invokeSpecial(java.lang.Object, java.lang.Object, int, java.lang.Object, int, java.lang.Object)'> (0x000000008bf555d0) 
thrown [s\open\src\hotspot\share\interpreter\linkResolver.cpp, line 773]
Event: 10.152 Thread 0x00000115f5be5600 Exception <a 'java/lang/NoSuchMethodError'{0x000000008bf5c380}: 'java.lang.Object java.lang.invoke.DirectMethodHandle$Holder.newInvokeSpecial(java.lang.Object, java.lang.Object, int, java.lang.Object, int)'> (0x000000008bf5c380) 
thrown [s\open\src\hotspot\share\interpreter\linkResolver.cpp, line 773]
Event: 10.152 Thread 0x00000115f5be5600 Exception <a 'java/lang/NoSuchMethodError'{0x000000008bf601a8}: 'java.lang.Object java.lang.invoke.DirectMethodHandle$Holder.invokeSpecial(java.lang.Object, java.lang.Object, java.lang.Object, int, java.lang.Object, int)'> (0x000000008bf601a8) 
thrown [s\open\src\hotspot\share\interpreter\linkResolver.cpp, line 773]

ZGC Phase Switch (0 events):
No events

VM Operations (20 events):
Event: 9.726 Executing VM operation: HandshakeAllThreads (Deoptimize)
Event: 9.726 Executing VM operation: HandshakeAllThreads (Deoptimize) done
Event: 9.755 Executing VM operation: HandshakeAllThreads (Deoptimize)
Event: 9.755 Executing VM operation: HandshakeAllThreads (Deoptimize) done
Event: 9.772 Executing VM operation: HandshakeAllThreads (Deoptimize)
Event: 9.772 Executing VM operation: HandshakeAllThreads (Deoptimize) done
Event: 9.773 Executing VM operation: HandshakeAllThreads (Deoptimize)
Event: 9.773 Executing VM operation: HandshakeAllThreads (Deoptimize) done
Event: 9.811 Executing VM operation: ICBufferFull
Event: 9.811 Executing VM operation: ICBufferFull done
Event: 9.899 Executing VM operation: HandshakeAllThreads (Deoptimize)
Event: 9.900 Executing VM operation: HandshakeAllThreads (Deoptimize) done
Event: 10.049 Executing VM operation: G1CollectForAllocation (G1 Evacuation Pause)
Event: 10.060 Executing VM operation: G1CollectForAllocation (G1 Evacuation Pause) done
Event: 10.078 Executing VM operation: HandshakeAllThreads (Deoptimize)
Event: 10.078 Executing VM operation: HandshakeAllThreads (Deoptimize) done
Event: 10.149 Executing VM operation: HandshakeAllThreads (Deoptimize)
Event: 10.149 Executing VM operation: HandshakeAllThreads (Deoptimize) done
Event: 11.157 Executing VM operation: Cleanup
Event: 11.157 Executing VM operation: Cleanup done

Events (20 events):
Event: 8.248 Thread 0x0000011593bd0db0 flushing nmethod 0x0000011587ae1d10
Event: 10.128 Thread 0x00000115ded8a090 Thread added: 0x00000115ded8a090
Event: 10.129 Thread 0x00000115ded83100 Thread added: 0x00000115ded83100
Event: 10.129 Thread 0x00000115ded83790 Thread added: 0x00000115ded83790
Event: 10.157 Thread 0x00000115e052fd30 Thread added: 0x00000115e052fd30
Event: 10.157 Thread 0x00000115e0533840 Thread added: 0x00000115e0533840
Event: 10.157 Thread 0x00000115e0531e00 Thread added: 0x00000115e0531e00
Event: 10.157 Thread 0x00000115e05331b0 Thread added: 0x00000115e05331b0
Event: 10.157 Thread 0x00000115e05303c0 Thread added: 0x00000115e05303c0
Event: 10.157 Thread 0x00000115e0531770 Thread added: 0x00000115e0531770
Event: 10.157 Thread 0x00000115e0532490 Thread added: 0x00000115e0532490
Event: 10.157 Thread 0x00000115e0533ed0 Thread added: 0x00000115e0533ed0
Event: 10.157 Thread 0x00000115e052f6a0 Thread added: 0x00000115e052f6a0
Event: 10.157 Thread 0x00000115e05310e0 Thread added: 0x00000115e05310e0
Event: 10.164 Thread 0x00000115e0534bf0 Thread added: 0x00000115e0534bf0
Event: 10.165 Thread 0x00000115e0534560 Thread added: 0x00000115e0534560
Event: 10.215 Thread 0x00000115f5be5600 Thread exited: 0x00000115f5be5600
Event: 10.215 Thread 0x00000115e0532b20 Thread added: 0x00000115e0532b20
Event: 13.116 Thread 0x00000115ded86580 Thread exited: 0x00000115ded86580
Event: 13.180 Thread 0x00000115d93fdb70 Thread exited: 0x00000115d93fdb70


Dynamic libraries:
0x00007ff7eb940000 - 0x00007ff7eb94e000 	C:\Users\Lenovo\.jdks\openjdk-21.0.2\bin\java.exe
0x00007ffd51c70000 - 0x00007ffd51e88000 	C:\WINDOWS\SYSTEM32\ntdll.dll
0x00007ffd4f910000 - 0x00007ffd4f9d4000 	C:\WINDOWS\System32\KERNEL32.DLL
0x00007ffd4ed80000 - 0x00007ffd4f153000 	C:\WINDOWS\System32\KERNELBASE.dll
0x00007ffd4f160000 - 0x00007ffd4f271000 	C:\WINDOWS\System32\ucrtbase.dll
0x00007ffd3c560000 - 0x00007ffd3c57b000 	C:\Users\Lenovo\.jdks\openjdk-21.0.2\bin\VCRUNTIME140.dll
0x00007ffd3c4a0000 - 0x00007ffd3c4b8000 	C:\Users\Lenovo\.jdks\openjdk-21.0.2\bin\jli.dll
0x00007ffd514b0000 - 0x00007ffd51662000 	C:\WINDOWS\System32\USER32.dll
0x00007ffd4f710000 - 0x00007ffd4f736000 	C:\WINDOWS\System32\win32u.dll
0x00007ffd31790000 - 0x00007ffd31a2c000 	C:\WINDOWS\WinSxS\amd64_microsoft.windows.common-controls_6595b64144ccf1df_6.0.22621.6060_none_2712eda17382d24b\COMCTL32.dll
0x00007ffd511a0000 - 0x00007ffd511c9000 	C:\WINDOWS\System32\GDI32.dll
0x00007ffd4fd80000 - 0x00007ffd4fe27000 	C:\WINDOWS\System32\msvcrt.dll
0x00007ffd4f740000 - 0x00007ffd4f85b000 	C:\WINDOWS\System32\gdi32full.dll
0x00007ffd4f470000 - 0x00007ffd4f50a000 	C:\WINDOWS\System32\msvcp_win.dll
0x00007ffd51160000 - 0x00007ffd51191000 	C:\WINDOWS\System32\IMM32.DLL
0x00007ffd3c550000 - 0x00007ffd3c55c000 	C:\Users\Lenovo\.jdks\openjdk-21.0.2\bin\vcruntime140_1.dll
0x00007ffd1f650000 - 0x00007ffd1f6de000 	C:\Users\Lenovo\.jdks\openjdk-21.0.2\bin\msvcp140.dll
0x00007ffcf4410000 - 0x00007ffcf5127000 	C:\Users\Lenovo\.jdks\openjdk-21.0.2\bin\server\jvm.dll
0x00007ffd50e40000 - 0x00007ffd50ef1000 	C:\WINDOWS\System32\ADVAPI32.dll
0x00007ffd51ad0000 - 0x00007ffd51b78000 	C:\WINDOWS\System32\sechost.dll
0x00007ffd4f8e0000 - 0x00007ffd4f908000 	C:\WINDOWS\System32\bcrypt.dll
0x00007ffd51390000 - 0x00007ffd514a8000 	C:\WINDOWS\System32\RPCRT4.dll
0x00007ffd4fd00000 - 0x00007ffd4fd71000 	C:\WINDOWS\System32\WS2_32.dll
0x00007ffd4ec50000 - 0x00007ffd4ec9d000 	C:\WINDOWS\SYSTEM32\POWRPROF.dll
0x00007ffd45460000 - 0x00007ffd45494000 	C:\WINDOWS\SYSTEM32\WINMM.dll
0x00007ffd3f8a0000 - 0x00007ffd3f8aa000 	C:\WINDOWS\SYSTEM32\VERSION.dll
0x00007ffd4ec30000 - 0x00007ffd4ec43000 	C:\WINDOWS\SYSTEM32\UMPDC.dll
0x00007ffd4dd60000 - 0x00007ffd4dd78000 	C:\WINDOWS\SYSTEM32\kernel.appcore.dll
0x00007ffd3c490000 - 0x00007ffd3c49a000 	C:\Users\Lenovo\.jdks\openjdk-21.0.2\bin\jimage.dll
0x00007ffd4c6c0000 - 0x00007ffd4c8f3000 	C:\WINDOWS\SYSTEM32\DBGHELP.DLL
0x00007ffd51720000 - 0x00007ffd51ab1000 	C:\WINDOWS\System32\combase.dll
0x00007ffd50f00000 - 0x00007ffd50fd8000 	C:\WINDOWS\System32\OLEAUT32.dll
0x00007ffd3ec20000 - 0x00007ffd3ec52000 	C:\WINDOWS\SYSTEM32\dbgcore.DLL
0x00007ffd4f280000 - 0x00007ffd4f2fb000 	C:\WINDOWS\System32\bcryptPrimitives.dll
0x00007ffd4b480000 - 0x00007ffd4b48f000 	C:\Users\Lenovo\.jdks\openjdk-21.0.2\bin\instrument.dll
0x00007ffd3b4e0000 - 0x00007ffd3b4ff000 	C:\Users\Lenovo\.jdks\openjdk-21.0.2\bin\java.dll
0x00007ffd502c0000 - 0x00007ffd50b5c000 	C:\WINDOWS\System32\SHELL32.dll
0x00007ffd4f5d0000 - 0x00007ffd4f70f000 	C:\WINDOWS\System32\wintypes.dll
0x00007ffd4cc80000 - 0x00007ffd4d59a000 	C:\WINDOWS\SYSTEM32\windows.storage.dll
0x00007ffd4fa40000 - 0x00007ffd4fb44000 	C:\WINDOWS\System32\SHCORE.dll
0x00007ffd50c00000 - 0x00007ffd50c69000 	C:\WINDOWS\System32\shlwapi.dll
0x00007ffd4ecb0000 - 0x00007ffd4ecd5000 	C:\WINDOWS\SYSTEM32\profapi.dll
0x00007ffd19c80000 - 0x00007ffd19d57000 	C:\Users\Lenovo\.jdks\openjdk-21.0.2\bin\jsvml.dll
0x00007ffd1f610000 - 0x00007ffd1f628000 	C:\Users\Lenovo\.jdks\openjdk-21.0.2\bin\zip.dll
0x00007ffd3c410000 - 0x00007ffd3c420000 	C:\Users\Lenovo\.jdks\openjdk-21.0.2\bin\net.dll
0x00007ffd477b0000 - 0x00007ffd478dc000 	C:\WINDOWS\SYSTEM32\WINHTTP.dll
0x00007ffd4e240000 - 0x00007ffd4e2a9000 	C:\WINDOWS\system32\mswsock.dll
0x00007ffd1f630000 - 0x00007ffd1f646000 	C:\Users\Lenovo\.jdks\openjdk-21.0.2\bin\nio.dll
0x00007ffd49d80000 - 0x00007ffd49d9a000 	C:\Program Files\JetBrains\IntelliJ IDEA Community Edition 2024.1.2\bin\breakgen64.dll
0x00007ffd1f5e0000 - 0x00007ffd1f5e9000 	C:\Users\Lenovo\.jdks\openjdk-21.0.2\bin\extnet.dll
0x00007ffd1a900000 - 0x00007ffd1a90e000 	C:\Users\Lenovo\.jdks\openjdk-21.0.2\bin\sunmscapi.dll
0x00007ffd4f300000 - 0x00007ffd4f468000 	C:\WINDOWS\System32\CRYPT32.dll
0x00007ffd4e630000 - 0x00007ffd4e65e000 	C:\WINDOWS\SYSTEM32\ncrypt.dll
0x00007ffd4e5f0000 - 0x00007ffd4e627000 	C:\WINDOWS\SYSTEM32\NTASN1.dll
0x00007ffd4e490000 - 0x00007ffd4e4ab000 	C:\WINDOWS\SYSTEM32\CRYPTSP.dll
0x00007ffd4dcc0000 - 0x00007ffd4dcf7000 	C:\WINDOWS\system32\rsaenh.dll
0x00007ffd4e330000 - 0x00007ffd4e358000 	C:\WINDOWS\SYSTEM32\USERENV.dll
0x00007ffd4e4b0000 - 0x00007ffd4e4bc000 	C:\WINDOWS\SYSTEM32\CRYPTBASE.dll
0x00007ffd4d840000 - 0x00007ffd4d86d000 	C:\WINDOWS\SYSTEM32\IPHLPAPI.DLL
0x00007ffd50cc0000 - 0x00007ffd50cc9000 	C:\WINDOWS\System32\NSI.dll
0x00007ffd49d70000 - 0x00007ffd49d7a000 	C:\Users\Lenovo\.jdks\openjdk-21.0.2\bin\management.dll
0x00007ffd3fd40000 - 0x00007ffd3fd4b000 	C:\Users\Lenovo\.jdks\openjdk-21.0.2\bin\management_ext.dll
0x00007ffd502b0000 - 0x00007ffd502b8000 	C:\WINDOWS\System32\PSAPI.DLL
0x00007ffd3c6d0000 - 0x00007ffd3c6e0000 	C:\Users\Lenovo\.jdks\openjdk-21.0.2\bin\verify.dll
0x00007ffd0de60000 - 0x00007ffd0dea5000 	C:\Users\Lenovo\AppData\Local\Temp\jna--2022488749\jna3401264448217143975.dll
0x00007ffd4fb50000 - 0x00007ffd4fcf1000 	C:\WINDOWS\System32\Ole32.dll
0x00007ffd51670000 - 0x00007ffd51720000 	C:\WINDOWS\System32\clbcatq.dll
0x00007ffd27900000 - 0x00007ffd2791d000 	C:\WINDOWS\SYSTEM32\amsi.dll
0x00007ffd25440000 - 0x00007ffd25540000 	C:\Program Files\Avast Software\Avast\aswAMSI.dll
0x00007ffd4d870000 - 0x00007ffd4d968000 	C:\WINDOWS\SYSTEM32\DNSAPI.dll
0x00007ffd3f660000 - 0x00007ffd3f66a000 	C:\Windows\System32\rasadhlp.dll
0x00007ffd3f790000 - 0x00007ffd3f814000 	C:\WINDOWS\System32\fwpuclnt.dll
0x00007ffd3c350000 - 0x00007ffd3c358000 	C:\WINDOWS\system32\wshunix.dll

dbghelp: loaded successfully - version: 4.0.5 - missing functions: none
symbol engine: initialized successfully - sym options: 0x614 - pdb path: .;C:\Users\Lenovo\.jdks\openjdk-21.0.2\bin;C:\WINDOWS\SYSTEM32;C:\WINDOWS\WinSxS\amd64_microsoft.windows.common-controls_6595b64144ccf1df_6.0.22621.6060_none_2712eda17382d24b;C:\Users\Lenovo\.jdks\openjdk-21.0.2\bin\server;C:\Program Files\JetBrains\IntelliJ IDEA Community Edition 2024.1.2\bin;C:\Users\Lenovo\AppData\Local\Temp\jna--2022488749;C:\Program Files\Avast Software\Avast

VM Arguments:
jvm_args: -javaagent:C:\Program Files\JetBrains\IntelliJ IDEA Community Edition 2024.1.2\lib\idea_rt.jar=53966:C:\Program Files\JetBrains\IntelliJ IDEA Community Edition 2024.1.2\bin -Dfile.encoding=UTF-8 -Dsun.stdout.encoding=UTF-8 -Dsun.stderr.encoding=UTF-8 
java_command: com.dam.pms.Main
java_class_path (initial): D:\Master\DAM2\Proiect_SAM3.2\target\classes;C:\Users\Lenovo\.m2\repository\com\vaadin\vaadin-spring-boot-starter\24.3.5\vaadin-spring-boot-starter-24.3.5.jar;C:\Users\Lenovo\.m2\repository\com\vaadin\vaadin-spring\24.3.5\vaadin-spring-24.3.5.jar;C:\Users\Lenovo\.m2\repository\com\vaadin\flow-server\24.3.5\flow-server-24.3.5.jar;C:\Users\Lenovo\.m2\repository\com\vaadin\servletdetector\throw-if-servlet3\1.0.2\throw-if-servlet3-1.0.2.jar;C:\Users\Lenovo\.m2\repository\com\vaadin\external\gwt\gwt-elemental\2.8.2.vaadin2\gwt-elemental-2.8.2.vaadin2.jar;C:\Users\Lenovo\.m2\repository\org\apache\commons\commons-fileupload2-jakarta\2.0.0-M1\commons-fileupload2-jakarta-2.0.0-M1.jar;C:\Users\Lenovo\.m2\repository\org\apache\commons\commons-fileupload2-core\2.0.0-M1\commons-fileupload2-core-2.0.0-M1.jar;C:\Users\Lenovo\.m2\repository\commons-io\commons-io\2.15.0\commons-io-2.15.0.jar;C:\Users\Lenovo\.m2\repository\com\fasterxml\jackson\core\jackson-core\2.15.3\jackson-core-2.15.3.jar;C:\Users\Lenovo\.m2\repository\org\jsoup\jsoup\1.17.2\jsoup-1.17.2.jar;C:\Users\Lenovo\.m2\repository\com\helger\ph-css\7.0.1\ph-css-7.0.1.jar;C:\Users\Lenovo\.m2\repository\com\helger\commons\ph-commons\11.1.0\ph-commons-11.1.0.jar;C:\Users\Lenovo\.m2\repository\org\ow2\asm\asm\9.6\asm-9.6.jar;C:\Users\Lenovo\.m2\repository\com\vaadin\external\gentyref\1.2.0.vaadin1\gentyref-1.2.0.vaadin1.jar;C:\Users\Lenovo\.m2\repository\org\apache\commons\commons-compress\1.25.0\commons-compress-1.25.0.jar;C:\Users\Lenovo\.m2\repository\com\vaadin\flow-push\24.3.5\flow-push-24.3.5.jar;C:\Users\Lenovo\.m2\repository\com\vaadin\external\atmosphere\atmosphere-runtime\3.0.3.slf4jvaadin2\atmosphere-runtime-3.0.3.slf4jvaadin2.jar;C:\Users\Lenovo\.m2\repository\com\vaadin\flow-client\24.3.5\flow-client-24.3.5.jar;C:\Users\Lenovo\.m2\repository\org\springframework\spring-websocket\6.1.1\spring-websocket-6.1.1.jar;C:\Users\Lenovo\.m2\repository\org\hibernate\validator\hibernate-validator\8.0.1.Final\hibernate-validator-8.0.1.Final.jar;C:\Users\Lenovo\.m2\repository\jakarta\validation\jakarta.validation-api\3.0.2\jakarta.validation-api-3.0.2.jar;C:\Users\Lenovo\.m2\repository\org\reflections\reflections\0.10.2\reflections-0.10.2.jar;C:\Users\Lenovo\.m2\repository\org\javassist\javassist\3.28.0-GA\javassist-3.28.0-GA.jar;C:\Users\Lenovo\.m2\repository\com\google\code\findbugs\jsr305\3.0.2\jsr305-3.0.2.jar;C:\Users\Lenovo\.m2\repository\com\vaadin\vaadin-core\24.3.5\vaadin-core-24.3.5.jar;C:\Users\Lenovo\.m2\repository\com\vaadin\vaadin-core-internal\24.3.5\vaadin-core-internal-24.3.5.jar;C:\Users\Lenovo\.m2\repository\com\vaadin\flow-lit-template\24.3.5\flow-lit-template-24.3.5.jar;C:\Users\Lenovo\.m2\repository\com\vaadin\flow-html-components\24.3.5\flow-html-components-24.3.5.jar;C:\Users\Lenovo\.m2\repository\com\vaadin\flow-data\24.3.5\flow-data-24.3.5.jar;C:\Users\Lenovo\.m2\repository\com\vaadin\flow-dnd\24.3.5\flow-dnd-24.3.5.jar;C:\Users\Lenovo\.m2\repository\com\vaadin\vaadin-lumo-theme\24.3.5\vaadin-lumo-theme-24.3.5.jar;C:\Users\Lenovo\.m2\repository\com\vaadin\vaadin-material-theme\24.3.5\vaadin-material-theme-24.3.5.jar;C:\Users\Lenovo\.m2\repository\com\vaadin\vaadin-accordion-flow\24.3.5\vaadin-accordion-flow-24.3.5.jar;C:\Users\Lenovo\.m2\repository\com\vaadin\vaadin-avatar-flow\24.3.5\vaadin-avatar-flow-24.3.5.jar;C:\Users\Lenovo\.m2\repository\com\vaadin\vaadin-flow-components-base\24.3.5\vaadin-flow-components-base-24.3.5.jar;C:\Users\Lenovo\.m2\repository\com\vaadin\vaadin-button-flow\24.3.5\vaadin-button-flow-24.3.5.jar;C:\Users\Lenovo\.m2\repository\com\vaadin\vaadin-checkbox-flow\24.3.5\vaadin-checkbox-flow-24.3.5.jar;C:\Users\Lenovo\.m2\repository\com\vaadin\vaadin-combo-box-flow\24.3.5\vaadin-combo-box-flow-24.3.5.jar;C:\Users\Lenovo\.m2\repository\com\vaadin\vaadin-confirm-dialog-flow\24.3.5\vaadin-confirm-dialog-flow-24.3.5.jar;C:\Users\Lenovo\.m2\repository\com\vaadin\vaadin-custom-field-flow\24.3.5\vaadin-custom-field-flow-24.3.5.jar;C:\Users\Lenovo\.m2\repository\com\vaadin\vaadin-date-picker-flow\24.3.5\vaadin-date-picker-flow-24.3.5.jar;C:\Users\Lenovo\.m2\repository\com\vaadin\vaadin-date-time-picker-flow\24.3.5\vaadin-date-time-picker-flow-24.3.5.jar;C:\Users\Lenovo\.m2\repository\com\vaadin\vaadin-details-flow\24.3.5\vaadin-details-flow-24.3.5.jar;C:\Users\Lenovo\.m2\repository\com\vaadin\vaadin-time-picker-flow\24.3.5\vaadin-time-picker-flow-24.3.5.jar;C:\Users\Lenovo\.m2\repository\com\vaadin\vaadin-select-flow\24.3.5\vaadin-select-flow-24.3.5.jar;C:\Users\Lenovo\.m2\repository\com\vaadin\vaadin-side-nav-flow\24.3.5\vaadin-side-nav-flow-24.3.5.jar;C:\Users\Lenovo\.m2\repository\com\vaadin\vaadin-dialog-flow\24.3.5\vaadin-dialog-flow-24.3.5.jar;C:\Users\Lenovo\.m2\repository\com\vaadin\vaadin-form-layout-flow\24.3.5\vaadin-form-layout-flow-24.3.5.jar;C:\Users\Lenovo\.m2\repository\com\vaadin\vaadin-field-highlighter-flow\24.3.5\vaadin-field-highlighter-flow-24.3.5.jar;C:\Users\Lenovo\.m2\repository\com\vaadin\vaadin-grid-flow\24.3.5\vaadin-grid-flow-24.3.5.jar;C:\Users\Lenovo\.m2\repository\org\apache\commons\commons-lang3\3.13.0\commons-lang3-3.13.0.jar;C:\Users\Lenovo\.m2\repository\com\vaadin\vaadin-icons-flow\24.3.5\vaadin-icons-flow-24.3.5.jar;C:\Users\Lenovo\.m2\repository\com\vaadin\vaadin-virtual-list-flow\24.3.5\vaadin-virtual-list-flow-24.3.5.jar;C:\Users\Lenovo\.m2\repository\com\vaadin\vaadin-list-box-flow\24.3.5\vaadin-list-box-flow-24.3.5.jar;C:\Users\Lenovo\.m2\repository\com\vaadin\vaadin-login-flow\24.3.5\vaadin-login-flow-24.3.5.jar;C:\Users\Lenovo\.m2\repository\com\vaadin\vaadin-messages-flow\24.3.5\vaadin-messages-flow-24.3.5.jar;C:\Users\Lenovo\.m2\repository\com\vaadin\vaadin-ordered-layout-flow\24.3.5\vaadin-ordered-layout-flow-24.3.5.jar;C:\Users\Lenovo\.m2\repository\com\vaadin\vaadin-progress-bar-flow\24.3.5\vaadin-progress-bar-flow-24.3.5.jar;C:\Users\Lenovo\.m2\repository\com\vaadin\vaadin-radio-button-flow\24.3.5\vaadin-radio-button-flow-24.3.5.jar;C:\Users\Lenovo\.m2\repository\com\vaadin\vaadin-renderer-flow\24.3.5\vaadin-renderer-flow-24.3.5.jar;C:\Users\Lenovo\.m2\repository\com\vaadin\vaadin-split-layout-flow\24.3.5\vaadin-split-layout-flow-24.3.5.jar;C:\Users\Lenovo\.m2\repository\com\vaadin\vaadin-tabs-flow\24.3.5\vaadin-tabs-flow-24.3.5.jar;C:\Users\Lenovo\.m2\repository\com\vaadin\vaadin-text-field-flow\24.3.5\vaadin-text-field-flow-24.3.5.jar;C:\Users\Lenovo\.m2\repository\com\vaadin\vaadin-upload-flow\24.3.5\vaadin-upload-flow-24.3.5.jar;C:\Users\Lenovo\.m2\repository\com\vaadin\vaadin-notification-flow\24.3.5\vaadin-notification-flow-24.3.5.jar;C:\Users\Lenovo\.m2\repository\com\vaadin\vaadin-app-layout-flow\24.3.5\vaadin-app-layout-flow-24.3.5.jar;C:\Users\Lenovo\.m2\repository\com\vaadin\vaadin-context-menu-flow\24.3.5\vaadin-context-menu-flow-24.3.5.jar;C:\Users\Lenovo\.m2\repository\com\vaadin\vaadin-menu-bar-flow\24.3.5\vaadin-menu-bar-flow-24.3.5.jar;C:\Users\Lenovo\.m2\repository\com\vaadin\vaadin-dev\24.3.5\vaadin-dev-24.3.5.jar;C:\Users\Lenovo\.m2\repository\com\vaadin\vaadin-dev-server\24.3.5\vaadin-dev-server-24.3.5.jar;C:\Users\Lenovo\.m2\repository\com\vaadin\license-checker\1.12.7\license-checker-1.12.7.jar;C:\Users\Lenovo\.m2\repository\com\github\oshi\oshi-core\6.4.10\oshi-core-6.4.10.jar;C:\Users\Lenovo\.m2\repository\net\java\dev\jna\jna\5.14.0\jna-5.14.0.jar;C:\Users\Lenovo\.m2\repository\net\java\dev\jna\jna-platform\5.14.0\jna-platform-5.14.0.jar;C:\Users\Lenovo\.m2\repository\com\nimbusds\nimbus-jose-jwt\9.31\nimbus-jose-jwt-9.31.jar;C:\Users\Lenovo\.m2\repository\org\lucee\jcip-annotations\1.0.0\jcip-annotations-1.0.0.jar;C:\Users\Lenovo\.m2\repository\com\vaadin\open\8.5.0\open-8.5.0.jar;C:\Users\Lenovo\.m2\repository\com\github\javaparser\javaparser-core\3.25.6\javaparser-core-3.25.6.jar;C:\Users\Lenovo\.m2\repository\io\methvin\directory-watcher\0.18.0\directory-watcher-0.18.0.jar;C:\Users\Lenovo\.m2\repository\com\vaadin\vaadin-dev-bundle\24.3.5\vaadin-dev-bundle-24.3.5.jar;C:\Users\Lenovo\.m2\repository\org\springframework\boot\spring-boot-starter-web\3.2.0\spring-boot-starter-web-3.2.0.jar;C:\Users\Lenovo\.m2\repository\org\springframework\boot\spring-boot-starter\3.2.0\spring-boot-starter-3.2.0.jar;C:\Users\Lenovo\.m2\repository\org\springframework\boot\spring-boot\3.2.0\spring-boot-3.2.0.jar;C:\Users\Lenovo\.m2\repository\org\springframework\boot\spring-boot-autoconfigure\3.2.0\spring-boot-autoconfigure-3.2.0.jar;C:\Users\Lenovo\.m2\repository\org\springframework\boot\spring-boot-starter-logging\3.2.0\spring-boot-starter-logging-3.2.0.jar;C:\Users\Lenovo\.m2\repository\ch\qos\logback\logback-classic\1.4.11\logback-classic-1.4.11.jar;C:\Users\Lenovo\.m2\repository\ch\qos\logback\logback-core\1.4.11\logback-core-1.4.11.jar;C:\Users\Lenovo\.m2\repository\org\apache\logging\log4j\log4j-to-slf4j\2.21.1\log4j-to-slf4j-2.21.1.jar;C:\Users\Lenovo\.m2\repository\org\apache\logging\log4j\log4j-api\2.21.1\log4j-api-2.21.1.jar;C:\Users\Lenovo\.m2\repository\org\slf4j\jul-to-slf4j\2.0.9\jul-to-slf4j-2.0.9.jar;C:\Users\Lenovo\.m2\repository\jakarta\annotation\jakarta.annotation-api\2.1.1\jakarta.annotation-api-2.1.1.jar;C:\Users\Lenovo\.m2\repository\org\yaml\snakeyaml\2.2\snakeyaml-2.2.jar;C:\Users\Lenovo\.m2\repository\org\springframework\boot\spring-boot-starter-json\3.2.0\spring-boot-starter-json-3.2.0.jar;C:\Users\Lenovo\.m2\repository\com\fasterxml\jackson\core\jackson-databind\2.15.3\jackson-databind-2.15.3.jar;C:\Users\Lenovo\.m2\repository\com\fasterxml\jackson\core\jackson-annotations\2.15.3\jackson-annotations-2.15.3.jar;C:\Users\Lenovo\.m2\repository\com\fasterxml\jackson\datatype\jackson-datatype-jdk8\2.15.3\jackson-datatype-jdk8-2.15.3.jar;C:\Users\Lenovo\.m2\repository\com\fasterxml\jackson\datatype\jackson-datatype-jsr310\2.15.3\jackson-datatype-jsr310-2.15.3.jar;C:\Users\Lenovo\.m2\repository\com\fasterxml\jackson\module\jackson-module-parameter-names\2.15.3\jackson-module-parameter-names-2.15.3.jar;C:\Users\Lenovo\.m2\repository\org\springframework\boot\spring-boot-starter-tomcat\3.2.0\spring-boot-starter-tomcat-3.2.0.jar;C:\Users\Lenovo\.m2\repository\org\apache\tomcat\embed\tomcat-embed-core\10.1.16\tomcat-embed-core-10.1.16.jar;C:\Users\Lenovo\.m2\repository\org\apache\tomcat\embed\tomcat-embed-el\10.1.16\tomcat-embed-el-10.1.16.jar;C:\Users\Lenovo\.m2\repository\org\apache\tomcat\embed\tomcat-embed-websocket\10.1.16\tomcat-embed-websocket-10.1.16.jar;C:\Users\Lenovo\.m2\repository\org\springframework\spring-web\6.1.1\spring-web-6.1.1.jar;C:\Users\Lenovo\.m2\repository\org\springframework\spring-beans\6.1.1\spring-beans-6.1.1.jar;C:\Users\Lenovo\.m2\repository\io\micrometer\micrometer-observation\1.12.0\micrometer-observation-1.12.0.jar;C:\Users\Lenovo\.m2\repository\io\micrometer\micrometer-commons\1.12.0\micrometer-commons-1.12.0.jar;C:\Users\Lenovo\.m2\repository\org\springframework\spring-webmvc\6.1.1\spring-webmvc-6.1.1.jar;C:\Users\Lenovo\.m2\repository\org\springframework\spring-aop\6.1.1\spring-aop-6.1.1.jar;C:\Users\Lenovo\.m2\repository\org\springframework\spring-context\6.1.1\spring-context-6.1.1.jar;C:\Users\Lenovo\.m2\repository\org\springframework\spring-expression\6.1.1\spring-expression-6.1.1.jar;C:\Users\Lenovo\.m2\repository\org\springframework\boot\spring-boot-starter-data-jpa\3.2.0\spring-boot-starter-data-jpa-3.2.0.jar;C:\Users\Lenovo\.m2\repository\org\springframework\boot\spring-boot-starter-aop\3.2.0\spring-boot-starter-aop-3.2.0.jar;C:\Users\Lenovo\.m2\repository\org\aspectj\aspectjweaver\1.9.20.1\aspectjweaver-1.9.20.1.jar;C:\Users\Lenovo\.m2\repository\org\springframework\boot\spring-boot-starter-jdbc\3.2.0\spring-boot-starter-jdbc-3.2.0.jar;C:\Users\Lenovo\.m2\repository\com\zaxxer\HikariCP\5.0.1\HikariCP-5.0.1.jar;C:\Users\Lenovo\.m2\repository\org\springframework\spring-jdbc\6.1.1\spring-jdbc-6.1.1.jar;C:\Users\Lenovo\.m2\repository\org\hibernate\orm\hibernate-core\6.3.1.Final\hibernate-core-6.3.1.Final.jar;C:\Users\Lenovo\.m2\repository\jakarta\persistence\jakarta.persistence-api\3.1.0\jakarta.persistence-api-3.1.0.jar;C:\Users\Lenovo\.m2\repository\jakarta\transaction\jakarta.transaction-api\2.0.1\jakarta.transaction-api-2.0.1.jar;C:\Users\Lenovo\.m2\repository\org\jboss\logging\jboss-logging\3.5.3.Final\jboss-logging-3.5.3.Final.jar;C:\Users\Lenovo\.m2\repository\org\hibernate\common\hibernate-commons-annotations\6.0.6.Final\hibernate-commons-annotations-6.0.6.Final.jar;C:\Users\Lenovo\.m2\repository\io\smallrye\jandex\3.1.2\jandex-3.1.2.jar;C:\Users\Lenovo\.m2\repository\com\fasterxml\classmate\1.6.0\classmate-1.6.0.jar;C:\Users\Lenovo\.m2\repository\net\bytebuddy\byte-buddy\1.14.10\byte-buddy-1.14.10.jar;C:\Users\Lenovo\.m2\repository\org\glassfish\jaxb\jaxb-runtime\4.0.4\jaxb-runtime-4.0.4.jar;C:\Users\Lenovo\.m2\repository\org\glassfish\jaxb\jaxb-core\4.0.4\jaxb-core-4.0.4.jar;C:\Users\Lenovo\.m2\repository\org\eclipse\angus\angus-activation\2.0.1\angus-activation-2.0.1.jar;C:\Users\Lenovo\.m2\repository\org\glassfish\jaxb\txw2\4.0.4\txw2-4.0.4.jar;C:\Users\Lenovo\.m2\repository\com\sun\istack\istack-commons-runtime\4.1.2\istack-commons-runtime-4.1.2.jar;C:\Users\Lenovo\.m2\repository\jakarta\inject\jakarta.inject-api\2.0.1\jakarta.inject-api-2.0.1.jar;C:\Users\Lenovo\.m2\repository\org\antlr\antlr4-runtime\4.10.1\antlr4-runtime-4.10.1.jar;C:\Users\Lenovo\.m2\repository\org\springframework\data\spring-data-jpa\3.2.0\spring-data-jpa-3.2.0.jar;C:\Users\Lenovo\.m2\repository\org\springframework\data\spring-data-commons\3.2.0\spring-data-commons-3.2.0.jar;C:\Users\Lenovo\.m2\repository\org\springframework\spring-orm\6.1.1\spring-orm-6.1.1.jar;C:\Users\Lenovo\.m2\repository\org\springframework\spring-tx\6.1.1\spring-tx-6.1.1.jar;C:\Users\Lenovo\.m2\repository\org\slf4j\slf4j-api\2.0.9\slf4j-api-2.0.9.jar;C:\Users\Lenovo\.m2\repository\org\springframework\spring-aspects\6.1.1\spring-aspects-6.1.1.jar;C:\Users\Lenovo\.m2\repository\org\postgresql\postgresql\42.6.0\postgresql-42.6.0.jar;C:\Users\Lenovo\.m2\repository\org\checkerframework\checker-qual\3.31.0\checker-qual-3.31.0.jar;C:\Users\Lenovo\.m2\repository\com\h2database\h2\2.2.224\h2-2.2.224.jar;C:\Users\Lenovo\.m2\repository\org\projectlombok\lombok\1.18.30\lombok-1.18.30.jar;C:\Users\Lenovo\.m2\repository\jakarta\xml\bind\jakarta.xml.bind-api\4.0.1\jakarta.xml.bind-api-4.0.1.jar;C:\Users\Lenovo\.m2\repository\jakarta\activation\jakarta.activation-api\2.1.2\jakarta.activation-api-2.1.2.jar;C:\Users\Lenovo\.m2\repository\org\springframework\spring-core\6.1.1\spring-core-6.1.1.jar;C:\Users\Lenovo\.m2\repository\org\springframework\spring-jcl\6.1.1\spring-jcl-6.1.1.jar;C:\Users\Lenovo\.m2\repository\org\jetbrains\kotlin\kotlin-stdlib-jdk8\1.9.23\kotlin-stdlib-jdk8-1.9.23.jar;C:\Users\Lenovo\.m2\repository\org\jetbrains\kotlin\kotlin-stdlib\1.9.23\kotlin-stdlib-1.9.23.jar;C:\Users\Lenovo\.m2\repository\org\jetbrains\annotations\13.0\annotations-13.0.jar;C:\Users\Lenovo\.m2\repository\org\jetbrains\kotlin\kotlin-stdlib-jdk7\1.9.23\kotlin-stdlib-jdk7-1.9.23.jar
Launcher Type: SUN_STANDARD

[Global flags]
     intx CICompilerCount                          = 3                                         {product} {ergonomic}
     uint ConcGCThreads                            = 1                                         {product} {ergonomic}
     uint G1ConcRefinementThreads                  = 4                                         {product} {ergonomic}
   size_t G1HeapRegionSize                         = 1048576                                   {product} {ergonomic}
    uintx GCDrainStackTargetSize                   = 64                                        {product} {ergonomic}
   size_t InitialHeapSize                          = 132120576                                 {product} {ergonomic}
   size_t MarkStackSize                            = 4194304                                   {product} {ergonomic}
   size_t MaxHeapSize                              = 2090860544                                {product} {ergonomic}
   size_t MaxNewSize                               = 1254096896                                {product} {ergonomic}
   size_t MinHeapDeltaBytes                        = 1048576                                   {product} {ergonomic}
   size_t MinHeapSize                              = 8388608                                   {product} {ergonomic}
    uintx NonNMethodCodeHeapSize                   = 5832780                                {pd product} {ergonomic}
    uintx NonProfiledCodeHeapSize                  = 122912730                              {pd product} {ergonomic}
    uintx ProfiledCodeHeapSize                     = 122912730                              {pd product} {ergonomic}
    uintx ReservedCodeCacheSize                    = 251658240                              {pd product} {ergonomic}
     bool SegmentedCodeCache                       = true                                      {product} {ergonomic}
   size_t SoftMaxHeapSize                          = 2090860544                             {manageable} {ergonomic}
     bool UseCompressedOops                        = true                           {product lp64_product} {ergonomic}
     bool UseG1GC                                  = true                                      {product} {ergonomic}
     bool UseLargePagesIndividualAllocation        = false                                  {pd product} {ergonomic}

Logging:
Log output configuration:
 #0: stdout all=warning uptime,level,tags foldmultilines=false
 #1: stderr all=off uptime,level,tags foldmultilines=false

Environment Variables:
JAVA_HOME=C:\Program Files\Microsoft\jdk-17.0.13.11-hotspot\
PATH=C:\Program Files\Microsoft\jdk-17.0.13.11-hotspot\bin;C:\WINDOWS\system32;C:\WINDOWS;C:\WINDOWS\System32\Wbem;C:\WINDOWS\System32\WindowsPowerShell\v1.0\;C:\WINDOWS\System32\OpenSSH\;C:\Program Files\dotnet\;C:\Program Files\Microsoft SQL Server\150\Tools\Binn\;C:\Program Files\Microsoft SQL Server\Client SDK\ODBC\170\Tools\Binn\;C:\ProgramData\chocolatey\bin;C:\Program Files\nodejs\;D:\Alma_linux\Putty\;C:\Program Files\Git\cmd;C:\Users\Lenovo\AppData\Local\Microsoft\WindowsApps;C:\Users\Lenovo\.dotnet\tools;D:\IntelliJ IDEA 2023.3.5\bin;;C:\Users\Lenovo\AppData\Local\Programs\Microsoft VS Code\bin;C:\ProgramData\chocolatey\bin;C:\Users\Lenovo\AppData\Roaming\npm
USERNAME=Lenovo
OS=Windows_NT
PROCESSOR_IDENTIFIER=Intel64 Family 6 Model 140 Stepping 2, GenuineIntel
TMP=C:\Users\Lenovo\AppData\Local\Temp
TEMP=C:\Users\Lenovo\AppData\Local\Temp




Periodic native trim disabled

---------------  S Y S T E M  ---------------

OS:
 Windows 11 , 64 bit Build 22621 (10.0.22621.5415)
OS uptime: 0 days 5:47 hours

CPU: total 4 (initial active 4) (2 cores per cpu, 2 threads per core) family 6 model 140 stepping 2 microcode 0x26, cx8, cmov, fxsr, ht, mmx, 3dnowpref, sse, sse2, sse3, ssse3, sse4.1, sse4.2, popcnt, lzcnt, tsc, tscinvbit, avx, avx2, aes, erms, clmul, bmi1, bmi2, adx, avx512f, avx512dq, avx512cd, avx512bw, avx512vl, sha, fma, vzeroupper, avx512_vpopcntdq, avx512_vpclmulqdq, avx512_vaes, avx512_vnni, clflush, clflushopt, clwb, avx512_vbmi2, avx512_vbmi, rdtscp, rdpid, fsrm, gfni, avx512_bitalg, f16c, pku, cet_ibt, cet_ss, avx512_ifma
Processor Information for all 4 processors :
  Max Mhz: 2995, Current Mhz: 2995, Mhz Limit: 2995

Memory: 4k page, system-wide physical 7975M (353M free)
TotalPageFile size 15415M (AvailPageFile size 0M)
current process WorkingSet (physical memory assigned to process): 346M, peak: 393M
current process commit charge ("private bytes"): 377M, peak: 420M

vm_info: OpenJDK 64-Bit Server VM (21.0.2+13-58) for windows-amd64 JRE (21.0.2+13-58), built on 2024-01-05T18:32:24Z by "mach5one" with MS VC++ 17.1 (VS2022)

END.
