#
# There is insufficient memory for the Java Runtime Environment to continue.
# Native memory allocation (malloc) failed to allocate 1808816 bytes for Chunk::new
# Possible reasons:
#   The system is out of physical RAM or swap space
#   The process is running with CompressedOops enabled, and the Java Heap may be blocking the growth of the native heap
# Possible solutions:
#   Reduce memory load on the system
#   Increase physical memory or swap space
#   Check if swap backing store is full
#   Decrease Java heap size (-Xmx/-Xms)
#   Decrease number of Java threads
#   Decrease Java thread stack sizes (-Xss)
#   Set larger code cache with -XX:ReservedCodeCacheSize=
#   JVM is running with Unscaled Compressed Oops mode in which the Java heap is
#     placed in the first 4GB address space. The Java Heap base address is the
#     maximum limit for the native heap growth. Please use -XX:HeapBaseMinAddress
#     to set the Java Heap base and to place the Java Heap above 4GB virtual address.
# This output file may be truncated or incomplete.
#
#  Out of Memory Error (arena.cpp:168), pid=11740, tid=16840
#
# JRE version: OpenJDK Runtime Environment (21.0.2+13) (build 21.0.2+13-58)
# Java VM: OpenJDK 64-Bit Server VM (21.0.2+13-58, mixed mode, sharing, tiered, compressed oops, compressed class ptrs, g1 gc, windows-amd64)
# No core dump will be written. Minidumps are not enabled by default on client versions of Windows
#

---------------  S U M M A R Y ------------

Command Line: -javaagent:C:\Program Files\JetBrains\IntelliJ IDEA Community Edition 2024.1.2\lib\idea_rt.jar=57648:C:\Program Files\JetBrains\IntelliJ IDEA Community Edition 2024.1.2\bin -Dfile.encoding=UTF-8 -Dsun.stdout.encoding=UTF-8 -Dsun.stderr.encoding=UTF-8 com.dam.pms.Main

Host: 11th Gen Intel(R) Core(TM) i3-1115G4 @ 3.00GHz, 4 cores, 7G,  Windows 11 , 64 bit Build 22621 (10.0.22621.5415)
Time: Sat Jan 17 21:54:41 2026 GTB, ors 11 , 64 bit Build 22621 (10.0.22621.5415) elapsed time: 14.059148 seconds (0d 0h 0m 14s)

---------------  T H R E A D  ---------------

Current thread (0x00000181a5304010):  JavaThread "C2 CompilerThread0" daemon [_thread_in_native, id=16840, stack(0x0000000336300000,0x0000000336400000) (1024K)]


Current CompileTask:
C2:  14059 8887       4       com.vaadin.flow.internal.AnnotationReader::getAnnotationsFor (129 bytes)

Stack: [0x0000000336300000,0x0000000336400000]
Native frames: (J=compiled Java code, j=interpreted, Vv=VM code, C=native code)
V  [jvm.dll+0x6cade9]
V  [jvm.dll+0x8569c1]
V  [jvm.dll+0x858d2e]
V  [jvm.dll+0x859413]
V  [jvm.dll+0x280e56]
V  [jvm.dll+0xc3f3d]
V  [jvm.dll+0xc4473]
V  [jvm.dll+0x3b5bf2]
V  [jvm.dll+0x1e2209]
V  [jvm.dll+0x249d22]
V  [jvm.dll+0x2491b1]
V  [jvm.dll+0x1c9634]
V  [jvm.dll+0x258859]
V  [jvm.dll+0x256e3a]
V  [jvm.dll+0x3ef6c6]
V  [jvm.dll+0x7ff568]
V  [jvm.dll+0x6c953d]
C  [ucrtbase.dll+0x29333]
C  [KERNEL32.DLL+0x1259d]
C  [ntdll.dll+0x5af78]


---------------  P R O C E S S  ---------------

Threads class SMR info:
_java_thread_list=0x00000181ee9b04e0, length=41, elements={
0x00000181a52e6860, 0x00000181a52e7b90, 0x00000181a52eb3f0, 0x00000181a52ebf50,
0x00000181a52ed9c0, 0x00000181a52f0690, 0x00000181a5304010, 0x00000181a5305d20,
0x00000181a5617850, 0x00000181a5614a60, 0x00000181a56164a0, 0x00000181a56171c0,
0x00000181eeea7ff0, 0x00000181eeea44e0, 0x00000181eeea3130, 0x00000181eeea5f20,
0x00000181eeea1060, 0x00000181eeea8680, 0x00000181eeea65b0, 0x00000181eeea6c40,
0x00000181eeea16f0, 0x00000181eeea5890, 0x00000181eeea7960, 0x00000181eeea2410,
0x00000181eeea72d0, 0x00000181eeea2aa0, 0x00000181eb538260, 0x00000181eb53b6e0,
0x00000181eb53d120, 0x00000181eb5388f0, 0x00000181eb53bd70, 0x00000181eb53d7b0,
0x00000181eb538f80, 0x00000181eb537540, 0x00000181eb539ca0, 0x00000181eb53c400,
0x00000181eb53de40, 0x00000181eb539610, 0x00000181eb53ca90, 0x00000181eb53a330,
0x00000181eb53b050
}

Java Threads: ( => current thread )
  0x00000181a52e6860 JavaThread "Reference Handler"          daemon [_thread_blocked, id=19572, stack(0x0000000335d00000,0x0000000335e00000) (1024K)]
  0x00000181a52e7b90 JavaThread "Finalizer"                  daemon [_thread_blocked, id=10028, stack(0x0000000335e00000,0x0000000335f00000) (1024K)]
  0x00000181a52eb3f0 JavaThread "Signal Dispatcher"          daemon [_thread_blocked, id=612, stack(0x0000000335f00000,0x0000000336000000) (1024K)]
  0x00000181a52ebf50 JavaThread "Attach Listener"            daemon [_thread_blocked, id=7448, stack(0x0000000336000000,0x0000000336100000) (1024K)]
  0x00000181a52ed9c0 JavaThread "Service Thread"             daemon [_thread_blocked, id=11280, stack(0x0000000336100000,0x0000000336200000) (1024K)]
  0x00000181a52f0690 JavaThread "Monitor Deflation Thread"   daemon [_thread_blocked, id=19764, stack(0x0000000336200000,0x0000000336300000) (1024K)]
=>0x00000181a5304010 JavaThread "C2 CompilerThread0"         daemon [_thread_in_native, id=16840, stack(0x0000000336300000,0x0000000336400000) (1024K)]
  0x00000181a5305d20 JavaThread "C1 CompilerThread0"         daemon [_thread_blocked, id=20208, stack(0x0000000336400000,0x0000000336500000) (1024K)]
  0x00000181a5617850 JavaThread "Common-Cleaner"             daemon [_thread_blocked, id=13180, stack(0x0000000336500000,0x0000000336600000) (1024K)]
  0x00000181a5614a60 JavaThread "Monitor Ctrl-Break"         daemon [_thread_in_native, id=20312, stack(0x0000000336700000,0x0000000336800000) (1024K)]
  0x00000181a56164a0 JavaThread "Notification Thread"        daemon [_thread_blocked, id=11820, stack(0x0000000336800000,0x0000000336900000) (1024K)]
  0x00000181a56171c0 JavaThread "JNA Cleaner"                daemon [_thread_blocked, id=11480, stack(0x0000000336c00000,0x0000000336d00000) (1024K)]
  0x00000181eeea7ff0 JavaThread "ForkJoinPool.commonPool-worker-1" daemon [_thread_blocked, id=17588, stack(0x0000000337000000,0x0000000337100000) (1024K)]
  0x00000181eeea44e0 JavaThread "ForkJoinPool.commonPool-worker-2" daemon [_thread_blocked, id=13424, stack(0x0000000337100000,0x0000000337200000) (1024K)]
  0x00000181eeea3130 JavaThread "ForkJoinPool.commonPool-worker-3" daemon [_thread_blocked, id=9480, stack(0x0000000337200000,0x0000000337300000) (1024K)]
  0x00000181eeea5f20 JavaThread "Catalina-utility-1"                [_thread_blocked, id=17632, stack(0x0000000337300000,0x0000000337400000) (1024K)]
  0x00000181eeea1060 JavaThread "Catalina-utility-2"                [_thread_blocked, id=5112, stack(0x0000000337400000,0x0000000337500000) (1024K)]
  0x00000181eeea8680 JavaThread "container-0"                       [_thread_blocked, id=11580, stack(0x0000000337500000,0x0000000337600000) (1024K)]
  0x00000181eeea65b0 JavaThread "PostgreSQL-JDBC-Cleaner"    daemon [_thread_blocked, id=14892, stack(0x0000000337700000,0x0000000337800000) (1024K)]
  0x00000181eeea6c40 JavaThread "HikariPool-1 housekeeper"   daemon [_thread_blocked, id=19064, stack(0x0000000337800000,0x0000000337900000) (1024K)]
  0x00000181eeea16f0 JavaThread "Atmosphere-Scheduler-0"     daemon [_thread_blocked, id=4192, stack(0x0000000336600000,0x0000000336700000) (1024K)]
  0x00000181eeea5890 JavaThread "Atmosphere-Shared-0"        daemon [_thread_blocked, id=17952, stack(0x0000000337a00000,0x0000000337b00000) (1024K)]
  0x00000181eeea7960 JavaThread "Atmosphere-Scheduler-1"     daemon [_thread_blocked, id=20048, stack(0x0000000337b00000,0x0000000337c00000) (1024K)]
  0x00000181eeea2410 JavaThread "http-nio-8080-exec-1"       daemon [_thread_blocked, id=18612, stack(0x0000000337c00000,0x0000000337d00000) (1024K)]
  0x00000181eeea72d0 JavaThread "http-nio-8080-exec-2"       daemon [_thread_blocked, id=16796, stack(0x0000000337d00000,0x0000000337e00000) (1024K)]
  0x00000181eeea2aa0 JavaThread "http-nio-8080-exec-3"       daemon [_thread_blocked, id=18772, stack(0x0000000337e00000,0x0000000337f00000) (1024K)]
  0x00000181eb538260 JavaThread "http-nio-8080-exec-4"       daemon [_thread_blocked, id=288, stack(0x0000000337f00000,0x0000000338000000) (1024K)]
  0x00000181eb53b6e0 JavaThread "http-nio-8080-exec-5"       daemon [_thread_blocked, id=19224, stack(0x0000000338000000,0x0000000338100000) (1024K)]
  0x00000181eb53d120 JavaThread "http-nio-8080-exec-6"       daemon [_thread_blocked, id=19928, stack(0x0000000338100000,0x0000000338200000) (1024K)]
  0x00000181eb5388f0 JavaThread "http-nio-8080-exec-7"       daemon [_thread_blocked, id=13108, stack(0x0000000338200000,0x0000000338300000) (1024K)]
  0x00000181eb53bd70 JavaThread "http-nio-8080-exec-8"       daemon [_thread_blocked, id=4836, stack(0x0000000338300000,0x0000000338400000) (1024K)]
  0x00000181eb53d7b0 JavaThread "http-nio-8080-exec-9"       daemon [_thread_blocked, id=12600, stack(0x0000000338400000,0x0000000338500000) (1024K)]
  0x00000181eb538f80 JavaThread "http-nio-8080-exec-10"      daemon [_thread_blocked, id=9788, stack(0x0000000338500000,0x0000000338600000) (1024K)]
  0x00000181eb537540 JavaThread "http-nio-8080-Poller"       daemon [_thread_in_native, id=19580, stack(0x0000000338600000,0x0000000338700000) (1024K)]
  0x00000181eb539ca0 JavaThread "http-nio-8080-Acceptor"     daemon [_thread_in_native, id=1280, stack(0x0000000338700000,0x0000000338800000) (1024K)]
  0x00000181eb53c400 JavaThread "DestroyJavaVM"                     [_thread_blocked, id=2788, stack(0x0000000335500000,0x0000000335600000) (1024K)]
  0x00000181eb53de40 JavaThread "Atmosphere-Scheduler-2"     daemon [_thread_blocked, id=13928, stack(0x0000000337900000,0x0000000337a00000) (1024K)]
  0x00000181eb539610 JavaThread "Atmosphere-Scheduler-3"     daemon [_thread_blocked, id=18908, stack(0x0000000338800000,0x0000000338900000) (1024K)]
  0x00000181eb53ca90 JavaThread "WebSocket background processing - stopping" daemon [_thread_blocked, id=18596, stack(0x0000000338900000,0x0000000338a00000) (1024K)]
  0x00000181eb53a330 JavaThread "Atmosphere-Shared-0"        daemon [_thread_blocked, id=3824, stack(0x0000000338a00000,0x0000000338b00000) (1024K)]
  0x00000181eb53b050 JavaThread "WebSocket background processing" daemon [_thread_blocked, id=11168, stack(0x0000000338d00000,0x0000000338e00000) (1024K)]
Total: 41

Other Threads:
  0x00000181a52c5680 VMThread "VM Thread"                           [id=15984, stack(0x0000000335c00000,0x0000000335d00000) (1024K)]
  0x00000181a52ad340 WatcherThread "VM Periodic Task Thread"        [id=9408, stack(0x0000000335b00000,0x0000000335c00000) (1024K)]
  0x0000018189314200 WorkerThread "GC Thread#0"                     [id=20104, stack(0x0000000335600000,0x0000000335700000) (1024K)]
  0x00000181a56abca0 WorkerThread "GC Thread#1"                     [id=5824, stack(0x0000000336900000,0x0000000336a00000) (1024K)]
  0x00000181eb81ae00 WorkerThread "GC Thread#2"                     [id=20468, stack(0x0000000336a00000,0x0000000336b00000) (1024K)]
  0x00000181eb905020 WorkerThread "GC Thread#3"                     [id=19824, stack(0x0000000336b00000,0x0000000336c00000) (1024K)]
  0x0000018189324b20 ConcurrentGCThread "G1 Main Marker"            [id=19924, stack(0x0000000335700000,0x0000000335800000) (1024K)]
  0x0000018189325f70 WorkerThread "G1 Conc#0"                       [id=11376, stack(0x0000000335800000,0x0000000335900000) (1024K)]
  0x00000181a517b520 ConcurrentGCThread "G1 Refine#0"               [id=16540, stack(0x0000000335900000,0x0000000335a00000) (1024K)]
  0x00000181a517ceb0 ConcurrentGCThread "G1 Service"                [id=6564, stack(0x0000000335a00000,0x0000000335b00000) (1024K)]
Total: 10

Threads with active compile tasks:
C2 CompilerThread0    14083 8887       4       com.vaadin.flow.internal.AnnotationReader::getAnnotationsFor (129 bytes)
Total: 1

VM state: not at safepoint (normal execution)

VM Mutex/Monitor currently owned by a thread: None

Heap address: 0x0000000083600000, size: 1994 MB, Compressed Oops mode: 32-bit

CDS archive(s) mapped at: [0x00000181a6000000-0x00000181a6c90000-0x00000181a6c90000), size 13172736, SharedBaseAddress: 0x00000181a6000000, ArchiveRelocationMode: 1.
Compressed class space mapped at: 0x00000181a7000000-0x00000181e7000000, reserved size: 1073741824
Narrow klass base: 0x00000181a6000000, Narrow klass shift: 0, Narrow klass range: 0x100000000

GC Precious Log:
 CardTable entry size: 512
 Card Set container configuration: InlinePtr #cards 5 size 8 Array Of Cards #cards 12 size 40 Howl #buckets 4 coarsen threshold 1843 Howl Bitmap #cards 512 size 80 coarsen threshold 460 Card regions per heap region 1 cards per card region 2048
 CPUs: 4 total, 4 available
 Memory: 7975M
 Large Page Support: Disabled
 NUMA Support: Disabled
 Compressed Oops: Enabled (32-bit)
 Heap Region Size: 1M
 Heap Min Capacity: 8M
 Heap Initial Capacity: 126M
 Heap Max Capacity: 1994M
 Pre-touch: Disabled
 Parallel Workers: 4
 Concurrent Workers: 1
 Concurrent Refinement Workers: 4
 Periodic GC: Disabled

Heap:
 garbage-first heap   total 147456K, used 98369K [0x0000000083600000, 0x0000000100000000)
  region size 1024K, 61 young (62464K), 10 survivors (10240K)
 Metaspace       used 88186K, committed 88960K, reserved 1179648K
  class space    used 11978K, committed 12288K, reserved 1048576K

Heap Regions: E=young(eden), S=young(survivor), O=old, HS=humongous(starts), HC=humongous(continues), CS=collection set, F=free, TAMS=top-at-mark-start, PB=parsable bottom
|   0|0x0000000083600000, 0x0000000083700000, 0x0000000083700000|100%|HS|  |TAMS 0x0000000083600000| PB 0x0000000083600000| Complete 
|   1|0x0000000083700000, 0x0000000083800000, 0x0000000083800000|100%| O|  |TAMS 0x0000000083700000| PB 0x0000000083700000| Untracked 
|   2|0x0000000083800000, 0x0000000083900000, 0x0000000083900000|100%| O|  |TAMS 0x0000000083800000| PB 0x0000000083800000| Untracked 
|   3|0x0000000083900000, 0x0000000083a00000, 0x0000000083a00000|100%| O|  |TAMS 0x0000000083900000| PB 0x0000000083900000| Untracked 
|   4|0x0000000083a00000, 0x0000000083b00000, 0x0000000083b00000|100%| O|  |TAMS 0x0000000083a00000| PB 0x0000000083a00000| Untracked 
|   5|0x0000000083b00000, 0x0000000083c00000, 0x0000000083c00000|100%| O|  |TAMS 0x0000000083b00000| PB 0x0000000083b00000| Untracked 
|   6|0x0000000083c00000, 0x0000000083d00000, 0x0000000083d00000|100%| O|  |TAMS 0x0000000083c00000| PB 0x0000000083c00000| Untracked 
|   7|0x0000000083d00000, 0x0000000083e00000, 0x0000000083e00000|100%| O|  |TAMS 0x0000000083d00000| PB 0x0000000083d00000| Untracked 
|   8|0x0000000083e00000, 0x0000000083f00000, 0x0000000083f00000|100%| O|  |TAMS 0x0000000083e00000| PB 0x0000000083e00000| Untracked 
|   9|0x0000000083f00000, 0x0000000084000000, 0x0000000084000000|100%| O|  |TAMS 0x0000000083f00000| PB 0x0000000083f00000| Untracked 
|  10|0x0000000084000000, 0x0000000084100000, 0x0000000084100000|100%| O|  |TAMS 0x0000000084000000| PB 0x0000000084000000| Untracked 
|  11|0x0000000084100000, 0x0000000084200000, 0x0000000084200000|100%| O|  |TAMS 0x0000000084100000| PB 0x0000000084100000| Untracked 
|  12|0x0000000084200000, 0x0000000084300000, 0x0000000084300000|100%| O|  |TAMS 0x0000000084200000| PB 0x0000000084200000| Untracked 
|  13|0x0000000084300000, 0x0000000084400000, 0x0000000084400000|100%| O|  |TAMS 0x0000000084300000| PB 0x0000000084300000| Untracked 
|  14|0x0000000084400000, 0x0000000084500000, 0x0000000084500000|100%| O|  |TAMS 0x0000000084400000| PB 0x0000000084400000| Untracked 
|  15|0x0000000084500000, 0x0000000084600000, 0x0000000084600000|100%| O|  |TAMS 0x0000000084500000| PB 0x0000000084500000| Untracked 
|  16|0x0000000084600000, 0x0000000084700000, 0x0000000084700000|100%| O|  |TAMS 0x0000000084600000| PB 0x0000000084600000| Untracked 
|  17|0x0000000084700000, 0x0000000084800000, 0x0000000084800000|100%| O|  |TAMS 0x0000000084700000| PB 0x0000000084700000| Untracked 
|  18|0x0000000084800000, 0x0000000084900000, 0x0000000084900000|100%| O|  |TAMS 0x0000000084800000| PB 0x0000000084800000| Untracked 
|  19|0x0000000084900000, 0x0000000084a00000, 0x0000000084a00000|100%| O|  |TAMS 0x0000000084900000| PB 0x0000000084900000| Untracked 
|  20|0x0000000084a00000, 0x0000000084b00000, 0x0000000084b00000|100%| O|  |TAMS 0x0000000084a00000| PB 0x0000000084a00000| Untracked 
|  21|0x0000000084b00000, 0x0000000084c00000, 0x0000000084c00000|100%| O|  |TAMS 0x0000000084b00000| PB 0x0000000084b00000| Untracked 
|  22|0x0000000084c00000, 0x0000000084d00000, 0x0000000084d00000|100%| O|  |TAMS 0x0000000084c00000| PB 0x0000000084c00000| Untracked 
|  23|0x0000000084d00000, 0x0000000084e00000, 0x0000000084e00000|100%| O|  |TAMS 0x0000000084d00000| PB 0x0000000084d00000| Untracked 
|  24|0x0000000084e00000, 0x0000000084f00000, 0x0000000084f00000|100%| O|  |TAMS 0x0000000084e00000| PB 0x0000000084e00000| Untracked 
|  25|0x0000000084f00000, 0x0000000085000000, 0x0000000085000000|100%| O|  |TAMS 0x0000000084f00000| PB 0x0000000084f00000| Untracked 
|  26|0x0000000085000000, 0x000000008501ab50, 0x0000000085100000| 10%| O|  |TAMS 0x0000000085000000| PB 0x0000000085000000| Untracked 
|  27|0x0000000085100000, 0x0000000085200000, 0x0000000085200000|100%| O|  |TAMS 0x0000000085100000| PB 0x0000000085100000| Untracked 
|  28|0x0000000085200000, 0x0000000085300000, 0x0000000085300000|100%| O|  |TAMS 0x0000000085200000| PB 0x0000000085200000| Untracked 
|  29|0x0000000085300000, 0x0000000085400000, 0x0000000085400000|100%| O|  |TAMS 0x0000000085300000| PB 0x0000000085300000| Untracked 
|  30|0x0000000085400000, 0x0000000085500000, 0x0000000085500000|100%| O|  |TAMS 0x0000000085400000| PB 0x0000000085400000| Untracked 
|  31|0x0000000085500000, 0x0000000085600000, 0x0000000085600000|100%| O|  |TAMS 0x0000000085500000| PB 0x0000000085500000| Untracked 
|  32|0x0000000085600000, 0x0000000085700000, 0x0000000085700000|100%| O|  |TAMS 0x0000000085600000| PB 0x0000000085600000| Untracked 
|  33|0x0000000085700000, 0x0000000085800000, 0x0000000085800000|100%| O|  |TAMS 0x0000000085700000| PB 0x0000000085700000| Untracked 
|  34|0x0000000085800000, 0x00000000858f59c0, 0x0000000085900000| 95%| O|  |TAMS 0x0000000085800000| PB 0x0000000085800000| Untracked 
|  35|0x0000000085900000, 0x0000000085900000, 0x0000000085a00000|  0%| F|  |TAMS 0x0000000085900000| PB 0x0000000085900000| Untracked 
|  36|0x0000000085a00000, 0x0000000085a00000, 0x0000000085b00000|  0%| F|  |TAMS 0x0000000085a00000| PB 0x0000000085a00000| Untracked 
|  37|0x0000000085b00000, 0x0000000085b00000, 0x0000000085c00000|  0%| F|  |TAMS 0x0000000085b00000| PB 0x0000000085b00000| Untracked 
|  38|0x0000000085c00000, 0x0000000085c00000, 0x0000000085d00000|  0%| F|  |TAMS 0x0000000085c00000| PB 0x0000000085c00000| Untracked 
|  39|0x0000000085d00000, 0x0000000085d00000, 0x0000000085e00000|  0%| F|  |TAMS 0x0000000085d00000| PB 0x0000000085d00000| Untracked 
|  40|0x0000000085e00000, 0x0000000085e00000, 0x0000000085f00000|  0%| F|  |TAMS 0x0000000085e00000| PB 0x0000000085e00000| Untracked 
|  41|0x0000000085f00000, 0x0000000086000000, 0x0000000086000000|100%| O|  |TAMS 0x0000000085f00000| PB 0x0000000085f00000| Untracked 
|  42|0x0000000086000000, 0x0000000086100000, 0x0000000086100000|100%| O|  |TAMS 0x0000000086000000| PB 0x0000000086000000| Untracked 
|  43|0x0000000086100000, 0x0000000086200000, 0x0000000086200000|100%| O|  |TAMS 0x0000000086100000| PB 0x0000000086100000| Untracked 
|  44|0x0000000086200000, 0x0000000086200000, 0x0000000086300000|  0%| F|  |TAMS 0x0000000086200000| PB 0x0000000086200000| Untracked 
|  45|0x0000000086300000, 0x0000000086300000, 0x0000000086400000|  0%| F|  |TAMS 0x0000000086300000| PB 0x0000000086300000| Untracked 
|  46|0x0000000086400000, 0x0000000086400000, 0x0000000086500000|  0%| F|  |TAMS 0x0000000086400000| PB 0x0000000086400000| Untracked 
|  47|0x0000000086500000, 0x0000000086500000, 0x0000000086600000|  0%| F|  |TAMS 0x0000000086500000| PB 0x0000000086500000| Untracked 
|  48|0x0000000086600000, 0x0000000086700000, 0x0000000086700000|100%| S|CS|TAMS 0x0000000086600000| PB 0x0000000086600000| Complete 
|  49|0x0000000086700000, 0x0000000086700000, 0x0000000086800000|  0%| F|  |TAMS 0x0000000086700000| PB 0x0000000086700000| Untracked 
|  50|0x0000000086800000, 0x0000000086800000, 0x0000000086900000|  0%| F|  |TAMS 0x0000000086800000| PB 0x0000000086800000| Untracked 
|  51|0x0000000086900000, 0x0000000086900000, 0x0000000086a00000|  0%| F|  |TAMS 0x0000000086900000| PB 0x0000000086900000| Untracked 
|  52|0x0000000086a00000, 0x0000000086a00000, 0x0000000086b00000|  0%| F|  |TAMS 0x0000000086a00000| PB 0x0000000086a00000| Untracked 
|  53|0x0000000086b00000, 0x0000000086b00000, 0x0000000086c00000|  0%| F|  |TAMS 0x0000000086b00000| PB 0x0000000086b00000| Untracked 
|  54|0x0000000086c00000, 0x0000000086c00000, 0x0000000086d00000|  0%| F|  |TAMS 0x0000000086c00000| PB 0x0000000086c00000| Untracked 
|  55|0x0000000086d00000, 0x0000000086d00000, 0x0000000086e00000|  0%| F|  |TAMS 0x0000000086d00000| PB 0x0000000086d00000| Untracked 
|  56|0x0000000086e00000, 0x0000000086e00000, 0x0000000086f00000|  0%| F|  |TAMS 0x0000000086e00000| PB 0x0000000086e00000| Untracked 
|  57|0x0000000086f00000, 0x0000000086f00000, 0x0000000087000000|  0%| F|  |TAMS 0x0000000086f00000| PB 0x0000000086f00000| Untracked 
|  58|0x0000000087000000, 0x0000000087100000, 0x0000000087100000|100%| S|CS|TAMS 0x0000000087000000| PB 0x0000000087000000| Complete 
|  59|0x0000000087100000, 0x0000000087200000, 0x0000000087200000|100%| S|CS|TAMS 0x0000000087100000| PB 0x0000000087100000| Complete 
|  60|0x0000000087200000, 0x0000000087300000, 0x0000000087300000|100%| S|CS|TAMS 0x0000000087200000| PB 0x0000000087200000| Complete 
|  61|0x0000000087300000, 0x0000000087400000, 0x0000000087400000|100%| S|CS|TAMS 0x0000000087300000| PB 0x0000000087300000| Complete 
|  62|0x0000000087400000, 0x0000000087500000, 0x0000000087500000|100%| S|CS|TAMS 0x0000000087400000| PB 0x0000000087400000| Complete 
|  63|0x0000000087500000, 0x0000000087600000, 0x0000000087600000|100%| S|CS|TAMS 0x0000000087500000| PB 0x0000000087500000| Complete 
|  64|0x0000000087600000, 0x0000000087700000, 0x0000000087700000|100%| S|CS|TAMS 0x0000000087600000| PB 0x0000000087600000| Complete 
|  65|0x0000000087700000, 0x0000000087800000, 0x0000000087800000|100%| S|CS|TAMS 0x0000000087700000| PB 0x0000000087700000| Complete 
|  66|0x0000000087800000, 0x0000000087900000, 0x0000000087900000|100%| S|CS|TAMS 0x0000000087800000| PB 0x0000000087800000| Complete 
|  67|0x0000000087900000, 0x0000000087900000, 0x0000000087a00000|  0%| F|  |TAMS 0x0000000087900000| PB 0x0000000087900000| Untracked 
|  68|0x0000000087a00000, 0x0000000087a00000, 0x0000000087b00000|  0%| F|  |TAMS 0x0000000087a00000| PB 0x0000000087a00000| Untracked 
|  69|0x0000000087b00000, 0x0000000087b00000, 0x0000000087c00000|  0%| F|  |TAMS 0x0000000087b00000| PB 0x0000000087b00000| Untracked 
|  70|0x0000000087c00000, 0x0000000087c00000, 0x0000000087d00000|  0%| F|  |TAMS 0x0000000087c00000| PB 0x0000000087c00000| Untracked 
|  71|0x0000000087d00000, 0x0000000087d00000, 0x0000000087e00000|  0%| F|  |TAMS 0x0000000087d00000| PB 0x0000000087d00000| Untracked 
|  72|0x0000000087e00000, 0x0000000087e00000, 0x0000000087f00000|  0%| F|  |TAMS 0x0000000087e00000| PB 0x0000000087e00000| Untracked 
|  73|0x0000000087f00000, 0x0000000087f00000, 0x0000000088000000|  0%| F|  |TAMS 0x0000000087f00000| PB 0x0000000087f00000| Untracked 
|  74|0x0000000088000000, 0x0000000088000000, 0x0000000088100000|  0%| F|  |TAMS 0x0000000088000000| PB 0x0000000088000000| Untracked 
|  75|0x0000000088100000, 0x0000000088100000, 0x0000000088200000|  0%| F|  |TAMS 0x0000000088100000| PB 0x0000000088100000| Untracked 
|  76|0x0000000088200000, 0x0000000088200000, 0x0000000088300000|  0%| F|  |TAMS 0x0000000088200000| PB 0x0000000088200000| Untracked 
|  77|0x0000000088300000, 0x0000000088300000, 0x0000000088400000|  0%| F|  |TAMS 0x0000000088300000| PB 0x0000000088300000| Untracked 
|  78|0x0000000088400000, 0x0000000088400000, 0x0000000088500000|  0%| F|  |TAMS 0x0000000088400000| PB 0x0000000088400000| Untracked 
|  79|0x0000000088500000, 0x0000000088500000, 0x0000000088600000|  0%| F|  |TAMS 0x0000000088500000| PB 0x0000000088500000| Untracked 
|  80|0x0000000088600000, 0x0000000088600000, 0x0000000088700000|  0%| F|  |TAMS 0x0000000088600000| PB 0x0000000088600000| Untracked 
|  81|0x0000000088700000, 0x0000000088700000, 0x0000000088800000|  0%| F|  |TAMS 0x0000000088700000| PB 0x0000000088700000| Untracked 
|  82|0x0000000088800000, 0x0000000088800000, 0x0000000088900000|  0%| F|  |TAMS 0x0000000088800000| PB 0x0000000088800000| Untracked 
|  83|0x0000000088900000, 0x0000000088900000, 0x0000000088a00000|  0%| F|  |TAMS 0x0000000088900000| PB 0x0000000088900000| Untracked 
|  84|0x0000000088a00000, 0x0000000088a00000, 0x0000000088b00000|  0%| F|  |TAMS 0x0000000088a00000| PB 0x0000000088a00000| Untracked 
|  85|0x0000000088b00000, 0x0000000088b00000, 0x0000000088c00000|  0%| F|  |TAMS 0x0000000088b00000| PB 0x0000000088b00000| Untracked 
|  86|0x0000000088c00000, 0x0000000088c00000, 0x0000000088d00000|  0%| F|  |TAMS 0x0000000088c00000| PB 0x0000000088c00000| Untracked 
|  87|0x0000000088d00000, 0x0000000088d00000, 0x0000000088e00000|  0%| F|  |TAMS 0x0000000088d00000| PB 0x0000000088d00000| Untracked 
|  88|0x0000000088e00000, 0x0000000088e00000, 0x0000000088f00000|  0%| F|  |TAMS 0x0000000088e00000| PB 0x0000000088e00000| Untracked 
|  89|0x0000000088f00000, 0x0000000088f00000, 0x0000000089000000|  0%| F|  |TAMS 0x0000000088f00000| PB 0x0000000088f00000| Untracked 
|  90|0x0000000089000000, 0x0000000089000000, 0x0000000089100000|  0%| F|  |TAMS 0x0000000089000000| PB 0x0000000089000000| Untracked 
|  91|0x0000000089100000, 0x0000000089100000, 0x0000000089200000|  0%| F|  |TAMS 0x0000000089100000| PB 0x0000000089100000| Untracked 
|  92|0x0000000089200000, 0x0000000089200000, 0x0000000089300000|  0%| F|  |TAMS 0x0000000089200000| PB 0x0000000089200000| Untracked 
|  93|0x0000000089300000, 0x000000008934e588, 0x0000000089400000| 30%| E|  |TAMS 0x0000000089300000| PB 0x0000000089300000| Complete 
|  94|0x0000000089400000, 0x0000000089500000, 0x0000000089500000|100%| E|CS|TAMS 0x0000000089400000| PB 0x0000000089400000| Complete 
|  95|0x0000000089500000, 0x0000000089600000, 0x0000000089600000|100%| E|CS|TAMS 0x0000000089500000| PB 0x0000000089500000| Complete 
|  96|0x0000000089600000, 0x0000000089700000, 0x0000000089700000|100%| E|  |TAMS 0x0000000089600000| PB 0x0000000089600000| Complete 
|  97|0x0000000089700000, 0x0000000089800000, 0x0000000089800000|100%| E|CS|TAMS 0x0000000089700000| PB 0x0000000089700000| Complete 
|  98|0x0000000089800000, 0x0000000089900000, 0x0000000089900000|100%| E|CS|TAMS 0x0000000089800000| PB 0x0000000089800000| Complete 
|  99|0x0000000089900000, 0x0000000089a00000, 0x0000000089a00000|100%| E|CS|TAMS 0x0000000089900000| PB 0x0000000089900000| Complete 
| 100|0x0000000089a00000, 0x0000000089b00000, 0x0000000089b00000|100%| E|CS|TAMS 0x0000000089a00000| PB 0x0000000089a00000| Complete 
| 101|0x0000000089b00000, 0x0000000089c00000, 0x0000000089c00000|100%| E|CS|TAMS 0x0000000089b00000| PB 0x0000000089b00000| Complete 
| 102|0x0000000089c00000, 0x0000000089d00000, 0x0000000089d00000|100%| E|CS|TAMS 0x0000000089c00000| PB 0x0000000089c00000| Complete 
| 103|0x0000000089d00000, 0x0000000089e00000, 0x0000000089e00000|100%| E|CS|TAMS 0x0000000089d00000| PB 0x0000000089d00000| Complete 
| 104|0x0000000089e00000, 0x0000000089f00000, 0x0000000089f00000|100%| E|CS|TAMS 0x0000000089e00000| PB 0x0000000089e00000| Complete 
| 105|0x0000000089f00000, 0x000000008a000000, 0x000000008a000000|100%| E|CS|TAMS 0x0000000089f00000| PB 0x0000000089f00000| Complete 
| 106|0x000000008a000000, 0x000000008a100000, 0x000000008a100000|100%| E|CS|TAMS 0x000000008a000000| PB 0x000000008a000000| Complete 
| 107|0x000000008a100000, 0x000000008a200000, 0x000000008a200000|100%| E|CS|TAMS 0x000000008a100000| PB 0x000000008a100000| Complete 
| 108|0x000000008a200000, 0x000000008a300000, 0x000000008a300000|100%| E|CS|TAMS 0x000000008a200000| PB 0x000000008a200000| Complete 
| 109|0x000000008a300000, 0x000000008a400000, 0x000000008a400000|100%| E|CS|TAMS 0x000000008a300000| PB 0x000000008a300000| Complete 
| 110|0x000000008a400000, 0x000000008a500000, 0x000000008a500000|100%| E|CS|TAMS 0x000000008a400000| PB 0x000000008a400000| Complete 
| 111|0x000000008a500000, 0x000000008a600000, 0x000000008a600000|100%| E|CS|TAMS 0x000000008a500000| PB 0x000000008a500000| Complete 
| 112|0x000000008a600000, 0x000000008a700000, 0x000000008a700000|100%| E|CS|TAMS 0x000000008a600000| PB 0x000000008a600000| Complete 
| 113|0x000000008a700000, 0x000000008a800000, 0x000000008a800000|100%| E|CS|TAMS 0x000000008a700000| PB 0x000000008a700000| Complete 
| 114|0x000000008a800000, 0x000000008a900000, 0x000000008a900000|100%| E|CS|TAMS 0x000000008a800000| PB 0x000000008a800000| Complete 
| 115|0x000000008a900000, 0x000000008aa00000, 0x000000008aa00000|100%| E|CS|TAMS 0x000000008a900000| PB 0x000000008a900000| Complete 
| 116|0x000000008aa00000, 0x000000008ab00000, 0x000000008ab00000|100%| E|CS|TAMS 0x000000008aa00000| PB 0x000000008aa00000| Complete 
| 117|0x000000008ab00000, 0x000000008ac00000, 0x000000008ac00000|100%| E|CS|TAMS 0x000000008ab00000| PB 0x000000008ab00000| Complete 
| 118|0x000000008ac00000, 0x000000008ad00000, 0x000000008ad00000|100%| E|CS|TAMS 0x000000008ac00000| PB 0x000000008ac00000| Complete 
| 119|0x000000008ad00000, 0x000000008ae00000, 0x000000008ae00000|100%| E|CS|TAMS 0x000000008ad00000| PB 0x000000008ad00000| Complete 
| 120|0x000000008ae00000, 0x000000008af00000, 0x000000008af00000|100%| E|CS|TAMS 0x000000008ae00000| PB 0x000000008ae00000| Complete 
| 121|0x000000008af00000, 0x000000008b000000, 0x000000008b000000|100%| E|CS|TAMS 0x000000008af00000| PB 0x000000008af00000| Complete 
| 122|0x000000008b000000, 0x000000008b100000, 0x000000008b100000|100%| E|CS|TAMS 0x000000008b000000| PB 0x000000008b000000| Complete 
| 123|0x000000008b100000, 0x000000008b200000, 0x000000008b200000|100%| E|CS|TAMS 0x000000008b100000| PB 0x000000008b100000| Complete 
| 124|0x000000008b200000, 0x000000008b300000, 0x000000008b300000|100%| E|CS|TAMS 0x000000008b200000| PB 0x000000008b200000| Complete 
| 125|0x000000008b300000, 0x000000008b400000, 0x000000008b400000|100%| E|CS|TAMS 0x000000008b300000| PB 0x000000008b300000| Complete 
| 126|0x000000008b400000, 0x000000008b500000, 0x000000008b500000|100%| E|CS|TAMS 0x000000008b400000| PB 0x000000008b400000| Complete 
| 127|0x000000008b500000, 0x000000008b600000, 0x000000008b600000|100%| E|CS|TAMS 0x000000008b500000| PB 0x000000008b500000| Complete 
| 128|0x000000008b600000, 0x000000008b700000, 0x000000008b700000|100%| E|CS|TAMS 0x000000008b600000| PB 0x000000008b600000| Complete 
| 129|0x000000008b700000, 0x000000008b800000, 0x000000008b800000|100%| E|CS|TAMS 0x000000008b700000| PB 0x000000008b700000| Complete 
| 130|0x000000008b800000, 0x000000008b900000, 0x000000008b900000|100%| E|CS|TAMS 0x000000008b800000| PB 0x000000008b800000| Complete 
| 131|0x000000008b900000, 0x000000008ba00000, 0x000000008ba00000|100%| E|CS|TAMS 0x000000008b900000| PB 0x000000008b900000| Complete 
| 132|0x000000008ba00000, 0x000000008bb00000, 0x000000008bb00000|100%| E|CS|TAMS 0x000000008ba00000| PB 0x000000008ba00000| Complete 
| 133|0x000000008bb00000, 0x000000008bc00000, 0x000000008bc00000|100%| E|CS|TAMS 0x000000008bb00000| PB 0x000000008bb00000| Complete 
| 134|0x000000008bc00000, 0x000000008bd00000, 0x000000008bd00000|100%| E|CS|TAMS 0x000000008bc00000| PB 0x000000008bc00000| Complete 
| 135|0x000000008bd00000, 0x000000008be00000, 0x000000008be00000|100%| E|CS|TAMS 0x000000008bd00000| PB 0x000000008bd00000| Complete 
| 136|0x000000008be00000, 0x000000008bf00000, 0x000000008bf00000|100%| E|CS|TAMS 0x000000008be00000| PB 0x000000008be00000| Complete 
| 137|0x000000008bf00000, 0x000000008c000000, 0x000000008c000000|100%| E|CS|TAMS 0x000000008bf00000| PB 0x000000008bf00000| Complete 
| 138|0x000000008c000000, 0x000000008c100000, 0x000000008c100000|100%| E|CS|TAMS 0x000000008c000000| PB 0x000000008c000000| Complete 
| 139|0x000000008c100000, 0x000000008c200000, 0x000000008c200000|100%| E|CS|TAMS 0x000000008c100000| PB 0x000000008c100000| Complete 
| 140|0x000000008c200000, 0x000000008c300000, 0x000000008c300000|100%| E|CS|TAMS 0x000000008c200000| PB 0x000000008c200000| Complete 
| 141|0x000000008c300000, 0x000000008c400000, 0x000000008c400000|100%| E|CS|TAMS 0x000000008c300000| PB 0x000000008c300000| Complete 
| 152|0x000000008ce00000, 0x000000008cf00000, 0x000000008cf00000|100%| E|CS|TAMS 0x000000008ce00000| PB 0x000000008ce00000| Complete 
| 219|0x0000000091100000, 0x0000000091200000, 0x0000000091200000|100%| E|CS|TAMS 0x0000000091100000| PB 0x0000000091100000| Complete 

Card table byte_map: [0x00000181a0af0000,0x00000181a0ee0000] _byte_map_base: 0x00000181a06d5000

Marking Bits: (CMBitMap*) 0x0000018189314900
 Bits: [0x00000181a0ee0000, 0x00000181a2e08000)

Polling page: 0x00000181871b0000

Metaspace:

Usage:
  Non-class:     74.42 MB used.
      Class:     11.70 MB used.
       Both:     86.12 MB used.

Virtual space:
  Non-class space:      128.00 MB reserved,      74.88 MB ( 58%) committed,  2 nodes.
      Class space:        1.00 GB reserved,      12.00 MB (  1%) committed,  1 nodes.
             Both:        1.12 GB reserved,      86.88 MB (  8%) committed. 

Chunk freelists:
   Non-Class:  4.23 MB
       Class:  4.00 MB
        Both:  8.24 MB

MaxMetaspaceSize: unlimited
CompressedClassSpaceSize: 1.00 GB
Initial GC threshold: 21.00 MB
Current GC threshold: 99.62 MB
CDS: on
 - commit_granule_bytes: 65536.
 - commit_granule_words: 8192.
 - virtual_space_node_default_size: 8388608.
 - enlarge_chunks_in_place: 1.
 - use_allocation_guard: 0.


Internal statistics:

num_allocs_failed_limit: 12.
num_arena_births: 1112.
num_arena_deaths: 0.
num_vsnodes_births: 3.
num_vsnodes_deaths: 0.
num_space_committed: 1389.
num_space_uncommitted: 0.
num_chunks_returned_to_freelist: 12.
num_chunks_taken_from_freelist: 4295.
num_chunk_merges: 9.
num_chunk_splits: 3135.
num_chunks_enlarged: 2471.
num_inconsistent_stats: 0.

CodeHeap 'non-profiled nmethods': size=120000Kb used=6425Kb max_used=6425Kb free=113574Kb
 bounds [0x00000181991d0000, 0x0000018199820000, 0x00000181a0700000]
CodeHeap 'profiled nmethods': size=120000Kb used=15145Kb max_used=15145Kb free=104854Kb
 bounds [0x0000018191700000, 0x00000181925d0000, 0x0000018198c30000]
CodeHeap 'non-nmethods': size=5760Kb used=1959Kb max_used=1990Kb free=3800Kb
 bounds [0x0000018198c30000, 0x0000018198ea0000, 0x00000181991d0000]
 total_blobs=8771 nmethods=8009 adapters=665
 compilation: enabled
              stopped_count=0, restarted_count=0
 full_count=0

Compilation events (20 events):
Event: 13.931 Thread 0x00000181a5305d20 8971       2       com.fasterxml.jackson.core.StreamReadConstraints::validateStringLength (43 bytes)
Event: 13.931 Thread 0x00000181a5305d20 nmethod 8971 0x00000181925c6590 code [0x00000181925c67e0, 0x00000181925c7060]
Event: 13.931 Thread 0x00000181a5305d20 8969       2       com.fasterxml.jackson.core.util.TextBuffer::contentsAsString (257 bytes)
Event: 13.932 Thread 0x00000181a5305d20 nmethod 8969 0x00000181925c7410 code [0x00000181925c76a0, 0x00000181925c80b0]
Event: 13.932 Thread 0x00000181a5305d20 8972       2       com.fasterxml.jackson.core.json.JsonReadContext::expectComma (29 bytes)
Event: 13.932 Thread 0x00000181a5305d20 nmethod 8972 0x00000181925c8590 code [0x00000181925c8720, 0x00000181925c8850]
Event: 13.932 Thread 0x00000181a5305d20 8973       2       com.fasterxml.jackson.core.json.JsonReadContext::setCurrentName (22 bytes)
Event: 13.932 Thread 0x00000181a5305d20 nmethod 8973 0x00000181925c8910 code [0x00000181925c8ac0, 0x00000181925c8c38]
Event: 13.934 Thread 0x00000181a5305d20 8974       2       jdk.internal.math.DoubleToDecimal::append8Digits (42 bytes)
Event: 13.934 Thread 0x00000181a5305d20 nmethod 8974 0x00000181925c8d10 code [0x00000181925c8ec0, 0x00000181925c90b8]
Event: 13.934 Thread 0x00000181a5305d20 8975       2       com.fasterxml.jackson.core.json.UTF8JsonGenerator::_writeStringSegment (122 bytes)
Event: 13.934 Thread 0x00000181a5305d20 nmethod 8975 0x00000181925c9210 code [0x00000181925c9400, 0x00000181925c97d0]
Event: 13.934 Thread 0x00000181a5305d20 8976       2       com.fasterxml.jackson.core.json.JsonWriteContext::writeValue (90 bytes)
Event: 13.935 Thread 0x00000181a5305d20 nmethod 8976 0x00000181925c9b10 code [0x00000181925c9cc0, 0x00000181925c9eb0]
Event: 13.935 Thread 0x00000181a5305d20 8977       2       jdk.internal.math.MathUtils::pow10 (6 bytes)
Event: 13.935 Thread 0x00000181a5305d20 nmethod 8977 0x00000181925c9f90 code [0x00000181925ca120, 0x00000181925ca238]
Event: 13.935 Thread 0x00000181a5305d20 8979       2       jdk.internal.math.DoubleToDecimal::append (19 bytes)
Event: 13.935 Thread 0x00000181a5305d20 nmethod 8979 0x00000181925ca310 code [0x00000181925ca4a0, 0x00000181925ca5d8]
Event: 13.935 Thread 0x00000181a5305d20 8978       1       com.fasterxml.jackson.core.JsonGenerator$Feature::getMask (5 bytes)
Event: 13.935 Thread 0x00000181a5305d20 nmethod 8978 0x0000018199816190 code [0x0000018199816320, 0x00000181998163e8]

GC Heap History (20 events):
Event: 3.978 GC heap before
{Heap before GC invocations=14 (full 0):
 garbage-first heap   total 124928K, used 105467K [0x0000000083600000, 0x0000000100000000)
  region size 1024K, 71 young (72704K), 9 survivors (9216K)
 Metaspace       used 33137K, committed 33664K, reserved 1114112K
  class space    used 4201K, committed 4416K, reserved 1048576K
}
Event: 3.991 GC heap after
{Heap after GC invocations=15 (full 0):
 garbage-first heap   total 124928K, used 48128K [0x0000000083600000, 0x0000000100000000)
  region size 1024K, 6 young (6144K), 6 survivors (6144K)
 Metaspace       used 33137K, committed 33664K, reserved 1114112K
  class space    used 4201K, committed 4416K, reserved 1048576K
}
Event: 4.176 GC heap before
{Heap before GC invocations=15 (full 0):
 garbage-first heap   total 124928K, used 107520K [0x0000000083600000, 0x0000000100000000)
  region size 1024K, 64 young (65536K), 6 survivors (6144K)
 Metaspace       used 33222K, committed 33728K, reserved 1114112K
  class space    used 4208K, committed 4416K, reserved 1048576K
}
Event: 4.187 GC heap after
{Heap after GC invocations=16 (full 0):
 garbage-first heap   total 124928K, used 49408K [0x0000000083600000, 0x0000000100000000)
  region size 1024K, 2 young (2048K), 2 survivors (2048K)
 Metaspace       used 33222K, committed 33728K, reserved 1114112K
  class space    used 4208K, committed 4416K, reserved 1048576K
}
Event: 4.474 GC heap before
{Heap before GC invocations=16 (full 0):
 garbage-first heap   total 124928K, used 110848K [0x0000000083600000, 0x0000000100000000)
  region size 1024K, 62 young (63488K), 2 survivors (2048K)
 Metaspace       used 33450K, committed 33920K, reserved 1114112K
  class space    used 4225K, committed 4416K, reserved 1048576K
}
Event: 4.478 GC heap after
{Heap after GC invocations=17 (full 0):
 garbage-first heap   total 225280K, used 49333K [0x0000000083600000, 0x0000000100000000)
  region size 1024K, 2 young (2048K), 2 survivors (2048K)
 Metaspace       used 33450K, committed 33920K, reserved 1114112K
  class space    used 4225K, committed 4416K, reserved 1048576K
}
Event: 4.977 GC heap before
{Heap before GC invocations=17 (full 0):
 garbage-first heap   total 225280K, used 181429K [0x0000000083600000, 0x0000000100000000)
  region size 1024K, 132 young (135168K), 2 survivors (2048K)
 Metaspace       used 33854K, committed 34368K, reserved 1114112K
  class space    used 4287K, committed 4544K, reserved 1048576K
}
Event: 4.980 GC heap after
{Heap after GC invocations=18 (full 0):
 garbage-first heap   total 225280K, used 49809K [0x0000000083600000, 0x0000000100000000)
  region size 1024K, 3 young (3072K), 3 survivors (3072K)
 Metaspace       used 33854K, committed 34368K, reserved 1114112K
  class space    used 4287K, committed 4544K, reserved 1048576K
}
Event: 5.736 GC heap before
{Heap before GC invocations=18 (full 0):
 garbage-first heap   total 225280K, used 141969K [0x0000000083600000, 0x0000000100000000)
  region size 1024K, 89 young (91136K), 3 survivors (3072K)
 Metaspace       used 35431K, committed 35968K, reserved 1114112K
  class space    used 4529K, committed 4800K, reserved 1048576K
}
Event: 5.739 GC heap after
{Heap after GC invocations=19 (full 0):
 garbage-first heap   total 225280K, used 50763K [0x0000000083600000, 0x0000000100000000)
  region size 1024K, 4 young (4096K), 4 survivors (4096K)
 Metaspace       used 35431K, committed 35968K, reserved 1114112K
  class space    used 4529K, committed 4800K, reserved 1048576K
}
Event: 6.691 GC heap before
{Heap before GC invocations=20 (full 0):
 garbage-first heap   total 157696K, used 135499K [0x0000000083600000, 0x0000000100000000)
  region size 1024K, 92 young (94208K), 4 survivors (4096K)
 Metaspace       used 41183K, committed 41728K, reserved 1114112K
  class space    used 5191K, committed 5440K, reserved 1048576K
}
Event: 6.696 GC heap after
{Heap after GC invocations=21 (full 0):
 garbage-first heap   total 157696K, used 46080K [0x0000000083600000, 0x0000000100000000)
  region size 1024K, 4 young (4096K), 4 survivors (4096K)
 Metaspace       used 41183K, committed 41728K, reserved 1114112K
  class space    used 5191K, committed 5440K, reserved 1048576K
}
Event: 7.367 GC heap before
{Heap before GC invocations=21 (full 0):
 garbage-first heap   total 157696K, used 136192K [0x0000000083600000, 0x0000000100000000)
  region size 1024K, 92 young (94208K), 4 survivors (4096K)
 Metaspace       used 48155K, committed 48768K, reserved 1114112K
  class space    used 6240K, committed 6528K, reserved 1048576K
}
Event: 7.372 GC heap after
{Heap after GC invocations=22 (full 0):
 garbage-first heap   total 157696K, used 37988K [0x0000000083600000, 0x0000000100000000)
  region size 1024K, 6 young (6144K), 6 survivors (6144K)
 Metaspace       used 48155K, committed 48768K, reserved 1114112K
  class space    used 6240K, committed 6528K, reserved 1048576K
}
Event: 8.212 GC heap before
{Heap before GC invocations=22 (full 0):
 garbage-first heap   total 157696K, used 80996K [0x0000000083600000, 0x0000000100000000)
  region size 1024K, 50 young (51200K), 6 survivors (6144K)
 Metaspace       used 60341K, committed 60928K, reserved 1114112K
  class space    used 8002K, committed 8256K, reserved 1048576K
}
Event: 8.219 GC heap after
{Heap after GC invocations=23 (full 0):
 garbage-first heap   total 157696K, used 40280K [0x0000000083600000, 0x0000000100000000)
  region size 1024K, 9 young (9216K), 9 survivors (9216K)
 Metaspace       used 60341K, committed 60928K, reserved 1114112K
  class space    used 8002K, committed 8256K, reserved 1048576K
}
Event: 9.253 GC heap before
{Heap before GC invocations=24 (full 0):
 garbage-first heap   total 147456K, used 119128K [0x0000000083600000, 0x0000000100000000)
  region size 1024K, 86 young (88064K), 9 survivors (9216K)
 Metaspace       used 70198K, committed 70912K, reserved 1114112K
  class space    used 9441K, committed 9728K, reserved 1048576K
}
Event: 9.261 GC heap after
{Heap after GC invocations=25 (full 0):
 garbage-first heap   total 147456K, used 44623K [0x0000000083600000, 0x0000000100000000)
  region size 1024K, 9 young (9216K), 9 survivors (9216K)
 Metaspace       used 70198K, committed 70912K, reserved 1114112K
  class space    used 9441K, committed 9728K, reserved 1048576K
}
Event: 10.846 GC heap before
{Heap before GC invocations=25 (full 0):
 garbage-first heap   total 147456K, used 122447K [0x0000000083600000, 0x0000000100000000)
  region size 1024K, 86 young (88064K), 9 survivors (9216K)
 Metaspace       used 79506K, committed 80192K, reserved 1179648K
  class space    used 10872K, committed 11200K, reserved 1048576K
}
Event: 10.858 GC heap after
{Heap after GC invocations=26 (full 0):
 garbage-first heap   total 147456K, used 48193K [0x0000000083600000, 0x0000000100000000)
  region size 1024K, 10 young (10240K), 10 survivors (10240K)
 Metaspace       used 79506K, committed 80192K, reserved 1179648K
  class space    used 10872K, committed 11200K, reserved 1048576K
}

Dll operation events (15 events):
Event: 0.008 Loaded shared library C:\Users\Lenovo\.jdks\openjdk-21.0.2\bin\java.dll
Event: 0.044 Loaded shared library C:\Users\Lenovo\.jdks\openjdk-21.0.2\bin\jsvml.dll
Event: 0.152 Loaded shared library C:\Users\Lenovo\.jdks\openjdk-21.0.2\bin\zip.dll
Event: 0.155 Loaded shared library C:\Users\Lenovo\.jdks\openjdk-21.0.2\bin\instrument.dll
Event: 0.159 Loaded shared library C:\Users\Lenovo\.jdks\openjdk-21.0.2\bin\net.dll
Event: 0.160 Loaded shared library C:\Users\Lenovo\.jdks\openjdk-21.0.2\bin\nio.dll
Event: 0.163 Loaded shared library C:\Users\Lenovo\.jdks\openjdk-21.0.2\bin\zip.dll
Event: 0.250 Loaded shared library C:\Program Files\JetBrains\IntelliJ IDEA Community Edition 2024.1.2\bin\breakgen64.dll
Event: 0.257 Loaded shared library C:\Users\Lenovo\.jdks\openjdk-21.0.2\bin\extnet.dll
Event: 0.285 Loaded shared library C:\Users\Lenovo\.jdks\openjdk-21.0.2\bin\jimage.dll
Event: 1.425 Loaded shared library C:\Users\Lenovo\.jdks\openjdk-21.0.2\bin\sunmscapi.dll
Event: 2.886 Loaded shared library C:\Users\Lenovo\.jdks\openjdk-21.0.2\bin\management.dll
Event: 2.888 Loaded shared library C:\Users\Lenovo\.jdks\openjdk-21.0.2\bin\management_ext.dll
Event: 3.254 Loaded shared library C:\Users\Lenovo\.jdks\openjdk-21.0.2\bin\verify.dll
Event: 5.838 Loaded shared library C:\Users\Lenovo\AppData\Local\Temp\jna--2022488749\jna12958484179984957028.dll

Deoptimization events (20 events):
Event: 13.830 Thread 0x00000181eb53b6e0 DEOPT PACKING pc=0x0000018199748b14 sp=0x00000003380fce80
Event: 13.830 Thread 0x00000181eb53b6e0 DEOPT UNPACKING pc=0x0000018198c87da2 sp=0x00000003380fcde0 mode 2
Event: 13.830 Thread 0x00000181eb538260 Uncommon trap: trap_request=0xffffff3d fr.pc=0x0000018199538214 relative=0x0000000000000574
Event: 13.830 Thread 0x00000181eb538260 Uncommon trap: reason=unstable_fused_if action=reinterpret pc=0x0000018199538214 method=java.net.URLDecoder.decode(Ljava/lang/String;Ljava/nio/charset/Charset;)Ljava/lang/String; @ 59 c2
Event: 13.830 Thread 0x00000181eb538260 DEOPT PACKING pc=0x0000018199538214 sp=0x0000000337ffe730
Event: 13.830 Thread 0x00000181eb538260 DEOPT UNPACKING pc=0x0000018198c87da2 sp=0x0000000337ffe700 mode 2
Event: 13.901 Thread 0x00000181eeea5890 Uncommon trap: trap_request=0xffffff45 fr.pc=0x000001819943f4c4 relative=0x0000000000000184
Event: 13.901 Thread 0x00000181eeea5890 Uncommon trap: reason=unstable_if action=reinterpret pc=0x000001819943f4c4 method=java.util.stream.AbstractPipeline.evaluate(Ljava/util/stream/TerminalOp;)Ljava/lang/Object; @ 53 c2
Event: 13.901 Thread 0x00000181eeea5890 DEOPT PACKING pc=0x000001819943f4c4 sp=0x0000000337afe9b0
Event: 13.901 Thread 0x00000181eeea5890 DEOPT UNPACKING pc=0x0000018198c87da2 sp=0x0000000337afe970 mode 2
Event: 13.901 Thread 0x00000181eeea5890 Uncommon trap: trap_request=0xffffff45 fr.pc=0x000001819951e2c4 relative=0x0000000000000124
Event: 13.901 Thread 0x00000181eeea5890 Uncommon trap: reason=unstable_if action=reinterpret pc=0x000001819951e2c4 method=java.util.stream.AbstractPipeline.sourceSpliterator(I)Ljava/util/Spliterator; @ 82 c2
Event: 13.901 Thread 0x00000181eeea5890 DEOPT PACKING pc=0x000001819951e2c4 sp=0x0000000337afe930
Event: 13.901 Thread 0x00000181eeea5890 DEOPT UNPACKING pc=0x0000018198c87da2 sp=0x0000000337afe8c0 mode 2
Event: 13.919 Thread 0x00000181eb538260 Uncommon trap: trap_request=0xffffff45 fr.pc=0x0000018199326608 relative=0x0000000000000328
Event: 13.919 Thread 0x00000181eb538260 Uncommon trap: reason=unstable_if action=reinterpret pc=0x0000018199326608 method=java.util.zip.Inflater.inflate([BII)I @ 31 c2
Event: 13.919 Thread 0x00000181eb538260 DEOPT PACKING pc=0x0000018199326608 sp=0x0000000337ffe7b0
Event: 13.919 Thread 0x00000181eb538260 DEOPT UNPACKING pc=0x0000018198c87da2 sp=0x0000000337ffe740 mode 2
Event: 13.928 Thread 0x00000181eb538260 DEOPT PACKING pc=0x00000181925742ad sp=0x0000000337ffd520
Event: 13.928 Thread 0x00000181eb538260 DEOPT UNPACKING pc=0x0000018198c888e2 sp=0x0000000337ffc9c8 mode 0

Classes loaded (20 events):
Event: 13.805 Loading class java/util/concurrent/Semaphore$FairSync
Event: 13.806 Loading class java/util/concurrent/Semaphore$FairSync done
Event: 13.855 Loading class sun/nio/ch/IOVecWrapper
Event: 13.855 Loading class sun/nio/ch/IOVecWrapper done
Event: 13.855 Loading class sun/nio/ch/AllocatedNativeObject
Event: 13.855 Loading class sun/nio/ch/NativeObject
Event: 13.855 Loading class sun/nio/ch/NativeObject done
Event: 13.855 Loading class sun/nio/ch/AllocatedNativeObject done
Event: 13.855 Loading class sun/nio/ch/IOVecWrapper$Deallocator
Event: 13.856 Loading class sun/nio/ch/IOVecWrapper$Deallocator done
Event: 13.899 Loading class java/util/concurrent/ConcurrentLinkedQueue$CLQSpliterator
Event: 13.899 Loading class java/util/concurrent/ConcurrentLinkedQueue$CLQSpliterator done
Event: 13.901 Loading class java/util/stream/MatchOps$MatchTask
Event: 13.901 Loading class java/util/stream/AbstractShortCircuitTask
Event: 13.901 Loading class java/util/stream/AbstractShortCircuitTask done
Event: 13.901 Loading class java/util/stream/MatchOps$MatchTask done
Event: 13.902 Loading class java/util/concurrent/locks/AbstractQueuedSynchronizer$SharedNode
Event: 13.902 Loading class java/util/concurrent/locks/AbstractQueuedSynchronizer$SharedNode done
Event: 13.922 Loading class java/util/concurrent/ConcurrentHashMap$KeySpliterator
Event: 13.922 Loading class java/util/concurrent/ConcurrentHashMap$KeySpliterator done

Classes unloaded (0 events):
No events

Classes redefined (0 events):
No events

Internal exceptions (20 events):
Event: 10.076 Thread 0x00000181892bfa50 Exception <a 'java/lang/ClassNotFoundException'{0x00000000894a0550}: com/dam/pms/domain/entity/ActivityCustomizer> (0x00000000894a0550) 
thrown [s\open\src\hotspot\share\classfile\systemDictionary.cpp, line 312]
Event: 10.181 Thread 0x00000181892bfa50 Exception <a 'java/lang/IncompatibleClassChangeError'{0x0000000088fded58}: Found class java.lang.Object, but interface was expected> (0x0000000088fded58) 
thrown [s\open\src\hotspot\share\interpreter\linkResolver.cpp, line 840]
Event: 10.427 Thread 0x00000181892bfa50 Exception <a 'java/lang/IncompatibleClassChangeError'{0x0000000088a55d38}: Found class java.lang.Object, but interface was expected> (0x0000000088a55d38) 
thrown [s\open\src\hotspot\share\interpreter\linkResolver.cpp, line 840]
Event: 10.503 Thread 0x00000181892bfa50 Exception <a 'java/lang/NoSuchMethodError'{0x000000008877b758}: 'java.lang.Object java.lang.invoke.DirectMethodHandle$Holder.invokeInterface(java.lang.Object, java.lang.Object, java.lang.Object, java.lang.Object)'> (0x000000008877b758) 
thrown [s\open\src\hotspot\share\interpreter\linkResolver.cpp, line 773]
Event: 10.764 Thread 0x00000181892bfa50 Exception <a 'java/lang/NoSuchMethodError'{0x0000000087ea6ca0}: 'void java.lang.invoke.DirectMethodHandle$Holder.invokeStatic(java.lang.Object, java.lang.Object, int)'> (0x0000000087ea6ca0) 
thrown [s\open\src\hotspot\share\interpreter\linkResolver.cpp, line 773]
Event: 10.813 Thread 0x00000181892bfa50 Exception <a 'java/lang/IncompatibleClassChangeError'{0x0000000087a78b78}: Found class java.lang.Object, but interface was expected> (0x0000000087a78b78) 
thrown [s\open\src\hotspot\share\interpreter\linkResolver.cpp, line 840]
Event: 10.846 Thread 0x00000181892bfa50 Exception <a 'java/lang/NoSuchMethodError'{0x00000000879fcd08}: 'void java.lang.invoke.DirectMethodHandle$Holder.invokeVirtual(java.lang.Object, java.lang.Object, long)'> (0x00000000879fcd08) 
thrown [s\open\src\hotspot\share\interpreter\linkResolver.cpp, line 773]
Event: 10.921 Thread 0x00000181892bfa50 Implicit null exception at 0x00000181993c5f1b to 0x00000181993c64b0
Event: 10.936 Thread 0x00000181892bfa50 Exception <a 'java/lang/IncompatibleClassChangeError'{0x000000008c113cf8}: Found class java.lang.Object, but interface was expected> (0x000000008c113cf8) 
thrown [s\open\src\hotspot\share\interpreter\linkResolver.cpp, line 840]
Event: 11.432 Thread 0x00000181892bfa50 Exception <a 'java/lang/NoSuchMethodError'{0x000000008ade91c8}: 'void java.lang.invoke.DirectMethodHandle$Holder.invokeSpecial(java.lang.Object, java.lang.Object, int, java.lang.Object, java.lang.Object, java.lang.Object, java.lang.Object)'> (0x000000008ade91c8) 
thrown [s\open\src\hotspot\share\interpreter\linkResolver.cpp, line 773]
Event: 11.433 Thread 0x00000181892bfa50 Exception <a 'java/lang/NoSuchMethodError'{0x000000008adeff90}: 'java.lang.Object java.lang.invoke.DirectMethodHandle$Holder.newInvokeSpecial(java.lang.Object, java.lang.Object, int, java.lang.Object, java.lang.Object)'> (0x000000008adeff90) 
thrown [s\open\src\hotspot\share\interpreter\linkResolver.cpp, line 773]
Event: 11.434 Thread 0x00000181892bfa50 Exception <a 'java/lang/NoSuchMethodError'{0x000000008adfa9d0}: 'java.lang.Object java.lang.invoke.DirectMethodHandle$Holder.invokeSpecial(java.lang.Object, java.lang.Object, int, java.lang.Object, int, java.lang.Object)'> (0x000000008adfa9d0) 
thrown [s\open\src\hotspot\share\interpreter\linkResolver.cpp, line 773]
Event: 11.434 Thread 0x00000181892bfa50 Exception <a 'java/lang/NoSuchMethodError'{0x000000008ac021d0}: 'java.lang.Object java.lang.invoke.DirectMethodHandle$Holder.newInvokeSpecial(java.lang.Object, java.lang.Object, int, java.lang.Object, int)'> (0x000000008ac021d0) 
thrown [s\open\src\hotspot\share\interpreter\linkResolver.cpp, line 773]
Event: 11.434 Thread 0x00000181892bfa50 Exception <a 'java/lang/NoSuchMethodError'{0x000000008ac05ff8}: 'java.lang.Object java.lang.invoke.DirectMethodHandle$Holder.invokeSpecial(java.lang.Object, java.lang.Object, java.lang.Object, int, java.lang.Object, int)'> (0x000000008ac05ff8) 
thrown [s\open\src\hotspot\share\interpreter\linkResolver.cpp, line 773]
Event: 13.414 Thread 0x00000181eeea72d0 Exception <a 'java/lang/NoSuchMethodError'{0x000000008a596820}: 'java.lang.Object java.lang.invoke.DirectMethodHandle$Holder.invokeSpecial(java.lang.Object, java.lang.Object, java.lang.Object, java.lang.Object, java.lang.Object, long)'> (0x000000008a596820) 
thrown [s\open\src\hotspot\share\interpreter\linkResolver.cpp, line 773]
Event: 13.414 Thread 0x00000181eeea72d0 Exception <a 'java/lang/NoSuchMethodError'{0x000000008a599f98}: 'java.lang.Object java.lang.invoke.Invokers$Holder.linkToTargetMethod(java.lang.Object, java.lang.Object, java.lang.Object, long, java.lang.Object)'> (0x000000008a599f98) 
thrown [s\open\src\hotspot\share\interpreter\linkResolver.cpp, line 773]
Event: 13.493 Thread 0x00000181eeea72d0 Exception <a 'java/lang/NoSuchMethodError'{0x000000008a2181a0}: 'long java.lang.invoke.DirectMethodHandle$Holder.invokeSpecial(java.lang.Object, java.lang.Object, java.lang.Object, long)'> (0x000000008a2181a0) 
thrown [s\open\src\hotspot\share\interpreter\linkResolver.cpp, line 773]
Event: 13.493 Thread 0x00000181eeea72d0 Exception <a 'java/lang/NoSuchMethodError'{0x000000008a223520}: 'java.lang.Object java.lang.invoke.Invokers$Holder.linkToTargetMethod(java.lang.Object, long, java.lang.Object)'> (0x000000008a223520) 
thrown [s\open\src\hotspot\share\interpreter\linkResolver.cpp, line 773]
Event: 13.662 Thread 0x00000181eeea2410 Exception <a 'java/lang/NoSuchMethodError'{0x000000008acd6228}: 'java.lang.Object java.lang.invoke.DirectMethodHandle$Holder.invokeStatic(java.lang.Object, int, int)'> (0x000000008acd6228) 
thrown [s\open\src\hotspot\share\interpreter\linkResolver.cpp, line 773]
Event: 13.895 Thread 0x00000181eb538260 Exception <a 'java/lang/NoSuchMethodError'{0x0000000089408910}: method resolution failed> (0x0000000089408910) 
thrown [s\open\src\hotspot\share\prims\methodHandles.cpp, line 1144]

ZGC Phase Switch (0 events):
No events

VM Operations (20 events):
Event: 13.440 Executing VM operation: HandshakeAllThreads (Deoptimize)
Event: 13.440 Executing VM operation: HandshakeAllThreads (Deoptimize) done
Event: 13.440 Executing VM operation: Cleanup
Event: 13.440 Executing VM operation: Cleanup done
Event: 13.496 Executing VM operation: HandshakeAllThreads (Deoptimize)
Event: 13.496 Executing VM operation: HandshakeAllThreads (Deoptimize) done
Event: 13.570 Executing VM operation: HandshakeAllThreads (Deoptimize)
Event: 13.570 Executing VM operation: HandshakeAllThreads (Deoptimize) done
Event: 13.694 Executing VM operation: HandshakeAllThreads (Deoptimize)
Event: 13.694 Executing VM operation: HandshakeAllThreads (Deoptimize) done
Event: 13.697 Executing VM operation: HandshakeAllThreads (Deoptimize)
Event: 13.697 Executing VM operation: HandshakeAllThreads (Deoptimize) done
Event: 13.700 Executing VM operation: HandshakeAllThreads (Deoptimize)
Event: 13.700 Executing VM operation: HandshakeAllThreads (Deoptimize) done
Event: 13.705 Executing VM operation: HandshakeAllThreads (Deoptimize)
Event: 13.706 Executing VM operation: HandshakeAllThreads (Deoptimize) done
Event: 13.707 Executing VM operation: HandshakeAllThreads (Deoptimize)
Event: 13.707 Executing VM operation: HandshakeAllThreads (Deoptimize) done
Event: 13.827 Executing VM operation: HandshakeAllThreads (Deoptimize)
Event: 13.827 Executing VM operation: HandshakeAllThreads (Deoptimize) done

Events (20 events):
Event: 11.443 Thread 0x00000181eb53d7b0 Thread added: 0x00000181eb53d7b0
Event: 11.443 Thread 0x00000181eb538f80 Thread added: 0x00000181eb538f80
Event: 11.453 Thread 0x00000181eb537540 Thread added: 0x00000181eb537540
Event: 11.454 Thread 0x00000181eb539ca0 Thread added: 0x00000181eb539ca0
Event: 11.513 Thread 0x00000181892bfa50 Thread exited: 0x00000181892bfa50
Event: 11.513 Thread 0x00000181eb53c400 Thread added: 0x00000181eb53c400
Event: 13.179 Thread 0x00000181eeea4b70 Thread exited: 0x00000181eeea4b70
Event: 13.843 Thread 0x00000181eb53de40 Thread added: 0x00000181eb53de40
Event: 13.845 Thread 0x00000181eb539610 Thread added: 0x00000181eb539610
Event: 13.852 Thread 0x00000181eb53ca90 Thread added: 0x00000181eb53ca90
Event: 13.862 Thread 0x00000181eb53a330 Thread added: 0x00000181eb53a330
Event: 13.901 Thread 0x00000181eb53eb60 Thread added: 0x00000181eb53eb60
Event: 13.904 Thread 0x00000181eb537bd0 Thread added: 0x00000181eb537bd0
Event: 13.907 Thread 0x00000181eb53eb60 Thread exited: 0x00000181eb53eb60
Event: 13.907 Thread 0x00000181eb537bd0 Thread exited: 0x00000181eb537bd0
Event: 13.909 Thread 0x00000181eb53e4d0 Thread added: 0x00000181eb53e4d0
Event: 13.911 Thread 0x00000181eb53a9c0 Thread added: 0x00000181eb53a9c0
Event: 13.914 Thread 0x00000181eb53b050 Thread added: 0x00000181eb53b050
Event: 13.918 Thread 0x00000181eb53e4d0 Thread exited: 0x00000181eb53e4d0
Event: 13.919 Thread 0x00000181eb53a9c0 Thread exited: 0x00000181eb53a9c0


Dynamic libraries:
0x00007ff7eb940000 - 0x00007ff7eb94e000 	C:\Users\Lenovo\.jdks\openjdk-21.0.2\bin\java.exe
0x00007ffd51c70000 - 0x00007ffd51e88000 	C:\WINDOWS\SYSTEM32\ntdll.dll
0x00007ffd4f910000 - 0x00007ffd4f9d4000 	C:\WINDOWS\System32\KERNEL32.DLL
0x00007ffd4ed80000 - 0x00007ffd4f153000 	C:\WINDOWS\System32\KERNELBASE.dll
0x00007ffd4f160000 - 0x00007ffd4f271000 	C:\WINDOWS\System32\ucrtbase.dll
0x00007ffd3c560000 - 0x00007ffd3c57b000 	C:\Users\Lenovo\.jdks\openjdk-21.0.2\bin\VCRUNTIME140.dll
0x00007ffd3c4a0000 - 0x00007ffd3c4b8000 	C:\Users\Lenovo\.jdks\openjdk-21.0.2\bin\jli.dll
0x00007ffd514b0000 - 0x00007ffd51662000 	C:\WINDOWS\System32\USER32.dll
0x00007ffd4f710000 - 0x00007ffd4f736000 	C:\WINDOWS\System32\win32u.dll
0x00007ffd31790000 - 0x00007ffd31a2c000 	C:\WINDOWS\WinSxS\amd64_microsoft.windows.common-controls_6595b64144ccf1df_6.0.22621.6060_none_2712eda17382d24b\COMCTL32.dll
0x00007ffd4fd80000 - 0x00007ffd4fe27000 	C:\WINDOWS\System32\msvcrt.dll
0x00007ffd511a0000 - 0x00007ffd511c9000 	C:\WINDOWS\System32\GDI32.dll
0x00007ffd4f740000 - 0x00007ffd4f85b000 	C:\WINDOWS\System32\gdi32full.dll
0x00007ffd4f470000 - 0x00007ffd4f50a000 	C:\WINDOWS\System32\msvcp_win.dll
0x00007ffd51160000 - 0x00007ffd51191000 	C:\WINDOWS\System32\IMM32.DLL
0x00007ffd3c550000 - 0x00007ffd3c55c000 	C:\Users\Lenovo\.jdks\openjdk-21.0.2\bin\vcruntime140_1.dll
0x00007ffd1f650000 - 0x00007ffd1f6de000 	C:\Users\Lenovo\.jdks\openjdk-21.0.2\bin\msvcp140.dll
0x00007ffcf4410000 - 0x00007ffcf5127000 	C:\Users\Lenovo\.jdks\openjdk-21.0.2\bin\server\jvm.dll
0x00007ffd50e40000 - 0x00007ffd50ef1000 	C:\WINDOWS\System32\ADVAPI32.dll
0x00007ffd51ad0000 - 0x00007ffd51b78000 	C:\WINDOWS\System32\sechost.dll
0x00007ffd4f8e0000 - 0x00007ffd4f908000 	C:\WINDOWS\System32\bcrypt.dll
0x00007ffd51390000 - 0x00007ffd514a8000 	C:\WINDOWS\System32\RPCRT4.dll
0x00007ffd4fd00000 - 0x00007ffd4fd71000 	C:\WINDOWS\System32\WS2_32.dll
0x00007ffd4ec50000 - 0x00007ffd4ec9d000 	C:\WINDOWS\SYSTEM32\POWRPROF.dll
0x00007ffd45460000 - 0x00007ffd45494000 	C:\WINDOWS\SYSTEM32\WINMM.dll
0x00007ffd3f8a0000 - 0x00007ffd3f8aa000 	C:\WINDOWS\SYSTEM32\VERSION.dll
0x00007ffd4ec30000 - 0x00007ffd4ec43000 	C:\WINDOWS\SYSTEM32\UMPDC.dll
0x00007ffd4dd60000 - 0x00007ffd4dd78000 	C:\WINDOWS\SYSTEM32\kernel.appcore.dll
0x00007ffd3c490000 - 0x00007ffd3c49a000 	C:\Users\Lenovo\.jdks\openjdk-21.0.2\bin\jimage.dll
0x00007ffd4c6c0000 - 0x00007ffd4c8f3000 	C:\WINDOWS\SYSTEM32\DBGHELP.DLL
0x00007ffd51720000 - 0x00007ffd51ab1000 	C:\WINDOWS\System32\combase.dll
0x00007ffd50f00000 - 0x00007ffd50fd8000 	C:\WINDOWS\System32\OLEAUT32.dll
0x00007ffd3ec20000 - 0x00007ffd3ec52000 	C:\WINDOWS\SYSTEM32\dbgcore.DLL
0x00007ffd4f280000 - 0x00007ffd4f2fb000 	C:\WINDOWS\System32\bcryptPrimitives.dll
0x00007ffd4b480000 - 0x00007ffd4b48f000 	C:\Users\Lenovo\.jdks\openjdk-21.0.2\bin\instrument.dll
0x00007ffd3b4e0000 - 0x00007ffd3b4ff000 	C:\Users\Lenovo\.jdks\openjdk-21.0.2\bin\java.dll
0x00007ffd502c0000 - 0x00007ffd50b5c000 	C:\WINDOWS\System32\SHELL32.dll
0x00007ffd4f5d0000 - 0x00007ffd4f70f000 	C:\WINDOWS\System32\wintypes.dll
0x00007ffd4cc80000 - 0x00007ffd4d59a000 	C:\WINDOWS\SYSTEM32\windows.storage.dll
0x00007ffd4fa40000 - 0x00007ffd4fb44000 	C:\WINDOWS\System32\SHCORE.dll
0x00007ffd50c00000 - 0x00007ffd50c69000 	C:\WINDOWS\System32\shlwapi.dll
0x00007ffd4ecb0000 - 0x00007ffd4ecd5000 	C:\WINDOWS\SYSTEM32\profapi.dll
0x00007ffd19c80000 - 0x00007ffd19d57000 	C:\Users\Lenovo\.jdks\openjdk-21.0.2\bin\jsvml.dll
0x00007ffd1f610000 - 0x00007ffd1f628000 	C:\Users\Lenovo\.jdks\openjdk-21.0.2\bin\zip.dll
0x00007ffd3c410000 - 0x00007ffd3c420000 	C:\Users\Lenovo\.jdks\openjdk-21.0.2\bin\net.dll
0x00007ffd477b0000 - 0x00007ffd478dc000 	C:\WINDOWS\SYSTEM32\WINHTTP.dll
0x00007ffd4e240000 - 0x00007ffd4e2a9000 	C:\WINDOWS\system32\mswsock.dll
0x00007ffd1f630000 - 0x00007ffd1f646000 	C:\Users\Lenovo\.jdks\openjdk-21.0.2\bin\nio.dll
0x00007ffd3c580000 - 0x00007ffd3c59a000 	C:\Program Files\JetBrains\IntelliJ IDEA Community Edition 2024.1.2\bin\breakgen64.dll
0x00007ffd1f5e0000 - 0x00007ffd1f5e9000 	C:\Users\Lenovo\.jdks\openjdk-21.0.2\bin\extnet.dll
0x00007ffd1a900000 - 0x00007ffd1a90e000 	C:\Users\Lenovo\.jdks\openjdk-21.0.2\bin\sunmscapi.dll
0x00007ffd4f300000 - 0x00007ffd4f468000 	C:\WINDOWS\System32\CRYPT32.dll
0x00007ffd4e630000 - 0x00007ffd4e65e000 	C:\WINDOWS\SYSTEM32\ncrypt.dll
0x00007ffd4e5f0000 - 0x00007ffd4e627000 	C:\WINDOWS\SYSTEM32\NTASN1.dll
0x00007ffd4e490000 - 0x00007ffd4e4ab000 	C:\WINDOWS\SYSTEM32\CRYPTSP.dll
0x00007ffd4dcc0000 - 0x00007ffd4dcf7000 	C:\WINDOWS\system32\rsaenh.dll
0x00007ffd4e330000 - 0x00007ffd4e358000 	C:\WINDOWS\SYSTEM32\USERENV.dll
0x00007ffd4e4b0000 - 0x00007ffd4e4bc000 	C:\WINDOWS\SYSTEM32\CRYPTBASE.dll
0x00007ffd4d840000 - 0x00007ffd4d86d000 	C:\WINDOWS\SYSTEM32\IPHLPAPI.DLL
0x00007ffd50cc0000 - 0x00007ffd50cc9000 	C:\WINDOWS\System32\NSI.dll
0x00007ffd3fd40000 - 0x00007ffd3fd4a000 	C:\Users\Lenovo\.jdks\openjdk-21.0.2\bin\management.dll
0x00007ffd3c6c0000 - 0x00007ffd3c6cb000 	C:\Users\Lenovo\.jdks\openjdk-21.0.2\bin\management_ext.dll
0x00007ffd502b0000 - 0x00007ffd502b8000 	C:\WINDOWS\System32\PSAPI.DLL
0x00007ffd3c6d0000 - 0x00007ffd3c6e0000 	C:\Users\Lenovo\.jdks\openjdk-21.0.2\bin\verify.dll
0x00007ffd0dce0000 - 0x00007ffd0dd25000 	C:\Users\Lenovo\AppData\Local\Temp\jna--2022488749\jna12958484179984957028.dll
0x00007ffd4fb50000 - 0x00007ffd4fcf1000 	C:\WINDOWS\System32\Ole32.dll
0x00007ffd51670000 - 0x00007ffd51720000 	C:\WINDOWS\System32\clbcatq.dll
0x00007ffd27900000 - 0x00007ffd2791d000 	C:\WINDOWS\SYSTEM32\amsi.dll
0x00007ffd25440000 - 0x00007ffd25540000 	C:\Program Files\Avast Software\Avast\aswAMSI.dll
0x00007ffd4d870000 - 0x00007ffd4d968000 	C:\WINDOWS\SYSTEM32\DNSAPI.dll
0x00007ffd3f660000 - 0x00007ffd3f66a000 	C:\Windows\System32\rasadhlp.dll
0x00007ffd3f790000 - 0x00007ffd3f814000 	C:\WINDOWS\System32\fwpuclnt.dll
0x00007ffd3c350000 - 0x00007ffd3c358000 	C:\WINDOWS\system32\wshunix.dll

dbghelp: loaded successfully - version: 4.0.5 - missing functions: none
symbol engine: initialized successfully - sym options: 0x614 - pdb path: .;C:\Users\Lenovo\.jdks\openjdk-21.0.2\bin;C:\WINDOWS\SYSTEM32;C:\WINDOWS\WinSxS\amd64_microsoft.windows.common-controls_6595b64144ccf1df_6.0.22621.6060_none_2712eda17382d24b;C:\Users\Lenovo\.jdks\openjdk-21.0.2\bin\server;C:\Program Files\JetBrains\IntelliJ IDEA Community Edition 2024.1.2\bin;C:\Users\Lenovo\AppData\Local\Temp\jna--2022488749;C:\Program Files\Avast Software\Avast

VM Arguments:
jvm_args: -javaagent:C:\Program Files\JetBrains\IntelliJ IDEA Community Edition 2024.1.2\lib\idea_rt.jar=57648:C:\Program Files\JetBrains\IntelliJ IDEA Community Edition 2024.1.2\bin -Dfile.encoding=UTF-8 -Dsun.stdout.encoding=UTF-8 -Dsun.stderr.encoding=UTF-8 
java_command: com.dam.pms.Main
java_class_path (initial): D:\Master\DAM2\Proiect_SAM3.2\target\classes;C:\Users\Lenovo\.m2\repository\com\vaadin\vaadin-spring-boot-starter\24.3.5\vaadin-spring-boot-starter-24.3.5.jar;C:\Users\Lenovo\.m2\repository\com\vaadin\vaadin-spring\24.3.5\vaadin-spring-24.3.5.jar;C:\Users\Lenovo\.m2\repository\com\vaadin\flow-server\24.3.5\flow-server-24.3.5.jar;C:\Users\Lenovo\.m2\repository\com\vaadin\servletdetector\throw-if-servlet3\1.0.2\throw-if-servlet3-1.0.2.jar;C:\Users\Lenovo\.m2\repository\com\vaadin\external\gwt\gwt-elemental\2.8.2.vaadin2\gwt-elemental-2.8.2.vaadin2.jar;C:\Users\Lenovo\.m2\repository\org\apache\commons\commons-fileupload2-jakarta\2.0.0-M1\commons-fileupload2-jakarta-2.0.0-M1.jar;C:\Users\Lenovo\.m2\repository\org\apache\commons\commons-fileupload2-core\2.0.0-M1\commons-fileupload2-core-2.0.0-M1.jar;C:\Users\Lenovo\.m2\repository\commons-io\commons-io\2.15.0\commons-io-2.15.0.jar;C:\Users\Lenovo\.m2\repository\com\fasterxml\jackson\core\jackson-core\2.15.3\jackson-core-2.15.3.jar;C:\Users\Lenovo\.m2\repository\org\jsoup\jsoup\1.17.2\jsoup-1.17.2.jar;C:\Users\Lenovo\.m2\repository\com\helger\ph-css\7.0.1\ph-css-7.0.1.jar;C:\Users\Lenovo\.m2\repository\com\helger\commons\ph-commons\11.1.0\ph-commons-11.1.0.jar;C:\Users\Lenovo\.m2\repository\org\ow2\asm\asm\9.6\asm-9.6.jar;C:\Users\Lenovo\.m2\repository\com\vaadin\external\gentyref\1.2.0.vaadin1\gentyref-1.2.0.vaadin1.jar;C:\Users\Lenovo\.m2\repository\org\apache\commons\commons-compress\1.25.0\commons-compress-1.25.0.jar;C:\Users\Lenovo\.m2\repository\com\vaadin\flow-push\24.3.5\flow-push-24.3.5.jar;C:\Users\Lenovo\.m2\repository\com\vaadin\external\atmosphere\atmosphere-runtime\3.0.3.slf4jvaadin2\atmosphere-runtime-3.0.3.slf4jvaadin2.jar;C:\Users\Lenovo\.m2\repository\com\vaadin\flow-client\24.3.5\flow-client-24.3.5.jar;C:\Users\Lenovo\.m2\repository\org\springframework\spring-websocket\6.1.1\spring-websocket-6.1.1.jar;C:\Users\Lenovo\.m2\repository\org\hibernate\validator\hibernate-validator\8.0.1.Final\hibernate-validator-8.0.1.Final.jar;C:\Users\Lenovo\.m2\repository\jakarta\validation\jakarta.validation-api\3.0.2\jakarta.validation-api-3.0.2.jar;C:\Users\Lenovo\.m2\repository\org\reflections\reflections\0.10.2\reflections-0.10.2.jar;C:\Users\Lenovo\.m2\repository\org\javassist\javassist\3.28.0-GA\javassist-3.28.0-GA.jar;C:\Users\Lenovo\.m2\repository\com\google\code\findbugs\jsr305\3.0.2\jsr305-3.0.2.jar;C:\Users\Lenovo\.m2\repository\com\vaadin\vaadin-core\24.3.5\vaadin-core-24.3.5.jar;C:\Users\Lenovo\.m2\repository\com\vaadin\vaadin-core-internal\24.3.5\vaadin-core-internal-24.3.5.jar;C:\Users\Lenovo\.m2\repository\com\vaadin\flow-lit-template\24.3.5\flow-lit-template-24.3.5.jar;C:\Users\Lenovo\.m2\repository\com\vaadin\flow-html-components\24.3.5\flow-html-components-24.3.5.jar;C:\Users\Lenovo\.m2\repository\com\vaadin\flow-data\24.3.5\flow-data-24.3.5.jar;C:\Users\Lenovo\.m2\repository\com\vaadin\flow-dnd\24.3.5\flow-dnd-24.3.5.jar;C:\Users\Lenovo\.m2\repository\com\vaadin\vaadin-lumo-theme\24.3.5\vaadin-lumo-theme-24.3.5.jar;C:\Users\Lenovo\.m2\repository\com\vaadin\vaadin-material-theme\24.3.5\vaadin-material-theme-24.3.5.jar;C:\Users\Lenovo\.m2\repository\com\vaadin\vaadin-accordion-flow\24.3.5\vaadin-accordion-flow-24.3.5.jar;C:\Users\Lenovo\.m2\repository\com\vaadin\vaadin-avatar-flow\24.3.5\vaadin-avatar-flow-24.3.5.jar;C:\Users\Lenovo\.m2\repository\com\vaadin\vaadin-flow-components-base\24.3.5\vaadin-flow-components-base-24.3.5.jar;C:\Users\Lenovo\.m2\repository\com\vaadin\vaadin-button-flow\24.3.5\vaadin-button-flow-24.3.5.jar;C:\Users\Lenovo\.m2\repository\com\vaadin\vaadin-checkbox-flow\24.3.5\vaadin-checkbox-flow-24.3.5.jar;C:\Users\Lenovo\.m2\repository\com\vaadin\vaadin-combo-box-flow\24.3.5\vaadin-combo-box-flow-24.3.5.jar;C:\Users\Lenovo\.m2\repository\com\vaadin\vaadin-confirm-dialog-flow\24.3.5\vaadin-confirm-dialog-flow-24.3.5.jar;C:\Users\Lenovo\.m2\repository\com\vaadin\vaadin-custom-field-flow\24.3.5\vaadin-custom-field-flow-24.3.5.jar;C:\Users\Lenovo\.m2\repository\com\vaadin\vaadin-date-picker-flow\24.3.5\vaadin-date-picker-flow-24.3.5.jar;C:\Users\Lenovo\.m2\repository\com\vaadin\vaadin-date-time-picker-flow\24.3.5\vaadin-date-time-picker-flow-24.3.5.jar;C:\Users\Lenovo\.m2\repository\com\vaadin\vaadin-details-flow\24.3.5\vaadin-details-flow-24.3.5.jar;C:\Users\Lenovo\.m2\repository\com\vaadin\vaadin-time-picker-flow\24.3.5\vaadin-time-picker-flow-24.3.5.jar;C:\Users\Lenovo\.m2\repository\com\vaadin\vaadin-select-flow\24.3.5\vaadin-select-flow-24.3.5.jar;C:\Users\Lenovo\.m2\repository\com\vaadin\vaadin-side-nav-flow\24.3.5\vaadin-side-nav-flow-24.3.5.jar;C:\Users\Lenovo\.m2\repository\com\vaadin\vaadin-dialog-flow\24.3.5\vaadin-dialog-flow-24.3.5.jar;C:\Users\Lenovo\.m2\repository\com\vaadin\vaadin-form-layout-flow\24.3.5\vaadin-form-layout-flow-24.3.5.jar;C:\Users\Lenovo\.m2\repository\com\vaadin\vaadin-field-highlighter-flow\24.3.5\vaadin-field-highlighter-flow-24.3.5.jar;C:\Users\Lenovo\.m2\repository\com\vaadin\vaadin-grid-flow\24.3.5\vaadin-grid-flow-24.3.5.jar;C:\Users\Lenovo\.m2\repository\org\apache\commons\commons-lang3\3.13.0\commons-lang3-3.13.0.jar;C:\Users\Lenovo\.m2\repository\com\vaadin\vaadin-icons-flow\24.3.5\vaadin-icons-flow-24.3.5.jar;C:\Users\Lenovo\.m2\repository\com\vaadin\vaadin-virtual-list-flow\24.3.5\vaadin-virtual-list-flow-24.3.5.jar;C:\Users\Lenovo\.m2\repository\com\vaadin\vaadin-list-box-flow\24.3.5\vaadin-list-box-flow-24.3.5.jar;C:\Users\Lenovo\.m2\repository\com\vaadin\vaadin-login-flow\24.3.5\vaadin-login-flow-24.3.5.jar;C:\Users\Lenovo\.m2\repository\com\vaadin\vaadin-messages-flow\24.3.5\vaadin-messages-flow-24.3.5.jar;C:\Users\Lenovo\.m2\repository\com\vaadin\vaadin-ordered-layout-flow\24.3.5\vaadin-ordered-layout-flow-24.3.5.jar;C:\Users\Lenovo\.m2\repository\com\vaadin\vaadin-progress-bar-flow\24.3.5\vaadin-progress-bar-flow-24.3.5.jar;C:\Users\Lenovo\.m2\repository\com\vaadin\vaadin-radio-button-flow\24.3.5\vaadin-radio-button-flow-24.3.5.jar;C:\Users\Lenovo\.m2\repository\com\vaadin\vaadin-renderer-flow\24.3.5\vaadin-renderer-flow-24.3.5.jar;C:\Users\Lenovo\.m2\repository\com\vaadin\vaadin-split-layout-flow\24.3.5\vaadin-split-layout-flow-24.3.5.jar;C:\Users\Lenovo\.m2\repository\com\vaadin\vaadin-tabs-flow\24.3.5\vaadin-tabs-flow-24.3.5.jar;C:\Users\Lenovo\.m2\repository\com\vaadin\vaadin-text-field-flow\24.3.5\vaadin-text-field-flow-24.3.5.jar;C:\Users\Lenovo\.m2\repository\com\vaadin\vaadin-upload-flow\24.3.5\vaadin-upload-flow-24.3.5.jar;C:\Users\Lenovo\.m2\repository\com\vaadin\vaadin-notification-flow\24.3.5\vaadin-notification-flow-24.3.5.jar;C:\Users\Lenovo\.m2\repository\com\vaadin\vaadin-app-layout-flow\24.3.5\vaadin-app-layout-flow-24.3.5.jar;C:\Users\Lenovo\.m2\repository\com\vaadin\vaadin-context-menu-flow\24.3.5\vaadin-context-menu-flow-24.3.5.jar;C:\Users\Lenovo\.m2\repository\com\vaadin\vaadin-menu-bar-flow\24.3.5\vaadin-menu-bar-flow-24.3.5.jar;C:\Users\Lenovo\.m2\repository\com\vaadin\vaadin-dev\24.3.5\vaadin-dev-24.3.5.jar;C:\Users\Lenovo\.m2\repository\com\vaadin\vaadin-dev-server\24.3.5\vaadin-dev-server-24.3.5.jar;C:\Users\Lenovo\.m2\repository\com\vaadin\license-checker\1.12.7\license-checker-1.12.7.jar;C:\Users\Lenovo\.m2\repository\com\github\oshi\oshi-core\6.4.10\oshi-core-6.4.10.jar;C:\Users\Lenovo\.m2\repository\net\java\dev\jna\jna\5.14.0\jna-5.14.0.jar;C:\Users\Lenovo\.m2\repository\net\java\dev\jna\jna-platform\5.14.0\jna-platform-5.14.0.jar;C:\Users\Lenovo\.m2\repository\com\nimbusds\nimbus-jose-jwt\9.31\nimbus-jose-jwt-9.31.jar;C:\Users\Lenovo\.m2\repository\org\lucee\jcip-annotations\1.0.0\jcip-annotations-1.0.0.jar;C:\Users\Lenovo\.m2\repository\com\vaadin\open\8.5.0\open-8.5.0.jar;C:\Users\Lenovo\.m2\repository\com\github\javaparser\javaparser-core\3.25.6\javaparser-core-3.25.6.jar;C:\Users\Lenovo\.m2\repository\io\methvin\directory-watcher\0.18.0\directory-watcher-0.18.0.jar;C:\Users\Lenovo\.m2\repository\com\vaadin\vaadin-dev-bundle\24.3.5\vaadin-dev-bundle-24.3.5.jar;C:\Users\Lenovo\.m2\repository\org\springframework\boot\spring-boot-starter-web\3.2.0\spring-boot-starter-web-3.2.0.jar;C:\Users\Lenovo\.m2\repository\org\springframework\boot\spring-boot-starter\3.2.0\spring-boot-starter-3.2.0.jar;C:\Users\Lenovo\.m2\repository\org\springframework\boot\spring-boot\3.2.0\spring-boot-3.2.0.jar;C:\Users\Lenovo\.m2\repository\org\springframework\boot\spring-boot-autoconfigure\3.2.0\spring-boot-autoconfigure-3.2.0.jar;C:\Users\Lenovo\.m2\repository\org\springframework\boot\spring-boot-starter-logging\3.2.0\spring-boot-starter-logging-3.2.0.jar;C:\Users\Lenovo\.m2\repository\ch\qos\logback\logback-classic\1.4.11\logback-classic-1.4.11.jar;C:\Users\Lenovo\.m2\repository\ch\qos\logback\logback-core\1.4.11\logback-core-1.4.11.jar;C:\Users\Lenovo\.m2\repository\org\apache\logging\log4j\log4j-to-slf4j\2.21.1\log4j-to-slf4j-2.21.1.jar;C:\Users\Lenovo\.m2\repository\org\apache\logging\log4j\log4j-api\2.21.1\log4j-api-2.21.1.jar;C:\Users\Lenovo\.m2\repository\org\slf4j\jul-to-slf4j\2.0.9\jul-to-slf4j-2.0.9.jar;C:\Users\Lenovo\.m2\repository\jakarta\annotation\jakarta.annotation-api\2.1.1\jakarta.annotation-api-2.1.1.jar;C:\Users\Lenovo\.m2\repository\org\yaml\snakeyaml\2.2\snakeyaml-2.2.jar;C:\Users\Lenovo\.m2\repository\org\springframework\boot\spring-boot-starter-json\3.2.0\spring-boot-starter-json-3.2.0.jar;C:\Users\Lenovo\.m2\repository\com\fasterxml\jackson\core\jackson-databind\2.15.3\jackson-databind-2.15.3.jar;C:\Users\Lenovo\.m2\repository\com\fasterxml\jackson\core\jackson-annotations\2.15.3\jackson-annotations-2.15.3.jar;C:\Users\Lenovo\.m2\repository\com\fasterxml\jackson\datatype\jackson-datatype-jdk8\2.15.3\jackson-datatype-jdk8-2.15.3.jar;C:\Users\Lenovo\.m2\repository\com\fasterxml\jackson\datatype\jackson-datatype-jsr310\2.15.3\jackson-datatype-jsr310-2.15.3.jar;C:\Users\Lenovo\.m2\repository\com\fasterxml\jackson\module\jackson-module-parameter-names\2.15.3\jackson-module-parameter-names-2.15.3.jar;C:\Users\Lenovo\.m2\repository\org\springframework\boot\spring-boot-starter-tomcat\3.2.0\spring-boot-starter-tomcat-3.2.0.jar;C:\Users\Lenovo\.m2\repository\org\apache\tomcat\embed\tomcat-embed-core\10.1.16\tomcat-embed-core-10.1.16.jar;C:\Users\Lenovo\.m2\repository\org\apache\tomcat\embed\tomcat-embed-el\10.1.16\tomcat-embed-el-10.1.16.jar;C:\Users\Lenovo\.m2\repository\org\apache\tomcat\embed\tomcat-embed-websocket\10.1.16\tomcat-embed-websocket-10.1.16.jar;C:\Users\Lenovo\.m2\repository\org\springframework\spring-web\6.1.1\spring-web-6.1.1.jar;C:\Users\Lenovo\.m2\repository\org\springframework\spring-beans\6.1.1\spring-beans-6.1.1.jar;C:\Users\Lenovo\.m2\repository\io\micrometer\micrometer-observation\1.12.0\micrometer-observation-1.12.0.jar;C:\Users\Lenovo\.m2\repository\io\micrometer\micrometer-commons\1.12.0\micrometer-commons-1.12.0.jar;C:\Users\Lenovo\.m2\repository\org\springframework\spring-webmvc\6.1.1\spring-webmvc-6.1.1.jar;C:\Users\Lenovo\.m2\repository\org\springframework\spring-aop\6.1.1\spring-aop-6.1.1.jar;C:\Users\Lenovo\.m2\repository\org\springframework\spring-context\6.1.1\spring-context-6.1.1.jar;C:\Users\Lenovo\.m2\repository\org\springframework\spring-expression\6.1.1\spring-expression-6.1.1.jar;C:\Users\Lenovo\.m2\repository\org\springframework\boot\spring-boot-starter-data-jpa\3.2.0\spring-boot-starter-data-jpa-3.2.0.jar;C:\Users\Lenovo\.m2\repository\org\springframework\boot\spring-boot-starter-aop\3.2.0\spring-boot-starter-aop-3.2.0.jar;C:\Users\Lenovo\.m2\repository\org\aspectj\aspectjweaver\1.9.20.1\aspectjweaver-1.9.20.1.jar;C:\Users\Lenovo\.m2\repository\org\springframework\boot\spring-boot-starter-jdbc\3.2.0\spring-boot-starter-jdbc-3.2.0.jar;C:\Users\Lenovo\.m2\repository\com\zaxxer\HikariCP\5.0.1\HikariCP-5.0.1.jar;C:\Users\Lenovo\.m2\repository\org\springframework\spring-jdbc\6.1.1\spring-jdbc-6.1.1.jar;C:\Users\Lenovo\.m2\repository\org\hibernate\orm\hibernate-core\6.3.1.Final\hibernate-core-6.3.1.Final.jar;C:\Users\Lenovo\.m2\repository\jakarta\persistence\jakarta.persistence-api\3.1.0\jakarta.persistence-api-3.1.0.jar;C:\Users\Lenovo\.m2\repository\jakarta\transaction\jakarta.transaction-api\2.0.1\jakarta.transaction-api-2.0.1.jar;C:\Users\Lenovo\.m2\repository\org\jboss\logging\jboss-logging\3.5.3.Final\jboss-logging-3.5.3.Final.jar;C:\Users\Lenovo\.m2\repository\org\hibernate\common\hibernate-commons-annotations\6.0.6.Final\hibernate-commons-annotations-6.0.6.Final.jar;C:\Users\Lenovo\.m2\repository\io\smallrye\jandex\3.1.2\jandex-3.1.2.jar;C:\Users\Lenovo\.m2\repository\com\fasterxml\classmate\1.6.0\classmate-1.6.0.jar;C:\Users\Lenovo\.m2\repository\net\bytebuddy\byte-buddy\1.14.10\byte-buddy-1.14.10.jar;C:\Users\Lenovo\.m2\repository\org\glassfish\jaxb\jaxb-runtime\4.0.4\jaxb-runtime-4.0.4.jar;C:\Users\Lenovo\.m2\repository\org\glassfish\jaxb\jaxb-core\4.0.4\jaxb-core-4.0.4.jar;C:\Users\Lenovo\.m2\repository\org\eclipse\angus\angus-activation\2.0.1\angus-activation-2.0.1.jar;C:\Users\Lenovo\.m2\repository\org\glassfish\jaxb\txw2\4.0.4\txw2-4.0.4.jar;C:\Users\Lenovo\.m2\repository\com\sun\istack\istack-commons-runtime\4.1.2\istack-commons-runtime-4.1.2.jar;C:\Users\Lenovo\.m2\repository\jakarta\inject\jakarta.inject-api\2.0.1\jakarta.inject-api-2.0.1.jar;C:\Users\Lenovo\.m2\repository\org\antlr\antlr4-runtime\4.10.1\antlr4-runtime-4.10.1.jar;C:\Users\Lenovo\.m2\repository\org\springframework\data\spring-data-jpa\3.2.0\spring-data-jpa-3.2.0.jar;C:\Users\Lenovo\.m2\repository\org\springframework\data\spring-data-commons\3.2.0\spring-data-commons-3.2.0.jar;C:\Users\Lenovo\.m2\repository\org\springframework\spring-orm\6.1.1\spring-orm-6.1.1.jar;C:\Users\Lenovo\.m2\repository\org\springframework\spring-tx\6.1.1\spring-tx-6.1.1.jar;C:\Users\Lenovo\.m2\repository\org\slf4j\slf4j-api\2.0.9\slf4j-api-2.0.9.jar;C:\Users\Lenovo\.m2\repository\org\springframework\spring-aspects\6.1.1\spring-aspects-6.1.1.jar;C:\Users\Lenovo\.m2\repository\org\postgresql\postgresql\42.6.0\postgresql-42.6.0.jar;C:\Users\Lenovo\.m2\repository\org\checkerframework\checker-qual\3.31.0\checker-qual-3.31.0.jar;C:\Users\Lenovo\.m2\repository\com\h2database\h2\2.2.224\h2-2.2.224.jar;C:\Users\Lenovo\.m2\repository\org\projectlombok\lombok\1.18.30\lombok-1.18.30.jar;C:\Users\Lenovo\.m2\repository\jakarta\xml\bind\jakarta.xml.bind-api\4.0.1\jakarta.xml.bind-api-4.0.1.jar;C:\Users\Lenovo\.m2\repository\jakarta\activation\jakarta.activation-api\2.1.2\jakarta.activation-api-2.1.2.jar;C:\Users\Lenovo\.m2\repository\org\springframework\spring-core\6.1.1\spring-core-6.1.1.jar;C:\Users\Lenovo\.m2\repository\org\springframework\spring-jcl\6.1.1\spring-jcl-6.1.1.jar;C:\Users\Lenovo\.m2\repository\org\jetbrains\kotlin\kotlin-stdlib-jdk8\1.9.23\kotlin-stdlib-jdk8-1.9.23.jar;C:\Users\Lenovo\.m2\repository\org\jetbrains\kotlin\kotlin-stdlib\1.9.23\kotlin-stdlib-1.9.23.jar;C:\Users\Lenovo\.m2\repository\org\jetbrains\annotations\13.0\annotations-13.0.jar;C:\Users\Lenovo\.m2\repository\org\jetbrains\kotlin\kotlin-stdlib-jdk7\1.9.23\kotlin-stdlib-jdk7-1.9.23.jar
Launcher Type: SUN_STANDARD

[Global flags]
     intx CICompilerCount                          = 3                                         {product} {ergonomic}
     uint ConcGCThreads                            = 1                                         {product} {ergonomic}
     uint G1ConcRefinementThreads                  = 4                                         {product} {ergonomic}
   size_t G1HeapRegionSize                         = 1048576                                   {product} {ergonomic}
    uintx GCDrainStackTargetSize                   = 64                                        {product} {ergonomic}
   size_t InitialHeapSize                          = 132120576                                 {product} {ergonomic}
   size_t MarkStackSize                            = 4194304                                   {product} {ergonomic}
   size_t MaxHeapSize                              = 2090860544                                {product} {ergonomic}
   size_t MaxNewSize                               = 1254096896                                {product} {ergonomic}
   size_t MinHeapDeltaBytes                        = 1048576                                   {product} {ergonomic}
   size_t MinHeapSize                              = 8388608                                   {product} {ergonomic}
    uintx NonNMethodCodeHeapSize                   = 5832780                                {pd product} {ergonomic}
    uintx NonProfiledCodeHeapSize                  = 122912730                              {pd product} {ergonomic}
    uintx ProfiledCodeHeapSize                     = 122912730                              {pd product} {ergonomic}
    uintx ReservedCodeCacheSize                    = 251658240                              {pd product} {ergonomic}
     bool SegmentedCodeCache                       = true                                      {product} {ergonomic}
   size_t SoftMaxHeapSize                          = 2090860544                             {manageable} {ergonomic}
     bool UseCompressedOops                        = true                           {product lp64_product} {ergonomic}
     bool UseG1GC                                  = true                                      {product} {ergonomic}
     bool UseLargePagesIndividualAllocation        = false                                  {pd product} {ergonomic}

Logging:
Log output configuration:
 #0: stdout all=warning uptime,level,tags foldmultilines=false
 #1: stderr all=off uptime,level,tags foldmultilines=false

Environment Variables:
JAVA_HOME=C:\Program Files\Microsoft\jdk-17.0.13.11-hotspot\
PATH=C:\Program Files\Microsoft\jdk-17.0.13.11-hotspot\bin;C:\WINDOWS\system32;C:\WINDOWS;C:\WINDOWS\System32\Wbem;C:\WINDOWS\System32\WindowsPowerShell\v1.0\;C:\WINDOWS\System32\OpenSSH\;C:\Program Files\dotnet\;C:\Program Files\Microsoft SQL Server\150\Tools\Binn\;C:\Program Files\Microsoft SQL Server\Client SDK\ODBC\170\Tools\Binn\;C:\ProgramData\chocolatey\bin;C:\Program Files\nodejs\;D:\Alma_linux\Putty\;C:\Program Files\Git\cmd;C:\Users\Lenovo\AppData\Local\Microsoft\WindowsApps;C:\Users\Lenovo\.dotnet\tools;D:\IntelliJ IDEA 2023.3.5\bin;;C:\Users\Lenovo\AppData\Local\Programs\Microsoft VS Code\bin;C:\ProgramData\chocolatey\bin;C:\Users\Lenovo\AppData\Roaming\npm
USERNAME=Lenovo
OS=Windows_NT
PROCESSOR_IDENTIFIER=Intel64 Family 6 Model 140 Stepping 2, GenuineIntel
TMP=C:\Users\Lenovo\AppData\Local\Temp
TEMP=C:\Users\Lenovo\AppData\Local\Temp




Periodic native trim disabled

---------------  S Y S T E M  ---------------

OS:
 Windows 11 , 64 bit Build 22621 (10.0.22621.5415)
OS uptime: 0 days 5:26 hours

CPU: total 4 (initial active 4) (2 cores per cpu, 2 threads per core) family 6 model 140 stepping 2 microcode 0x26, cx8, cmov, fxsr, ht, mmx, 3dnowpref, sse, sse2, sse3, ssse3, sse4.1, sse4.2, popcnt, lzcnt, tsc, tscinvbit, avx, avx2, aes, erms, clmul, bmi1, bmi2, adx, avx512f, avx512dq, avx512cd, avx512bw, avx512vl, sha, fma, vzeroupper, avx512_vpopcntdq, avx512_vpclmulqdq, avx512_vaes, avx512_vnni, clflush, clflushopt, clwb, avx512_vbmi2, avx512_vbmi, rdtscp, rdpid, fsrm, gfni, avx512_bitalg, f16c, pku, cet_ibt, cet_ss, avx512_ifma
Processor Information for all 4 processors :
  Max Mhz: 2995, Current Mhz: 2995, Mhz Limit: 2995

Memory: 4k page, system-wide physical 7975M (314M free)
TotalPageFile size 15415M (AvailPageFile size 35M)
current process WorkingSet (physical memory assigned to process): 403M, peak: 406M
current process commit charge ("private bytes"): 429M, peak: 432M

vm_info: OpenJDK 64-Bit Server VM (21.0.2+13-58) for windows-amd64 JRE (21.0.2+13-58), built on 2024-01-05T18:32:24Z by "mach5one" with MS VC++ 17.1 (VS2022)

END.
